{"/home/marusoft/Downloads/Auto-Mart/server/test/carTest.js":{"path":"/home/marusoft/Downloads/Auto-Mart/server/test/carTest.js","statementMap":{"0":{"start":{"line":3,"column":12},"end":{"line":3,"column":51}},"1":{"start":{"line":5,"column":16},"end":{"line":5,"column":60}},"2":{"start":{"line":7,"column":13},"end":{"line":7,"column":29}},"3":{"start":{"line":9,"column":11},"end":{"line":9,"column":52}},"4":{"start":{"line":11,"column":39},"end":{"line":11,"column":93}},"5":{"start":{"line":16,"column":4},"end":{"line":16,"column":17}},"6":{"start":{"line":17,"column":0},"end":{"line":17,"column":9}},"7":{"start":{"line":19,"column":0},"end":{"line":19,"column":37}},"8":{"start":{"line":21,"column":19},"end":{"line":21,"column":28}},"9":{"start":{"line":22,"column":18},"end":{"line":22,"column":39}},"10":{"start":{"line":24,"column":18},"end":{"line":24,"column":453}},"11":{"start":{"line":26,"column":0},"end":{"line":40,"column":3}},"12":{"start":{"line":27,"column":2},"end":{"line":39,"column":5}},"13":{"start":{"line":28,"column":4},"end":{"line":38,"column":7}},"14":{"start":{"line":29,"column":27},"end":{"line":32,"column":7}},"15":{"start":{"line":34,"column":6},"end":{"line":37,"column":9}},"16":{"start":{"line":35,"column":8},"end":{"line":35,"column":41}},"17":{"start":{"line":36,"column":8},"end":{"line":36,"column":18}},"18":{"start":{"line":42,"column":0},"end":{"line":143,"column":3}},"19":{"start":{"line":43,"column":2},"end":{"line":142,"column":5}},"20":{"start":{"line":44,"column":4},"end":{"line":51,"column":7}},"21":{"start":{"line":45,"column":6},"end":{"line":50,"column":9}},"22":{"start":{"line":46,"column":8},"end":{"line":46,"column":40}},"23":{"start":{"line":47,"column":8},"end":{"line":47,"column":50}},"24":{"start":{"line":48,"column":8},"end":{"line":48,"column":53}},"25":{"start":{"line":49,"column":8},"end":{"line":49,"column":18}},"26":{"start":{"line":52,"column":4},"end":{"line":58,"column":7}},"27":{"start":{"line":53,"column":6},"end":{"line":57,"column":9}},"28":{"start":{"line":54,"column":8},"end":{"line":54,"column":40}},"29":{"start":{"line":55,"column":8},"end":{"line":55,"column":51}},"30":{"start":{"line":56,"column":8},"end":{"line":56,"column":18}},"31":{"start":{"line":59,"column":4},"end":{"line":65,"column":7}},"32":{"start":{"line":60,"column":6},"end":{"line":64,"column":9}},"33":{"start":{"line":61,"column":8},"end":{"line":61,"column":40}},"34":{"start":{"line":62,"column":8},"end":{"line":62,"column":51}},"35":{"start":{"line":63,"column":8},"end":{"line":63,"column":18}},"36":{"start":{"line":66,"column":4},"end":{"line":72,"column":7}},"37":{"start":{"line":67,"column":6},"end":{"line":71,"column":9}},"38":{"start":{"line":68,"column":8},"end":{"line":68,"column":40}},"39":{"start":{"line":69,"column":8},"end":{"line":69,"column":51}},"40":{"start":{"line":70,"column":8},"end":{"line":70,"column":18}},"41":{"start":{"line":73,"column":4},"end":{"line":79,"column":7}},"42":{"start":{"line":74,"column":6},"end":{"line":78,"column":9}},"43":{"start":{"line":75,"column":8},"end":{"line":75,"column":40}},"44":{"start":{"line":76,"column":8},"end":{"line":76,"column":51}},"45":{"start":{"line":77,"column":8},"end":{"line":77,"column":18}},"46":{"start":{"line":80,"column":4},"end":{"line":86,"column":7}},"47":{"start":{"line":81,"column":6},"end":{"line":85,"column":9}},"48":{"start":{"line":82,"column":8},"end":{"line":82,"column":40}},"49":{"start":{"line":83,"column":8},"end":{"line":83,"column":51}},"50":{"start":{"line":84,"column":8},"end":{"line":84,"column":18}},"51":{"start":{"line":87,"column":4},"end":{"line":105,"column":7}},"52":{"start":{"line":88,"column":6},"end":{"line":104,"column":9}},"53":{"start":{"line":89,"column":8},"end":{"line":96,"column":11}},"54":{"start":{"line":90,"column":10},"end":{"line":95,"column":13}},"55":{"start":{"line":91,"column":12},"end":{"line":91,"column":44}},"56":{"start":{"line":92,"column":12},"end":{"line":92,"column":45}},"57":{"start":{"line":93,"column":12},"end":{"line":93,"column":74}},"58":{"start":{"line":94,"column":12},"end":{"line":94,"column":22}},"59":{"start":{"line":97,"column":8},"end":{"line":103,"column":11}},"60":{"start":{"line":98,"column":10},"end":{"line":102,"column":13}},"61":{"start":{"line":99,"column":12},"end":{"line":99,"column":44}},"62":{"start":{"line":100,"column":12},"end":{"line":100,"column":54}},"63":{"start":{"line":101,"column":12},"end":{"line":101,"column":22}},"64":{"start":{"line":106,"column":4},"end":{"line":113,"column":7}},"65":{"start":{"line":107,"column":6},"end":{"line":112,"column":9}},"66":{"start":{"line":108,"column":8},"end":{"line":108,"column":40}},"67":{"start":{"line":109,"column":8},"end":{"line":109,"column":53}},"68":{"start":{"line":110,"column":8},"end":{"line":110,"column":65}},"69":{"start":{"line":111,"column":8},"end":{"line":111,"column":18}},"70":{"start":{"line":114,"column":4},"end":{"line":121,"column":7}},"71":{"start":{"line":115,"column":6},"end":{"line":120,"column":9}},"72":{"start":{"line":116,"column":8},"end":{"line":116,"column":40}},"73":{"start":{"line":117,"column":8},"end":{"line":117,"column":51}},"74":{"start":{"line":118,"column":8},"end":{"line":118,"column":81}},"75":{"start":{"line":119,"column":8},"end":{"line":119,"column":18}},"76":{"start":{"line":122,"column":4},"end":{"line":129,"column":7}},"77":{"start":{"line":123,"column":6},"end":{"line":128,"column":9}},"78":{"start":{"line":124,"column":8},"end":{"line":124,"column":40}},"79":{"start":{"line":125,"column":8},"end":{"line":125,"column":41}},"80":{"start":{"line":126,"column":8},"end":{"line":126,"column":51}},"81":{"start":{"line":127,"column":8},"end":{"line":127,"column":18}},"82":{"start":{"line":130,"column":4},"end":{"line":135,"column":7}},"83":{"start":{"line":131,"column":6},"end":{"line":134,"column":9}},"84":{"start":{"line":132,"column":8},"end":{"line":132,"column":51}},"85":{"start":{"line":133,"column":8},"end":{"line":133,"column":18}},"86":{"start":{"line":136,"column":4},"end":{"line":141,"column":7}},"87":{"start":{"line":137,"column":6},"end":{"line":140,"column":9}},"88":{"start":{"line":138,"column":8},"end":{"line":138,"column":51}},"89":{"start":{"line":139,"column":8},"end":{"line":139,"column":18}},"90":{"start":{"line":145,"column":0},"end":{"line":496,"column":3}},"91":{"start":{"line":146,"column":2},"end":{"line":495,"column":5}},"92":{"start":{"line":147,"column":4},"end":{"line":166,"column":7}},"93":{"start":{"line":148,"column":25},"end":{"line":156,"column":7}},"94":{"start":{"line":158,"column":6},"end":{"line":163,"column":9}},"95":{"start":{"line":159,"column":8},"end":{"line":159,"column":40}},"96":{"start":{"line":160,"column":8},"end":{"line":160,"column":41}},"97":{"start":{"line":161,"column":8},"end":{"line":161,"column":48}},"98":{"start":{"line":162,"column":8},"end":{"line":162,"column":77}},"99":{"start":{"line":165,"column":6},"end":{"line":165,"column":13}},"100":{"start":{"line":167,"column":4},"end":{"line":186,"column":7}},"101":{"start":{"line":168,"column":25},"end":{"line":176,"column":7}},"102":{"start":{"line":178,"column":6},"end":{"line":183,"column":9}},"103":{"start":{"line":179,"column":8},"end":{"line":179,"column":40}},"104":{"start":{"line":180,"column":8},"end":{"line":180,"column":41}},"105":{"start":{"line":181,"column":8},"end":{"line":181,"column":48}},"106":{"start":{"line":182,"column":8},"end":{"line":182,"column":77}},"107":{"start":{"line":185,"column":6},"end":{"line":185,"column":13}},"108":{"start":{"line":187,"column":4},"end":{"line":205,"column":7}},"109":{"start":{"line":188,"column":25},"end":{"line":196,"column":7}},"110":{"start":{"line":198,"column":6},"end":{"line":202,"column":9}},"111":{"start":{"line":199,"column":8},"end":{"line":199,"column":40}},"112":{"start":{"line":200,"column":8},"end":{"line":200,"column":51}},"113":{"start":{"line":201,"column":8},"end":{"line":201,"column":87}},"114":{"start":{"line":204,"column":6},"end":{"line":204,"column":13}},"115":{"start":{"line":206,"column":4},"end":{"line":223,"column":7}},"116":{"start":{"line":207,"column":25},"end":{"line":215,"column":7}},"117":{"start":{"line":217,"column":6},"end":{"line":220,"column":9}},"118":{"start":{"line":218,"column":8},"end":{"line":218,"column":40}},"119":{"start":{"line":219,"column":8},"end":{"line":219,"column":51}},"120":{"start":{"line":222,"column":6},"end":{"line":222,"column":13}},"121":{"start":{"line":224,"column":4},"end":{"line":243,"column":7}},"122":{"start":{"line":225,"column":25},"end":{"line":233,"column":7}},"123":{"start":{"line":235,"column":6},"end":{"line":240,"column":9}},"124":{"start":{"line":236,"column":8},"end":{"line":236,"column":40}},"125":{"start":{"line":237,"column":8},"end":{"line":237,"column":41}},"126":{"start":{"line":238,"column":8},"end":{"line":238,"column":43}},"127":{"start":{"line":239,"column":8},"end":{"line":239,"column":82}},"128":{"start":{"line":242,"column":6},"end":{"line":242,"column":13}},"129":{"start":{"line":244,"column":4},"end":{"line":262,"column":7}},"130":{"start":{"line":245,"column":25},"end":{"line":252,"column":7}},"131":{"start":{"line":254,"column":6},"end":{"line":259,"column":9}},"132":{"start":{"line":255,"column":8},"end":{"line":255,"column":40}},"133":{"start":{"line":256,"column":8},"end":{"line":256,"column":41}},"134":{"start":{"line":257,"column":8},"end":{"line":257,"column":43}},"135":{"start":{"line":258,"column":8},"end":{"line":258,"column":82}},"136":{"start":{"line":261,"column":6},"end":{"line":261,"column":13}},"137":{"start":{"line":263,"column":4},"end":{"line":282,"column":7}},"138":{"start":{"line":264,"column":25},"end":{"line":272,"column":7}},"139":{"start":{"line":274,"column":6},"end":{"line":279,"column":9}},"140":{"start":{"line":275,"column":8},"end":{"line":275,"column":40}},"141":{"start":{"line":276,"column":8},"end":{"line":276,"column":41}},"142":{"start":{"line":277,"column":8},"end":{"line":277,"column":43}},"143":{"start":{"line":278,"column":8},"end":{"line":278,"column":88}},"144":{"start":{"line":281,"column":6},"end":{"line":281,"column":13}},"145":{"start":{"line":283,"column":4},"end":{"line":301,"column":7}},"146":{"start":{"line":284,"column":25},"end":{"line":291,"column":7}},"147":{"start":{"line":293,"column":6},"end":{"line":298,"column":9}},"148":{"start":{"line":294,"column":8},"end":{"line":294,"column":40}},"149":{"start":{"line":295,"column":8},"end":{"line":295,"column":41}},"150":{"start":{"line":296,"column":8},"end":{"line":296,"column":43}},"151":{"start":{"line":297,"column":8},"end":{"line":297,"column":83}},"152":{"start":{"line":300,"column":6},"end":{"line":300,"column":13}},"153":{"start":{"line":302,"column":4},"end":{"line":320,"column":7}},"154":{"start":{"line":303,"column":25},"end":{"line":310,"column":7}},"155":{"start":{"line":312,"column":6},"end":{"line":317,"column":9}},"156":{"start":{"line":313,"column":8},"end":{"line":313,"column":40}},"157":{"start":{"line":314,"column":8},"end":{"line":314,"column":41}},"158":{"start":{"line":315,"column":8},"end":{"line":315,"column":43}},"159":{"start":{"line":316,"column":8},"end":{"line":316,"column":71}},"160":{"start":{"line":319,"column":6},"end":{"line":319,"column":13}},"161":{"start":{"line":321,"column":4},"end":{"line":340,"column":7}},"162":{"start":{"line":322,"column":25},"end":{"line":330,"column":7}},"163":{"start":{"line":332,"column":6},"end":{"line":337,"column":9}},"164":{"start":{"line":333,"column":8},"end":{"line":333,"column":40}},"165":{"start":{"line":334,"column":8},"end":{"line":334,"column":41}},"166":{"start":{"line":335,"column":8},"end":{"line":335,"column":43}},"167":{"start":{"line":336,"column":8},"end":{"line":336,"column":83}},"168":{"start":{"line":339,"column":6},"end":{"line":339,"column":13}},"169":{"start":{"line":341,"column":4},"end":{"line":359,"column":7}},"170":{"start":{"line":342,"column":25},"end":{"line":349,"column":7}},"171":{"start":{"line":351,"column":6},"end":{"line":356,"column":9}},"172":{"start":{"line":352,"column":8},"end":{"line":352,"column":40}},"173":{"start":{"line":353,"column":8},"end":{"line":353,"column":41}},"174":{"start":{"line":354,"column":8},"end":{"line":354,"column":43}},"175":{"start":{"line":355,"column":8},"end":{"line":355,"column":89}},"176":{"start":{"line":358,"column":6},"end":{"line":358,"column":13}},"177":{"start":{"line":360,"column":4},"end":{"line":379,"column":7}},"178":{"start":{"line":361,"column":25},"end":{"line":369,"column":7}},"179":{"start":{"line":371,"column":6},"end":{"line":376,"column":9}},"180":{"start":{"line":372,"column":8},"end":{"line":372,"column":40}},"181":{"start":{"line":373,"column":8},"end":{"line":373,"column":41}},"182":{"start":{"line":374,"column":8},"end":{"line":374,"column":43}},"183":{"start":{"line":375,"column":8},"end":{"line":375,"column":110}},"184":{"start":{"line":378,"column":6},"end":{"line":378,"column":13}},"185":{"start":{"line":380,"column":4},"end":{"line":398,"column":7}},"186":{"start":{"line":381,"column":25},"end":{"line":388,"column":7}},"187":{"start":{"line":390,"column":6},"end":{"line":395,"column":9}},"188":{"start":{"line":391,"column":8},"end":{"line":391,"column":40}},"189":{"start":{"line":392,"column":8},"end":{"line":392,"column":41}},"190":{"start":{"line":393,"column":8},"end":{"line":393,"column":43}},"191":{"start":{"line":394,"column":8},"end":{"line":394,"column":79}},"192":{"start":{"line":397,"column":6},"end":{"line":397,"column":13}},"193":{"start":{"line":399,"column":4},"end":{"line":418,"column":7}},"194":{"start":{"line":400,"column":25},"end":{"line":408,"column":7}},"195":{"start":{"line":410,"column":6},"end":{"line":415,"column":9}},"196":{"start":{"line":411,"column":8},"end":{"line":411,"column":40}},"197":{"start":{"line":412,"column":8},"end":{"line":412,"column":41}},"198":{"start":{"line":413,"column":8},"end":{"line":413,"column":43}},"199":{"start":{"line":414,"column":8},"end":{"line":414,"column":82}},"200":{"start":{"line":417,"column":6},"end":{"line":417,"column":13}},"201":{"start":{"line":419,"column":4},"end":{"line":437,"column":7}},"202":{"start":{"line":420,"column":25},"end":{"line":427,"column":7}},"203":{"start":{"line":429,"column":6},"end":{"line":434,"column":9}},"204":{"start":{"line":430,"column":8},"end":{"line":430,"column":40}},"205":{"start":{"line":431,"column":8},"end":{"line":431,"column":41}},"206":{"start":{"line":432,"column":8},"end":{"line":432,"column":43}},"207":{"start":{"line":433,"column":8},"end":{"line":433,"column":85}},"208":{"start":{"line":436,"column":6},"end":{"line":436,"column":13}},"209":{"start":{"line":438,"column":4},"end":{"line":457,"column":7}},"210":{"start":{"line":439,"column":25},"end":{"line":447,"column":7}},"211":{"start":{"line":449,"column":6},"end":{"line":454,"column":9}},"212":{"start":{"line":450,"column":8},"end":{"line":450,"column":40}},"213":{"start":{"line":451,"column":8},"end":{"line":451,"column":41}},"214":{"start":{"line":452,"column":8},"end":{"line":452,"column":43}},"215":{"start":{"line":453,"column":8},"end":{"line":453,"column":107}},"216":{"start":{"line":456,"column":6},"end":{"line":456,"column":13}},"217":{"start":{"line":458,"column":4},"end":{"line":476,"column":7}},"218":{"start":{"line":459,"column":25},"end":{"line":466,"column":7}},"219":{"start":{"line":468,"column":6},"end":{"line":473,"column":9}},"220":{"start":{"line":469,"column":8},"end":{"line":469,"column":40}},"221":{"start":{"line":470,"column":8},"end":{"line":470,"column":41}},"222":{"start":{"line":471,"column":8},"end":{"line":471,"column":43}},"223":{"start":{"line":472,"column":8},"end":{"line":472,"column":86}},"224":{"start":{"line":475,"column":6},"end":{"line":475,"column":13}},"225":{"start":{"line":477,"column":4},"end":{"line":485,"column":7}},"226":{"start":{"line":478,"column":6},"end":{"line":482,"column":9}},"227":{"start":{"line":479,"column":8},"end":{"line":479,"column":40}},"228":{"start":{"line":480,"column":8},"end":{"line":480,"column":50}},"229":{"start":{"line":481,"column":8},"end":{"line":481,"column":63}},"230":{"start":{"line":484,"column":6},"end":{"line":484,"column":13}},"231":{"start":{"line":486,"column":4},"end":{"line":494,"column":7}},"232":{"start":{"line":487,"column":6},"end":{"line":491,"column":9}},"233":{"start":{"line":488,"column":8},"end":{"line":488,"column":40}},"234":{"start":{"line":489,"column":8},"end":{"line":489,"column":51}},"235":{"start":{"line":490,"column":8},"end":{"line":490,"column":71}},"236":{"start":{"line":493,"column":6},"end":{"line":493,"column":13}},"237":{"start":{"line":498,"column":0},"end":{"line":637,"column":3}},"238":{"start":{"line":499,"column":2},"end":{"line":636,"column":5}},"239":{"start":{"line":500,"column":4},"end":{"line":508,"column":7}},"240":{"start":{"line":501,"column":6},"end":{"line":505,"column":9}},"241":{"start":{"line":502,"column":8},"end":{"line":502,"column":40}},"242":{"start":{"line":503,"column":8},"end":{"line":503,"column":51}},"243":{"start":{"line":504,"column":8},"end":{"line":504,"column":58}},"244":{"start":{"line":507,"column":6},"end":{"line":507,"column":13}},"245":{"start":{"line":509,"column":4},"end":{"line":517,"column":7}},"246":{"start":{"line":510,"column":6},"end":{"line":514,"column":9}},"247":{"start":{"line":511,"column":8},"end":{"line":511,"column":40}},"248":{"start":{"line":512,"column":8},"end":{"line":512,"column":41}},"249":{"start":{"line":513,"column":8},"end":{"line":513,"column":50}},"250":{"start":{"line":516,"column":6},"end":{"line":516,"column":13}},"251":{"start":{"line":531,"column":4},"end":{"line":542,"column":7}},"252":{"start":{"line":532,"column":6},"end":{"line":539,"column":9}},"253":{"start":{"line":535,"column":8},"end":{"line":535,"column":40}},"254":{"start":{"line":536,"column":8},"end":{"line":536,"column":41}},"255":{"start":{"line":537,"column":8},"end":{"line":537,"column":51}},"256":{"start":{"line":538,"column":8},"end":{"line":538,"column":60}},"257":{"start":{"line":541,"column":6},"end":{"line":541,"column":13}},"258":{"start":{"line":543,"column":4},"end":{"line":556,"column":7}},"259":{"start":{"line":544,"column":25},"end":{"line":546,"column":7}},"260":{"start":{"line":548,"column":6},"end":{"line":553,"column":9}},"261":{"start":{"line":549,"column":8},"end":{"line":549,"column":40}},"262":{"start":{"line":550,"column":8},"end":{"line":550,"column":41}},"263":{"start":{"line":551,"column":8},"end":{"line":551,"column":51}},"264":{"start":{"line":552,"column":8},"end":{"line":552,"column":87}},"265":{"start":{"line":555,"column":6},"end":{"line":555,"column":13}},"266":{"start":{"line":557,"column":4},"end":{"line":569,"column":7}},"267":{"start":{"line":558,"column":25},"end":{"line":560,"column":7}},"268":{"start":{"line":562,"column":6},"end":{"line":566,"column":9}},"269":{"start":{"line":563,"column":8},"end":{"line":563,"column":40}},"270":{"start":{"line":564,"column":8},"end":{"line":564,"column":41}},"271":{"start":{"line":565,"column":8},"end":{"line":565,"column":50}},"272":{"start":{"line":568,"column":6},"end":{"line":568,"column":13}},"273":{"start":{"line":570,"column":4},"end":{"line":578,"column":7}},"274":{"start":{"line":571,"column":6},"end":{"line":575,"column":9}},"275":{"start":{"line":572,"column":8},"end":{"line":572,"column":40}},"276":{"start":{"line":573,"column":8},"end":{"line":573,"column":41}},"277":{"start":{"line":574,"column":8},"end":{"line":574,"column":50}},"278":{"start":{"line":577,"column":6},"end":{"line":577,"column":13}},"279":{"start":{"line":579,"column":4},"end":{"line":587,"column":7}},"280":{"start":{"line":580,"column":6},"end":{"line":584,"column":9}},"281":{"start":{"line":581,"column":8},"end":{"line":581,"column":40}},"282":{"start":{"line":582,"column":8},"end":{"line":582,"column":41}},"283":{"start":{"line":583,"column":8},"end":{"line":583,"column":50}},"284":{"start":{"line":586,"column":6},"end":{"line":586,"column":13}},"285":{"start":{"line":588,"column":4},"end":{"line":596,"column":7}},"286":{"start":{"line":589,"column":6},"end":{"line":593,"column":9}},"287":{"start":{"line":590,"column":8},"end":{"line":590,"column":40}},"288":{"start":{"line":591,"column":8},"end":{"line":591,"column":41}},"289":{"start":{"line":592,"column":8},"end":{"line":592,"column":50}},"290":{"start":{"line":595,"column":6},"end":{"line":595,"column":13}},"291":{"start":{"line":597,"column":4},"end":{"line":605,"column":7}},"292":{"start":{"line":598,"column":6},"end":{"line":602,"column":9}},"293":{"start":{"line":599,"column":8},"end":{"line":599,"column":40}},"294":{"start":{"line":600,"column":8},"end":{"line":600,"column":41}},"295":{"start":{"line":601,"column":8},"end":{"line":601,"column":50}},"296":{"start":{"line":604,"column":6},"end":{"line":604,"column":13}},"297":{"start":{"line":606,"column":4},"end":{"line":614,"column":7}},"298":{"start":{"line":607,"column":6},"end":{"line":611,"column":9}},"299":{"start":{"line":608,"column":8},"end":{"line":608,"column":40}},"300":{"start":{"line":609,"column":8},"end":{"line":609,"column":41}},"301":{"start":{"line":610,"column":8},"end":{"line":610,"column":50}},"302":{"start":{"line":613,"column":6},"end":{"line":613,"column":13}},"303":{"start":{"line":615,"column":4},"end":{"line":623,"column":7}},"304":{"start":{"line":616,"column":6},"end":{"line":620,"column":9}},"305":{"start":{"line":617,"column":8},"end":{"line":617,"column":40}},"306":{"start":{"line":618,"column":8},"end":{"line":618,"column":41}},"307":{"start":{"line":619,"column":8},"end":{"line":619,"column":50}},"308":{"start":{"line":622,"column":6},"end":{"line":622,"column":13}}},"fnMap":{"0":{"name":"_interopRequireDefault","decl":{"start":{"line":11,"column":9},"end":{"line":11,"column":31}},"loc":{"start":{"line":11,"column":37},"end":{"line":11,"column":95}},"line":11},"1":{"name":"(anonymous_1)","decl":{"start":{"line":26,"column":60},"end":{"line":26,"column":61}},"loc":{"start":{"line":26,"column":66},"end":{"line":40,"column":1}},"line":26},"2":{"name":"(anonymous_2)","decl":{"start":{"line":27,"column":67},"end":{"line":27,"column":68}},"loc":{"start":{"line":27,"column":73},"end":{"line":39,"column":3}},"line":27},"3":{"name":"(anonymous_3)","decl":{"start":{"line":28,"column":37},"end":{"line":28,"column":38}},"loc":{"start":{"line":28,"column":45},"end":{"line":38,"column":5}},"line":28},"4":{"name":"(anonymous_4)","decl":{"start":{"line":34,"column":81},"end":{"line":34,"column":82}},"loc":{"start":{"line":34,"column":95},"end":{"line":37,"column":7}},"line":34},"5":{"name":"(anonymous_5)","decl":{"start":{"line":42,"column":49},"end":{"line":42,"column":50}},"loc":{"start":{"line":42,"column":55},"end":{"line":143,"column":1}},"line":42},"6":{"name":"(anonymous_6)","decl":{"start":{"line":43,"column":35},"end":{"line":43,"column":36}},"loc":{"start":{"line":43,"column":41},"end":{"line":142,"column":3}},"line":43},"7":{"name":"(anonymous_7)","decl":{"start":{"line":44,"column":57},"end":{"line":44,"column":58}},"loc":{"start":{"line":44,"column":65},"end":{"line":51,"column":5}},"line":44},"8":{"name":"(anonymous_8)","decl":{"start":{"line":45,"column":116},"end":{"line":45,"column":117}},"loc":{"start":{"line":45,"column":130},"end":{"line":50,"column":7}},"line":45},"9":{"name":"(anonymous_9)","decl":{"start":{"line":52,"column":55},"end":{"line":52,"column":56}},"loc":{"start":{"line":52,"column":63},"end":{"line":58,"column":5}},"line":52},"10":{"name":"(anonymous_10)","decl":{"start":{"line":53,"column":71},"end":{"line":53,"column":72}},"loc":{"start":{"line":53,"column":85},"end":{"line":57,"column":7}},"line":53},"11":{"name":"(anonymous_11)","decl":{"start":{"line":59,"column":60},"end":{"line":59,"column":61}},"loc":{"start":{"line":59,"column":68},"end":{"line":65,"column":5}},"line":59},"12":{"name":"(anonymous_12)","decl":{"start":{"line":60,"column":110},"end":{"line":60,"column":111}},"loc":{"start":{"line":60,"column":124},"end":{"line":64,"column":7}},"line":60},"13":{"name":"(anonymous_13)","decl":{"start":{"line":66,"column":79},"end":{"line":66,"column":80}},"loc":{"start":{"line":66,"column":87},"end":{"line":72,"column":5}},"line":66},"14":{"name":"(anonymous_14)","decl":{"start":{"line":67,"column":115},"end":{"line":67,"column":116}},"loc":{"start":{"line":67,"column":129},"end":{"line":71,"column":7}},"line":67},"15":{"name":"(anonymous_15)","decl":{"start":{"line":73,"column":49},"end":{"line":73,"column":50}},"loc":{"start":{"line":73,"column":57},"end":{"line":79,"column":5}},"line":73},"16":{"name":"(anonymous_16)","decl":{"start":{"line":74,"column":96},"end":{"line":74,"column":97}},"loc":{"start":{"line":74,"column":110},"end":{"line":78,"column":7}},"line":74},"17":{"name":"(anonymous_17)","decl":{"start":{"line":80,"column":51},"end":{"line":80,"column":52}},"loc":{"start":{"line":80,"column":59},"end":{"line":86,"column":5}},"line":80},"18":{"name":"(anonymous_18)","decl":{"start":{"line":81,"column":108},"end":{"line":81,"column":109}},"loc":{"start":{"line":81,"column":122},"end":{"line":85,"column":7}},"line":81},"19":{"name":"(anonymous_19)","decl":{"start":{"line":87,"column":51},"end":{"line":87,"column":52}},"loc":{"start":{"line":87,"column":57},"end":{"line":105,"column":5}},"line":87},"20":{"name":"(anonymous_20)","decl":{"start":{"line":88,"column":47},"end":{"line":88,"column":48}},"loc":{"start":{"line":88,"column":53},"end":{"line":104,"column":7}},"line":88},"21":{"name":"(anonymous_21)","decl":{"start":{"line":89,"column":44},"end":{"line":89,"column":45}},"loc":{"start":{"line":89,"column":52},"end":{"line":96,"column":9}},"line":89},"22":{"name":"(anonymous_22)","decl":{"start":{"line":90,"column":126},"end":{"line":90,"column":127}},"loc":{"start":{"line":90,"column":140},"end":{"line":95,"column":11}},"line":90},"23":{"name":"(anonymous_23)","decl":{"start":{"line":97,"column":44},"end":{"line":97,"column":45}},"loc":{"start":{"line":97,"column":52},"end":{"line":103,"column":9}},"line":97},"24":{"name":"(anonymous_24)","decl":{"start":{"line":98,"column":126},"end":{"line":98,"column":127}},"loc":{"start":{"line":98,"column":140},"end":{"line":102,"column":11}},"line":98},"25":{"name":"(anonymous_25)","decl":{"start":{"line":106,"column":62},"end":{"line":106,"column":63}},"loc":{"start":{"line":106,"column":70},"end":{"line":113,"column":5}},"line":106},"26":{"name":"(anonymous_26)","decl":{"start":{"line":107,"column":124},"end":{"line":107,"column":125}},"loc":{"start":{"line":107,"column":138},"end":{"line":112,"column":7}},"line":107},"27":{"name":"(anonymous_27)","decl":{"start":{"line":114,"column":82},"end":{"line":114,"column":83}},"loc":{"start":{"line":114,"column":90},"end":{"line":121,"column":5}},"line":114},"28":{"name":"(anonymous_28)","decl":{"start":{"line":115,"column":107},"end":{"line":115,"column":108}},"loc":{"start":{"line":115,"column":121},"end":{"line":120,"column":7}},"line":115},"29":{"name":"(anonymous_29)","decl":{"start":{"line":122,"column":83},"end":{"line":122,"column":84}},"loc":{"start":{"line":122,"column":91},"end":{"line":129,"column":5}},"line":122},"30":{"name":"(anonymous_30)","decl":{"start":{"line":123,"column":108},"end":{"line":123,"column":109}},"loc":{"start":{"line":123,"column":122},"end":{"line":128,"column":7}},"line":123},"31":{"name":"(anonymous_31)","decl":{"start":{"line":130,"column":79},"end":{"line":130,"column":80}},"loc":{"start":{"line":130,"column":87},"end":{"line":135,"column":5}},"line":130},"32":{"name":"(anonymous_32)","decl":{"start":{"line":131,"column":108},"end":{"line":131,"column":109}},"loc":{"start":{"line":131,"column":122},"end":{"line":134,"column":7}},"line":131},"33":{"name":"(anonymous_33)","decl":{"start":{"line":136,"column":85},"end":{"line":136,"column":86}},"loc":{"start":{"line":136,"column":93},"end":{"line":141,"column":5}},"line":136},"34":{"name":"(anonymous_34)","decl":{"start":{"line":137,"column":110},"end":{"line":137,"column":111}},"loc":{"start":{"line":137,"column":124},"end":{"line":140,"column":7}},"line":137},"35":{"name":"(anonymous_35)","decl":{"start":{"line":145,"column":50},"end":{"line":145,"column":51}},"loc":{"start":{"line":145,"column":56},"end":{"line":496,"column":1}},"line":145},"36":{"name":"(anonymous_36)","decl":{"start":{"line":146,"column":36},"end":{"line":146,"column":37}},"loc":{"start":{"line":146,"column":42},"end":{"line":495,"column":3}},"line":146},"37":{"name":"(anonymous_37)","decl":{"start":{"line":147,"column":68},"end":{"line":147,"column":69}},"loc":{"start":{"line":147,"column":76},"end":{"line":166,"column":5}},"line":147},"38":{"name":"(anonymous_38)","decl":{"start":{"line":158,"column":133},"end":{"line":158,"column":134}},"loc":{"start":{"line":158,"column":147},"end":{"line":163,"column":7}},"line":158},"39":{"name":"(anonymous_39)","decl":{"start":{"line":167,"column":69},"end":{"line":167,"column":70}},"loc":{"start":{"line":167,"column":77},"end":{"line":186,"column":5}},"line":167},"40":{"name":"(anonymous_40)","decl":{"start":{"line":178,"column":133},"end":{"line":178,"column":134}},"loc":{"start":{"line":178,"column":147},"end":{"line":183,"column":7}},"line":178},"41":{"name":"(anonymous_41)","decl":{"start":{"line":187,"column":51},"end":{"line":187,"column":52}},"loc":{"start":{"line":187,"column":59},"end":{"line":205,"column":5}},"line":187},"42":{"name":"(anonymous_42)","decl":{"start":{"line":198,"column":126},"end":{"line":198,"column":127}},"loc":{"start":{"line":198,"column":140},"end":{"line":202,"column":7}},"line":198},"43":{"name":"(anonymous_43)","decl":{"start":{"line":206,"column":49},"end":{"line":206,"column":50}},"loc":{"start":{"line":206,"column":57},"end":{"line":223,"column":5}},"line":206},"44":{"name":"(anonymous_44)","decl":{"start":{"line":217,"column":114},"end":{"line":217,"column":115}},"loc":{"start":{"line":217,"column":128},"end":{"line":220,"column":7}},"line":217},"45":{"name":"(anonymous_45)","decl":{"start":{"line":224,"column":59},"end":{"line":224,"column":60}},"loc":{"start":{"line":224,"column":67},"end":{"line":243,"column":5}},"line":224},"46":{"name":"(anonymous_46)","decl":{"start":{"line":235,"column":133},"end":{"line":235,"column":134}},"loc":{"start":{"line":235,"column":147},"end":{"line":240,"column":7}},"line":235},"47":{"name":"(anonymous_47)","decl":{"start":{"line":244,"column":53},"end":{"line":244,"column":54}},"loc":{"start":{"line":244,"column":61},"end":{"line":262,"column":5}},"line":244},"48":{"name":"(anonymous_48)","decl":{"start":{"line":254,"column":133},"end":{"line":254,"column":134}},"loc":{"start":{"line":254,"column":147},"end":{"line":259,"column":7}},"line":254},"49":{"name":"(anonymous_49)","decl":{"start":{"line":263,"column":68},"end":{"line":263,"column":69}},"loc":{"start":{"line":263,"column":76},"end":{"line":282,"column":5}},"line":263},"50":{"name":"(anonymous_50)","decl":{"start":{"line":274,"column":133},"end":{"line":274,"column":134}},"loc":{"start":{"line":274,"column":147},"end":{"line":279,"column":7}},"line":274},"51":{"name":"(anonymous_51)","decl":{"start":{"line":283,"column":54},"end":{"line":283,"column":55}},"loc":{"start":{"line":283,"column":62},"end":{"line":301,"column":5}},"line":283},"52":{"name":"(anonymous_52)","decl":{"start":{"line":293,"column":133},"end":{"line":293,"column":134}},"loc":{"start":{"line":293,"column":147},"end":{"line":298,"column":7}},"line":293},"53":{"name":"(anonymous_53)","decl":{"start":{"line":302,"column":53},"end":{"line":302,"column":54}},"loc":{"start":{"line":302,"column":61},"end":{"line":320,"column":5}},"line":302},"54":{"name":"(anonymous_54)","decl":{"start":{"line":312,"column":133},"end":{"line":312,"column":134}},"loc":{"start":{"line":312,"column":147},"end":{"line":317,"column":7}},"line":312},"55":{"name":"(anonymous_55)","decl":{"start":{"line":321,"column":54},"end":{"line":321,"column":55}},"loc":{"start":{"line":321,"column":62},"end":{"line":340,"column":5}},"line":321},"56":{"name":"(anonymous_56)","decl":{"start":{"line":332,"column":133},"end":{"line":332,"column":134}},"loc":{"start":{"line":332,"column":147},"end":{"line":337,"column":7}},"line":332},"57":{"name":"(anonymous_57)","decl":{"start":{"line":341,"column":62},"end":{"line":341,"column":63}},"loc":{"start":{"line":341,"column":70},"end":{"line":359,"column":5}},"line":341},"58":{"name":"(anonymous_58)","decl":{"start":{"line":351,"column":133},"end":{"line":351,"column":134}},"loc":{"start":{"line":351,"column":147},"end":{"line":356,"column":7}},"line":351},"59":{"name":"(anonymous_59)","decl":{"start":{"line":360,"column":75},"end":{"line":360,"column":76}},"loc":{"start":{"line":360,"column":83},"end":{"line":379,"column":5}},"line":360},"60":{"name":"(anonymous_60)","decl":{"start":{"line":371,"column":133},"end":{"line":371,"column":134}},"loc":{"start":{"line":371,"column":147},"end":{"line":376,"column":7}},"line":371},"61":{"name":"(anonymous_61)","decl":{"start":{"line":380,"column":54},"end":{"line":380,"column":55}},"loc":{"start":{"line":380,"column":62},"end":{"line":398,"column":5}},"line":380},"62":{"name":"(anonymous_62)","decl":{"start":{"line":390,"column":133},"end":{"line":390,"column":134}},"loc":{"start":{"line":390,"column":147},"end":{"line":395,"column":7}},"line":390},"63":{"name":"(anonymous_63)","decl":{"start":{"line":399,"column":68},"end":{"line":399,"column":69}},"loc":{"start":{"line":399,"column":76},"end":{"line":418,"column":5}},"line":399},"64":{"name":"(anonymous_64)","decl":{"start":{"line":410,"column":133},"end":{"line":410,"column":134}},"loc":{"start":{"line":410,"column":147},"end":{"line":415,"column":7}},"line":410},"65":{"name":"(anonymous_65)","decl":{"start":{"line":419,"column":57},"end":{"line":419,"column":58}},"loc":{"start":{"line":419,"column":65},"end":{"line":437,"column":5}},"line":419},"66":{"name":"(anonymous_66)","decl":{"start":{"line":429,"column":133},"end":{"line":429,"column":134}},"loc":{"start":{"line":429,"column":147},"end":{"line":434,"column":7}},"line":429},"67":{"name":"(anonymous_67)","decl":{"start":{"line":438,"column":71},"end":{"line":438,"column":72}},"loc":{"start":{"line":438,"column":79},"end":{"line":457,"column":5}},"line":438},"68":{"name":"(anonymous_68)","decl":{"start":{"line":449,"column":133},"end":{"line":449,"column":134}},"loc":{"start":{"line":449,"column":147},"end":{"line":454,"column":7}},"line":449},"69":{"name":"(anonymous_69)","decl":{"start":{"line":458,"column":60},"end":{"line":458,"column":61}},"loc":{"start":{"line":458,"column":68},"end":{"line":476,"column":5}},"line":458},"70":{"name":"(anonymous_70)","decl":{"start":{"line":468,"column":133},"end":{"line":468,"column":134}},"loc":{"start":{"line":468,"column":147},"end":{"line":473,"column":7}},"line":468},"71":{"name":"(anonymous_71)","decl":{"start":{"line":477,"column":38},"end":{"line":477,"column":39}},"loc":{"start":{"line":477,"column":46},"end":{"line":485,"column":5}},"line":477},"72":{"name":"(anonymous_72)","decl":{"start":{"line":478,"column":117},"end":{"line":478,"column":118}},"loc":{"start":{"line":478,"column":131},"end":{"line":482,"column":7}},"line":478},"73":{"name":"(anonymous_73)","decl":{"start":{"line":486,"column":58},"end":{"line":486,"column":59}},"loc":{"start":{"line":486,"column":66},"end":{"line":494,"column":5}},"line":486},"74":{"name":"(anonymous_74)","decl":{"start":{"line":487,"column":125},"end":{"line":487,"column":126}},"loc":{"start":{"line":487,"column":139},"end":{"line":491,"column":7}},"line":487},"75":{"name":"(anonymous_75)","decl":{"start":{"line":498,"column":61},"end":{"line":498,"column":62}},"loc":{"start":{"line":498,"column":67},"end":{"line":637,"column":1}},"line":498},"76":{"name":"(anonymous_76)","decl":{"start":{"line":499,"column":47},"end":{"line":499,"column":48}},"loc":{"start":{"line":499,"column":53},"end":{"line":636,"column":3}},"line":499},"77":{"name":"(anonymous_77)","decl":{"start":{"line":500,"column":59},"end":{"line":500,"column":60}},"loc":{"start":{"line":500,"column":67},"end":{"line":508,"column":5}},"line":500},"78":{"name":"(anonymous_78)","decl":{"start":{"line":501,"column":129},"end":{"line":501,"column":130}},"loc":{"start":{"line":501,"column":143},"end":{"line":505,"column":7}},"line":501},"79":{"name":"(anonymous_79)","decl":{"start":{"line":509,"column":59},"end":{"line":509,"column":60}},"loc":{"start":{"line":509,"column":67},"end":{"line":517,"column":5}},"line":509},"80":{"name":"(anonymous_80)","decl":{"start":{"line":510,"column":126},"end":{"line":510,"column":127}},"loc":{"start":{"line":510,"column":140},"end":{"line":514,"column":7}},"line":510},"81":{"name":"(anonymous_81)","decl":{"start":{"line":531,"column":60},"end":{"line":531,"column":61}},"loc":{"start":{"line":531,"column":68},"end":{"line":542,"column":5}},"line":531},"82":{"name":"(anonymous_82)","decl":{"start":{"line":534,"column":13},"end":{"line":534,"column":14}},"loc":{"start":{"line":534,"column":27},"end":{"line":539,"column":7}},"line":534},"83":{"name":"(anonymous_83)","decl":{"start":{"line":543,"column":75},"end":{"line":543,"column":76}},"loc":{"start":{"line":543,"column":83},"end":{"line":556,"column":5}},"line":543},"84":{"name":"(anonymous_84)","decl":{"start":{"line":548,"column":142},"end":{"line":548,"column":143}},"loc":{"start":{"line":548,"column":156},"end":{"line":553,"column":7}},"line":548},"85":{"name":"(anonymous_85)","decl":{"start":{"line":557,"column":34},"end":{"line":557,"column":35}},"loc":{"start":{"line":557,"column":42},"end":{"line":569,"column":5}},"line":557},"86":{"name":"(anonymous_86)","decl":{"start":{"line":562,"column":142},"end":{"line":562,"column":143}},"loc":{"start":{"line":562,"column":156},"end":{"line":566,"column":7}},"line":562},"87":{"name":"(anonymous_87)","decl":{"start":{"line":570,"column":31},"end":{"line":570,"column":32}},"loc":{"start":{"line":570,"column":39},"end":{"line":578,"column":5}},"line":570},"88":{"name":"(anonymous_88)","decl":{"start":{"line":571,"column":132},"end":{"line":571,"column":133}},"loc":{"start":{"line":571,"column":146},"end":{"line":575,"column":7}},"line":571},"89":{"name":"(anonymous_89)","decl":{"start":{"line":579,"column":66},"end":{"line":579,"column":67}},"loc":{"start":{"line":579,"column":74},"end":{"line":587,"column":5}},"line":579},"90":{"name":"(anonymous_90)","decl":{"start":{"line":580,"column":156},"end":{"line":580,"column":157}},"loc":{"start":{"line":580,"column":170},"end":{"line":584,"column":7}},"line":580},"91":{"name":"(anonymous_91)","decl":{"start":{"line":588,"column":58},"end":{"line":588,"column":59}},"loc":{"start":{"line":588,"column":66},"end":{"line":596,"column":5}},"line":588},"92":{"name":"(anonymous_92)","decl":{"start":{"line":589,"column":143},"end":{"line":589,"column":144}},"loc":{"start":{"line":589,"column":157},"end":{"line":593,"column":7}},"line":589},"93":{"name":"(anonymous_93)","decl":{"start":{"line":597,"column":57},"end":{"line":597,"column":58}},"loc":{"start":{"line":597,"column":65},"end":{"line":605,"column":5}},"line":597},"94":{"name":"(anonymous_94)","decl":{"start":{"line":598,"column":142},"end":{"line":598,"column":143}},"loc":{"start":{"line":598,"column":156},"end":{"line":602,"column":7}},"line":598},"95":{"name":"(anonymous_95)","decl":{"start":{"line":606,"column":57},"end":{"line":606,"column":58}},"loc":{"start":{"line":606,"column":65},"end":{"line":614,"column":5}},"line":606},"96":{"name":"(anonymous_96)","decl":{"start":{"line":607,"column":128},"end":{"line":607,"column":129}},"loc":{"start":{"line":607,"column":142},"end":{"line":611,"column":7}},"line":607},"97":{"name":"(anonymous_97)","decl":{"start":{"line":615,"column":54},"end":{"line":615,"column":55}},"loc":{"start":{"line":615,"column":62},"end":{"line":623,"column":5}},"line":615},"98":{"name":"(anonymous_98)","decl":{"start":{"line":616,"column":166},"end":{"line":616,"column":167}},"loc":{"start":{"line":616,"column":180},"end":{"line":620,"column":7}},"line":616}},"branchMap":{"0":{"loc":{"start":{"line":11,"column":46},"end":{"line":11,"column":92}},"type":"cond-expr","locations":[{"start":{"line":11,"column":70},"end":{"line":11,"column":73}},{"start":{"line":11,"column":76},"end":{"line":11,"column":92}}],"line":11},"1":{"loc":{"start":{"line":11,"column":46},"end":{"line":11,"column":67}},"type":"binary-expr","locations":[{"start":{"line":11,"column":46},"end":{"line":11,"column":49}},{"start":{"line":11,"column":53},"end":{"line":11,"column":67}}],"line":11}},"s":{"0":1,"1":1,"2":1,"3":1,"4":3,"5":1,"6":1,"7":1,"8":1,"9":1,"10":1,"11":1,"12":1,"13":1,"14":1,"15":1,"16":1,"17":1,"18":1,"19":1,"20":1,"21":1,"22":1,"23":1,"24":1,"25":1,"26":1,"27":1,"28":1,"29":1,"30":1,"31":1,"32":1,"33":1,"34":1,"35":1,"36":1,"37":1,"38":1,"39":1,"40":1,"41":1,"42":1,"43":1,"44":1,"45":1,"46":1,"47":1,"48":1,"49":1,"50":1,"51":1,"52":1,"53":1,"54":1,"55":1,"56":1,"57":1,"58":1,"59":1,"60":1,"61":1,"62":1,"63":1,"64":1,"65":1,"66":1,"67":1,"68":1,"69":1,"70":1,"71":1,"72":1,"73":1,"74":1,"75":1,"76":1,"77":1,"78":1,"79":1,"80":1,"81":1,"82":1,"83":1,"84":1,"85":1,"86":1,"87":1,"88":1,"89":1,"90":1,"91":1,"92":1,"93":1,"94":1,"95":1,"96":1,"97":1,"98":1,"99":1,"100":1,"101":1,"102":1,"103":1,"104":1,"105":1,"106":1,"107":1,"108":1,"109":1,"110":1,"111":1,"112":1,"113":1,"114":1,"115":1,"116":1,"117":1,"118":1,"119":1,"120":1,"121":1,"122":1,"123":1,"124":1,"125":1,"126":1,"127":1,"128":1,"129":1,"130":1,"131":1,"132":1,"133":1,"134":1,"135":1,"136":1,"137":1,"138":1,"139":1,"140":1,"141":1,"142":1,"143":1,"144":1,"145":1,"146":1,"147":1,"148":1,"149":1,"150":1,"151":1,"152":1,"153":1,"154":1,"155":1,"156":1,"157":1,"158":1,"159":1,"160":1,"161":1,"162":1,"163":1,"164":1,"165":1,"166":1,"167":1,"168":1,"169":1,"170":1,"171":1,"172":1,"173":1,"174":1,"175":1,"176":1,"177":1,"178":1,"179":1,"180":1,"181":1,"182":1,"183":1,"184":1,"185":1,"186":1,"187":1,"188":1,"189":1,"190":1,"191":1,"192":1,"193":1,"194":1,"195":1,"196":1,"197":1,"198":1,"199":1,"200":1,"201":1,"202":0,"203":0,"204":0,"205":0,"206":0,"207":0,"208":0,"209":1,"210":0,"211":0,"212":0,"213":0,"214":0,"215":0,"216":0,"217":1,"218":0,"219":0,"220":0,"221":0,"222":0,"223":0,"224":0,"225":1,"226":0,"227":0,"228":0,"229":0,"230":0,"231":1,"232":0,"233":0,"234":0,"235":0,"236":0,"237":1,"238":1,"239":1,"240":0,"241":0,"242":0,"243":0,"244":0,"245":1,"246":0,"247":0,"248":0,"249":0,"250":0,"251":1,"252":0,"253":0,"254":0,"255":0,"256":0,"257":0,"258":1,"259":0,"260":0,"261":0,"262":0,"263":0,"264":0,"265":0,"266":1,"267":0,"268":0,"269":0,"270":0,"271":0,"272":0,"273":1,"274":0,"275":0,"276":0,"277":0,"278":0,"279":1,"280":0,"281":0,"282":0,"283":0,"284":0,"285":1,"286":0,"287":0,"288":0,"289":0,"290":0,"291":1,"292":0,"293":0,"294":0,"295":0,"296":0,"297":1,"298":0,"299":0,"300":0,"301":0,"302":0,"303":1,"304":0,"305":0,"306":0,"307":0,"308":0},"f":{"0":3,"1":1,"2":1,"3":1,"4":1,"5":1,"6":1,"7":1,"8":1,"9":1,"10":1,"11":1,"12":1,"13":1,"14":1,"15":1,"16":1,"17":1,"18":1,"19":1,"20":1,"21":1,"22":1,"23":1,"24":1,"25":1,"26":1,"27":1,"28":1,"29":1,"30":1,"31":1,"32":1,"33":1,"34":1,"35":1,"36":1,"37":1,"38":1,"39":1,"40":1,"41":1,"42":1,"43":1,"44":1,"45":1,"46":1,"47":1,"48":1,"49":1,"50":1,"51":1,"52":1,"53":1,"54":1,"55":1,"56":1,"57":1,"58":1,"59":1,"60":1,"61":1,"62":1,"63":1,"64":1,"65":0,"66":0,"67":0,"68":0,"69":0,"70":0,"71":0,"72":0,"73":0,"74":0,"75":1,"76":1,"77":0,"78":0,"79":0,"80":0,"81":0,"82":0,"83":0,"84":0,"85":0,"86":0,"87":0,"88":0,"89":0,"90":0,"91":0,"92":0,"93":0,"94":0,"95":0,"96":0,"97":0,"98":0},"b":{"0":[1,2],"1":[3,3]},"_coverageSchema":"43e27e138ebf9cfc5966b082cf9a028302ed4184","hash":"31e0ccfbcf7f0ed3d5f6dece12e69ef33e951658","contentHash":"e70146fef91e615667c81c24a9d81a19cedd4ebdced19cddd319c9633b80ba45"},"/home/marusoft/Downloads/Auto-Mart/server/app.js":{"path":"/home/marusoft/Downloads/Auto-Mart/server/app.js","statementMap":{"0":{"start":{"line":3,"column":0},"end":{"line":5,"column":3}},"1":{"start":{"line":6,"column":0},"end":{"line":6,"column":25}},"2":{"start":{"line":8,"column":15},"end":{"line":8,"column":57}},"3":{"start":{"line":10,"column":18},"end":{"line":10,"column":64}},"4":{"start":{"line":12,"column":14},"end":{"line":12,"column":55}},"5":{"start":{"line":14,"column":19},"end":{"line":14,"column":74}},"6":{"start":{"line":16,"column":17},"end":{"line":16,"column":70}},"7":{"start":{"line":18,"column":19},"end":{"line":18,"column":74}},"8":{"start":{"line":20,"column":18},"end":{"line":20,"column":72}},"9":{"start":{"line":22,"column":39},"end":{"line":22,"column":93}},"10":{"start":{"line":24,"column":12},"end":{"line":24,"column":35}},"11":{"start":{"line":25,"column":13},"end":{"line":25,"column":51}},"12":{"start":{"line":26,"column":0},"end":{"line":26,"column":37}},"13":{"start":{"line":27,"column":0},"end":{"line":27,"column":36}},"14":{"start":{"line":28,"column":0},"end":{"line":30,"column":4}},"15":{"start":{"line":32,"column":22},"end":{"line":32,"column":47}},"16":{"start":{"line":34,"column":0},"end":{"line":34,"column":41}},"17":{"start":{"line":35,"column":0},"end":{"line":35,"column":39}},"18":{"start":{"line":36,"column":0},"end":{"line":36,"column":41}},"19":{"start":{"line":37,"column":0},"end":{"line":37,"column":40}},"20":{"start":{"line":38,"column":0},"end":{"line":38,"column":28}},"21":{"start":{"line":39,"column":0},"end":{"line":41,"column":4}},"22":{"start":{"line":39,"column":43},"end":{"line":41,"column":2}},"23":{"start":{"line":42,"column":0},"end":{"line":44,"column":4}},"24":{"start":{"line":42,"column":37},"end":{"line":44,"column":2}},"25":{"start":{"line":46,"column":0},"end":{"line":46,"column":73}},"26":{"start":{"line":46,"column":23},"end":{"line":46,"column":71}},"27":{"start":{"line":47,"column":15},"end":{"line":47,"column":18}},"28":{"start":{"line":48,"column":0},"end":{"line":48,"column":27}}},"fnMap":{"0":{"name":"_interopRequireDefault","decl":{"start":{"line":22,"column":9},"end":{"line":22,"column":31}},"loc":{"start":{"line":22,"column":37},"end":{"line":22,"column":95}},"line":22},"1":{"name":"(anonymous_1)","decl":{"start":{"line":39,"column":29},"end":{"line":39,"column":30}},"loc":{"start":{"line":39,"column":43},"end":{"line":41,"column":2}},"line":39},"2":{"name":"(anonymous_2)","decl":{"start":{"line":42,"column":23},"end":{"line":42,"column":24}},"loc":{"start":{"line":42,"column":37},"end":{"line":44,"column":2}},"line":42},"3":{"name":"(anonymous_3)","decl":{"start":{"line":46,"column":17},"end":{"line":46,"column":18}},"loc":{"start":{"line":46,"column":23},"end":{"line":46,"column":71}},"line":46}},"branchMap":{"0":{"loc":{"start":{"line":22,"column":46},"end":{"line":22,"column":92}},"type":"cond-expr","locations":[{"start":{"line":22,"column":70},"end":{"line":22,"column":73}},{"start":{"line":22,"column":76},"end":{"line":22,"column":92}}],"line":22},"1":{"loc":{"start":{"line":22,"column":46},"end":{"line":22,"column":67}},"type":"binary-expr","locations":[{"start":{"line":22,"column":46},"end":{"line":22,"column":49}},{"start":{"line":22,"column":53},"end":{"line":22,"column":67}}],"line":22},"2":{"loc":{"start":{"line":25,"column":13},"end":{"line":25,"column":51}},"type":"binary-expr","locations":[{"start":{"line":25,"column":13},"end":{"line":25,"column":43}},{"start":{"line":25,"column":47},"end":{"line":25,"column":51}}],"line":25}},"s":{"0":1,"1":1,"2":1,"3":1,"4":1,"5":1,"6":1,"7":1,"8":1,"9":7,"10":1,"11":1,"12":1,"13":1,"14":1,"15":1,"16":1,"17":1,"18":1,"19":1,"20":1,"21":1,"22":0,"23":1,"24":0,"25":1,"26":1,"27":1,"28":1},"f":{"0":7,"1":0,"2":0,"3":1},"b":{"0":[4,3],"1":[7,7],"2":[1,0]},"_coverageSchema":"43e27e138ebf9cfc5966b082cf9a028302ed4184","hash":"a7b1e06c84aca201073e582302ab80ca76703876","contentHash":"20511c6e9a9f3a4344f43fb9cd2f1544e0525722cb1c9db1cd7910b1ddc7fada"},"/home/marusoft/Downloads/Auto-Mart/server/routes/usersRoutes.js":{"path":"/home/marusoft/Downloads/Auto-Mart/server/routes/usersRoutes.js","statementMap":{"0":{"start":{"line":3,"column":0},"end":{"line":5,"column":3}},"1":{"start":{"line":6,"column":0},"end":{"line":6,"column":25}},"2":{"start":{"line":8,"column":15},"end":{"line":8,"column":57}},"3":{"start":{"line":10,"column":23},"end":{"line":10,"column":88}},"4":{"start":{"line":12,"column":22},"end":{"line":12,"column":86}},"5":{"start":{"line":14,"column":39},"end":{"line":14,"column":93}},"6":{"start":{"line":16,"column":19},"end":{"line":16,"column":44}},"7":{"start":{"line":18,"column":0},"end":{"line":18,"column":119}},"8":{"start":{"line":19,"column":0},"end":{"line":19,"column":118}},"9":{"start":{"line":20,"column":15},"end":{"line":20,"column":25}},"10":{"start":{"line":21,"column":0},"end":{"line":21,"column":27}}},"fnMap":{"0":{"name":"_interopRequireDefault","decl":{"start":{"line":14,"column":9},"end":{"line":14,"column":31}},"loc":{"start":{"line":14,"column":37},"end":{"line":14,"column":95}},"line":14}},"branchMap":{"0":{"loc":{"start":{"line":14,"column":46},"end":{"line":14,"column":92}},"type":"cond-expr","locations":[{"start":{"line":14,"column":70},"end":{"line":14,"column":73}},{"start":{"line":14,"column":76},"end":{"line":14,"column":92}}],"line":14},"1":{"loc":{"start":{"line":14,"column":46},"end":{"line":14,"column":67}},"type":"binary-expr","locations":[{"start":{"line":14,"column":46},"end":{"line":14,"column":49}},{"start":{"line":14,"column":53},"end":{"line":14,"column":67}}],"line":14}},"s":{"0":1,"1":1,"2":1,"3":1,"4":1,"5":3,"6":1,"7":1,"8":1,"9":1,"10":1},"f":{"0":3},"b":{"0":[2,1],"1":[3,3]},"_coverageSchema":"43e27e138ebf9cfc5966b082cf9a028302ed4184","hash":"7436e094d1c54552c335989f4a4c08727ab641cb","contentHash":"189f95256295c252f99f7542470b26c6ea24d439f707ad3a30a6446bad6ffb5d"},"/home/marusoft/Downloads/Auto-Mart/server/controllers/usersController.js":{"path":"/home/marusoft/Downloads/Auto-Mart/server/controllers/usersController.js","statementMap":{"0":{"start":{"line":3,"column":0},"end":{"line":5,"column":3}},"1":{"start":{"line":6,"column":0},"end":{"line":6,"column":25}},"2":{"start":{"line":8,"column":19},"end":{"line":8,"column":76}},"3":{"start":{"line":10,"column":18},"end":{"line":10,"column":69}},"4":{"start":{"line":12,"column":39},"end":{"line":12,"column":93}},"5":{"start":{"line":34,"column":8},"end":{"line":34,"column":16}},"6":{"start":{"line":36,"column":27},"end":{"line":36,"column":70}},"7":{"start":{"line":38,"column":16},"end":{"line":39,"column":16}},"8":{"start":{"line":40,"column":19},"end":{"line":40,"column":74}},"9":{"start":{"line":42,"column":4},"end":{"line":63,"column":5}},"10":{"start":{"line":45,"column":10},"end":{"line":45,"column":54}},"11":{"start":{"line":47,"column":20},"end":{"line":49,"column":8}},"12":{"start":{"line":51,"column":6},"end":{"line":58,"column":9}},"13":{"start":{"line":60,"column":6},"end":{"line":62,"column":9}},"14":{"start":{"line":74,"column":4},"end":{"line":79,"column":5}},"15":{"start":{"line":75,"column":6},"end":{"line":78,"column":9}},"16":{"start":{"line":81,"column":16},"end":{"line":81,"column":54}},"17":{"start":{"line":82,"column":18},"end":{"line":82,"column":34}},"18":{"start":{"line":84,"column":4},"end":{"line":113,"column":5}},"19":{"start":{"line":87,"column":10},"end":{"line":87,"column":53}},"20":{"start":{"line":89,"column":6},"end":{"line":94,"column":7}},"21":{"start":{"line":90,"column":8},"end":{"line":93,"column":11}},"22":{"start":{"line":96,"column":6},"end":{"line":100,"column":7}},"23":{"start":{"line":97,"column":8},"end":{"line":99,"column":11}},"24":{"start":{"line":102,"column":20},"end":{"line":102,"column":63}},"25":{"start":{"line":104,"column":6},"end":{"line":110,"column":9}},"26":{"start":{"line":112,"column":6},"end":{"line":112,"column":49}},"27":{"start":{"line":118,"column":15},"end":{"line":118,"column":20}},"28":{"start":{"line":119,"column":0},"end":{"line":119,"column":27}}},"fnMap":{"0":{"name":"_interopRequireDefault","decl":{"start":{"line":12,"column":9},"end":{"line":12,"column":31}},"loc":{"start":{"line":12,"column":37},"end":{"line":12,"column":95}},"line":12},"1":{"name":"(anonymous_1)","decl":{"start":{"line":27,"column":2},"end":{"line":27,"column":3}},"loc":{"start":{"line":27,"column":37},"end":{"line":64,"column":3}},"line":27},"2":{"name":"(anonymous_2)","decl":{"start":{"line":73,"column":2},"end":{"line":73,"column":3}},"loc":{"start":{"line":73,"column":36},"end":{"line":114,"column":3}},"line":73}},"branchMap":{"0":{"loc":{"start":{"line":12,"column":46},"end":{"line":12,"column":92}},"type":"cond-expr","locations":[{"start":{"line":12,"column":70},"end":{"line":12,"column":73}},{"start":{"line":12,"column":76},"end":{"line":12,"column":92}}],"line":12},"1":{"loc":{"start":{"line":12,"column":46},"end":{"line":12,"column":67}},"type":"binary-expr","locations":[{"start":{"line":12,"column":46},"end":{"line":12,"column":49}},{"start":{"line":12,"column":53},"end":{"line":12,"column":67}}],"line":12},"2":{"loc":{"start":{"line":74,"column":4},"end":{"line":79,"column":5}},"type":"if","locations":[{"start":{"line":74,"column":4},"end":{"line":79,"column":5}},{"start":{"line":74,"column":4},"end":{"line":79,"column":5}}],"line":74},"3":{"loc":{"start":{"line":74,"column":8},"end":{"line":74,"column":45}},"type":"binary-expr","locations":[{"start":{"line":74,"column":8},"end":{"line":74,"column":23}},{"start":{"line":74,"column":27},"end":{"line":74,"column":45}}],"line":74},"4":{"loc":{"start":{"line":89,"column":6},"end":{"line":94,"column":7}},"type":"if","locations":[{"start":{"line":89,"column":6},"end":{"line":94,"column":7}},{"start":{"line":89,"column":6},"end":{"line":94,"column":7}}],"line":89},"5":{"loc":{"start":{"line":96,"column":6},"end":{"line":100,"column":7}},"type":"if","locations":[{"start":{"line":96,"column":6},"end":{"line":100,"column":7}},{"start":{"line":96,"column":6},"end":{"line":100,"column":7}}],"line":96}},"s":{"0":1,"1":1,"2":1,"3":1,"4":2,"5":0,"6":0,"7":0,"8":0,"9":0,"10":0,"11":0,"12":0,"13":0,"14":1,"15":0,"16":1,"17":1,"18":1,"19":1,"20":1,"21":0,"22":1,"23":0,"24":1,"25":1,"26":0,"27":1,"28":1},"f":{"0":2,"1":0,"2":1},"b":{"0":[2,0],"1":[2,2],"2":[0,1],"3":[1,1],"4":[0,1],"5":[0,1]},"_coverageSchema":"43e27e138ebf9cfc5966b082cf9a028302ed4184","hash":"c05e60f15d4110e1f6e78c221835676fa0a4c81f","contentHash":"72d4a595fa004e828ee2c678fa0fe2f8957b355a09a0a2b43517bfc617e80eda"},"/home/marusoft/Downloads/Auto-Mart/server/helpers/HelperUtils.js":{"path":"/home/marusoft/Downloads/Auto-Mart/server/helpers/HelperUtils.js","statementMap":{"0":{"start":{"line":3,"column":0},"end":{"line":5,"column":3}},"1":{"start":{"line":6,"column":0},"end":{"line":6,"column":25}},"2":{"start":{"line":8,"column":14},"end":{"line":8,"column":55}},"3":{"start":{"line":10,"column":20},"end":{"line":10,"column":67}},"4":{"start":{"line":12,"column":16},"end":{"line":12,"column":59}},"5":{"start":{"line":14,"column":39},"end":{"line":14,"column":93}},"6":{"start":{"line":16,"column":0},"end":{"line":16,"column":25}},"7":{"start":{"line":18,"column":18},"end":{"line":18,"column":40}},"8":{"start":{"line":19,"column":13},"end":{"line":19,"column":30}},"9":{"start":{"line":32,"column":18},"end":{"line":34,"column":6}},"10":{"start":{"line":36,"column":4},"end":{"line":36,"column":17}},"11":{"start":{"line":46,"column":4},"end":{"line":52,"column":5}},"12":{"start":{"line":47,"column":22},"end":{"line":47,"column":68}},"13":{"start":{"line":49,"column":6},"end":{"line":49,"column":21}},"14":{"start":{"line":51,"column":6},"end":{"line":51,"column":19}},"15":{"start":{"line":62,"column":4},"end":{"line":62,"column":54}},"16":{"start":{"line":73,"column":4},"end":{"line":73,"column":65}},"17":{"start":{"line":78,"column":0},"end":{"line":78,"column":25}}},"fnMap":{"0":{"name":"_interopRequireDefault","decl":{"start":{"line":14,"column":9},"end":{"line":14,"column":31}},"loc":{"start":{"line":14,"column":37},"end":{"line":14,"column":95}},"line":14},"1":{"name":"(anonymous_1)","decl":{"start":{"line":31,"column":2},"end":{"line":31,"column":3}},"loc":{"start":{"line":31,"column":32},"end":{"line":37,"column":3}},"line":31},"2":{"name":"(anonymous_2)","decl":{"start":{"line":45,"column":2},"end":{"line":45,"column":3}},"loc":{"start":{"line":45,"column":28},"end":{"line":53,"column":3}},"line":45},"3":{"name":"(anonymous_3)","decl":{"start":{"line":61,"column":2},"end":{"line":61,"column":3}},"loc":{"start":{"line":61,"column":32},"end":{"line":63,"column":3}},"line":61},"4":{"name":"(anonymous_4)","decl":{"start":{"line":72,"column":2},"end":{"line":72,"column":3}},"loc":{"start":{"line":72,"column":48},"end":{"line":74,"column":3}},"line":72}},"branchMap":{"0":{"loc":{"start":{"line":14,"column":46},"end":{"line":14,"column":92}},"type":"cond-expr","locations":[{"start":{"line":14,"column":70},"end":{"line":14,"column":73}},{"start":{"line":14,"column":76},"end":{"line":14,"column":92}}],"line":14},"1":{"loc":{"start":{"line":14,"column":46},"end":{"line":14,"column":67}},"type":"binary-expr","locations":[{"start":{"line":14,"column":46},"end":{"line":14,"column":49}},{"start":{"line":14,"column":53},"end":{"line":14,"column":67}}],"line":14}},"s":{"0":1,"1":1,"2":1,"3":1,"4":1,"5":3,"6":1,"7":1,"8":1,"9":1,"10":1,"11":20,"12":20,"13":17,"14":3,"15":0,"16":2,"17":1},"f":{"0":3,"1":1,"2":20,"3":0,"4":2},"b":{"0":[0,3],"1":[3,3]},"_coverageSchema":"43e27e138ebf9cfc5966b082cf9a028302ed4184","hash":"f219f58d7ddcb2f6378657436b6f6d3031233633","contentHash":"f525202523797f08f535353196c26a23d660bbda6ac0e1f97724d2abe56af3e9"},"/home/marusoft/Downloads/Auto-Mart/server/db/connection.js":{"path":"/home/marusoft/Downloads/Auto-Mart/server/db/connection.js","statementMap":{"0":{"start":{"line":3,"column":0},"end":{"line":5,"column":3}},"1":{"start":{"line":6,"column":0},"end":{"line":6,"column":25}},"2":{"start":{"line":8,"column":0},"end":{"line":8,"column":25}},"3":{"start":{"line":10,"column":10},"end":{"line":10,"column":23}},"4":{"start":{"line":12,"column":13},"end":{"line":14,"column":2}},"5":{"start":{"line":15,"column":15},"end":{"line":15,"column":19}},"6":{"start":{"line":16,"column":0},"end":{"line":16,"column":27}}},"fnMap":{},"branchMap":{"0":{"loc":{"start":{"line":13,"column":20},"end":{"line":13,"column":99}},"type":"cond-expr","locations":[{"start":{"line":13,"column":43},"end":{"line":13,"column":72}},{"start":{"line":13,"column":75},"end":{"line":13,"column":99}}],"line":13}},"s":{"0":1,"1":1,"2":1,"3":1,"4":1,"5":1,"6":1},"f":{},"b":{"0":[0,1]},"_coverageSchema":"43e27e138ebf9cfc5966b082cf9a028302ed4184","hash":"dd28e572b58724c61fb260a74ca3961dc76f5f63","contentHash":"14daf40923d4a6d68679d1a6f53e4c1e7f4118935cc1ccc2d6bb78d24b078e5c"},"/home/marusoft/Downloads/Auto-Mart/server/middlewares/usersValidator.js":{"path":"/home/marusoft/Downloads/Auto-Mart/server/middlewares/usersValidator.js","statementMap":{"0":{"start":{"line":3,"column":0},"end":{"line":5,"column":3}},"1":{"start":{"line":6,"column":0},"end":{"line":6,"column":25}},"2":{"start":{"line":8,"column":19},"end":{"line":8,"column":65}},"3":{"start":{"line":10,"column":18},"end":{"line":10,"column":69}},"4":{"start":{"line":12,"column":19},"end":{"line":12,"column":76}},"5":{"start":{"line":14,"column":39},"end":{"line":14,"column":93}},"6":{"start":{"line":37,"column":8},"end":{"line":37,"column":16}},"7":{"start":{"line":38,"column":23},"end":{"line":44,"column":5}},"8":{"start":{"line":46,"column":23},"end":{"line":46,"column":69}},"9":{"start":{"line":48,"column":4},"end":{"line":53,"column":5}},"10":{"start":{"line":49,"column":6},"end":{"line":52,"column":9}},"11":{"start":{"line":55,"column":4},"end":{"line":55,"column":39}},"12":{"start":{"line":57,"column":4},"end":{"line":74,"column":5}},"13":{"start":{"line":58,"column":24},"end":{"line":58,"column":62}},"14":{"start":{"line":59,"column":20},"end":{"line":59,"column":27}},"15":{"start":{"line":62,"column":10},"end":{"line":62,"column":59}},"16":{"start":{"line":64,"column":6},"end":{"line":69,"column":7}},"17":{"start":{"line":65,"column":8},"end":{"line":68,"column":11}},"18":{"start":{"line":71,"column":6},"end":{"line":73,"column":9}},"19":{"start":{"line":76,"column":4},"end":{"line":76,"column":27}},"20":{"start":{"line":77,"column":4},"end":{"line":77,"column":58}},"21":{"start":{"line":78,"column":4},"end":{"line":78,"column":56}},"22":{"start":{"line":79,"column":4},"end":{"line":79,"column":40}},"23":{"start":{"line":80,"column":4},"end":{"line":80,"column":38}},"24":{"start":{"line":81,"column":4},"end":{"line":81,"column":18}},"25":{"start":{"line":95,"column":8},"end":{"line":95,"column":16}},"26":{"start":{"line":96,"column":23},"end":{"line":99,"column":5}},"27":{"start":{"line":101,"column":23},"end":{"line":101,"column":69}},"28":{"start":{"line":103,"column":4},"end":{"line":108,"column":5}},"29":{"start":{"line":104,"column":6},"end":{"line":107,"column":9}},"30":{"start":{"line":110,"column":4},"end":{"line":110,"column":39}},"31":{"start":{"line":112,"column":4},"end":{"line":138,"column":5}},"32":{"start":{"line":113,"column":30},"end":{"line":113,"column":68}},"33":{"start":{"line":114,"column":20},"end":{"line":114,"column":27}},"34":{"start":{"line":117,"column":10},"end":{"line":117,"column":65}},"35":{"start":{"line":118,"column":25},"end":{"line":118,"column":32}},"36":{"start":{"line":120,"column":6},"end":{"line":125,"column":7}},"37":{"start":{"line":121,"column":8},"end":{"line":124,"column":11}},"38":{"start":{"line":127,"column":6},"end":{"line":127,"column":33}},"39":{"start":{"line":129,"column":6},"end":{"line":133,"column":7}},"40":{"start":{"line":130,"column":8},"end":{"line":132,"column":11}},"41":{"start":{"line":135,"column":6},"end":{"line":137,"column":9}},"42":{"start":{"line":140,"column":4},"end":{"line":140,"column":33}},"43":{"start":{"line":141,"column":4},"end":{"line":141,"column":18}},"44":{"start":{"line":146,"column":15},"end":{"line":146,"column":30}},"45":{"start":{"line":147,"column":0},"end":{"line":147,"column":27}}},"fnMap":{"0":{"name":"_interopRequireDefault","decl":{"start":{"line":14,"column":9},"end":{"line":14,"column":31}},"loc":{"start":{"line":14,"column":37},"end":{"line":14,"column":95}},"line":14},"1":{"name":"(anonymous_1)","decl":{"start":{"line":30,"column":2},"end":{"line":30,"column":3}},"loc":{"start":{"line":30,"column":55},"end":{"line":82,"column":3}},"line":30},"2":{"name":"(anonymous_2)","decl":{"start":{"line":91,"column":2},"end":{"line":91,"column":3}},"loc":{"start":{"line":91,"column":55},"end":{"line":142,"column":3}},"line":91}},"branchMap":{"0":{"loc":{"start":{"line":14,"column":46},"end":{"line":14,"column":92}},"type":"cond-expr","locations":[{"start":{"line":14,"column":70},"end":{"line":14,"column":73}},{"start":{"line":14,"column":76},"end":{"line":14,"column":92}}],"line":14},"1":{"loc":{"start":{"line":14,"column":46},"end":{"line":14,"column":67}},"type":"binary-expr","locations":[{"start":{"line":14,"column":46},"end":{"line":14,"column":49}},{"start":{"line":14,"column":53},"end":{"line":14,"column":67}}],"line":14},"2":{"loc":{"start":{"line":48,"column":4},"end":{"line":53,"column":5}},"type":"if","locations":[{"start":{"line":48,"column":4},"end":{"line":53,"column":5}},{"start":{"line":48,"column":4},"end":{"line":53,"column":5}}],"line":48},"3":{"loc":{"start":{"line":64,"column":6},"end":{"line":69,"column":7}},"type":"if","locations":[{"start":{"line":64,"column":6},"end":{"line":69,"column":7}},{"start":{"line":64,"column":6},"end":{"line":69,"column":7}}],"line":64},"4":{"loc":{"start":{"line":103,"column":4},"end":{"line":108,"column":5}},"type":"if","locations":[{"start":{"line":103,"column":4},"end":{"line":108,"column":5}},{"start":{"line":103,"column":4},"end":{"line":108,"column":5}}],"line":103},"5":{"loc":{"start":{"line":120,"column":6},"end":{"line":125,"column":7}},"type":"if","locations":[{"start":{"line":120,"column":6},"end":{"line":125,"column":7}},{"start":{"line":120,"column":6},"end":{"line":125,"column":7}}],"line":120},"6":{"loc":{"start":{"line":129,"column":6},"end":{"line":133,"column":7}},"type":"if","locations":[{"start":{"line":129,"column":6},"end":{"line":133,"column":7}},{"start":{"line":129,"column":6},"end":{"line":133,"column":7}}],"line":129}},"s":{"0":1,"1":1,"2":1,"3":1,"4":1,"5":3,"6":0,"7":0,"8":0,"9":0,"10":0,"11":0,"12":0,"13":0,"14":0,"15":0,"16":0,"17":0,"18":0,"19":0,"20":0,"21":0,"22":0,"23":0,"24":0,"25":1,"26":1,"27":1,"28":1,"29":0,"30":1,"31":1,"32":1,"33":1,"34":1,"35":1,"36":1,"37":0,"38":1,"39":1,"40":0,"41":0,"42":1,"43":1,"44":1,"45":1},"f":{"0":3,"1":0,"2":1},"b":{"0":[2,1],"1":[3,3],"2":[0,0],"3":[0,0],"4":[0,1],"5":[0,1],"6":[0,1]},"_coverageSchema":"43e27e138ebf9cfc5966b082cf9a028302ed4184","hash":"c8f0bef2cf28d625ab9a9af5f0ff2e31a4f4c093","contentHash":"a43f1adb3414e5dab542e366fc4a2126f2f97a608d38bf783d73f9d93a239b5e"},"/home/marusoft/Downloads/Auto-Mart/server/routes/carRoutes.js":{"path":"/home/marusoft/Downloads/Auto-Mart/server/routes/carRoutes.js","statementMap":{"0":{"start":{"line":3,"column":0},"end":{"line":5,"column":3}},"1":{"start":{"line":6,"column":0},"end":{"line":6,"column":25}},"2":{"start":{"line":8,"column":15},"end":{"line":8,"column":57}},"3":{"start":{"line":10,"column":22},"end":{"line":10,"column":86}},"4":{"start":{"line":12,"column":22},"end":{"line":12,"column":86}},"5":{"start":{"line":14,"column":16},"end":{"line":14,"column":74}},"6":{"start":{"line":16,"column":39},"end":{"line":16,"column":93}},"7":{"start":{"line":18,"column":18},"end":{"line":18,"column":43}},"8":{"start":{"line":20,"column":0},"end":{"line":20,"column":139}},"9":{"start":{"line":21,"column":0},"end":{"line":21,"column":142}},"10":{"start":{"line":22,"column":0},"end":{"line":22,"column":155}},"11":{"start":{"line":23,"column":0},"end":{"line":23,"column":133}},"12":{"start":{"line":24,"column":0},"end":{"line":24,"column":131}},"13":{"start":{"line":25,"column":0},"end":{"line":25,"column":198}},"14":{"start":{"line":26,"column":15},"end":{"line":26,"column":24}},"15":{"start":{"line":27,"column":0},"end":{"line":27,"column":27}}},"fnMap":{"0":{"name":"_interopRequireDefault","decl":{"start":{"line":16,"column":9},"end":{"line":16,"column":31}},"loc":{"start":{"line":16,"column":37},"end":{"line":16,"column":95}},"line":16}},"branchMap":{"0":{"loc":{"start":{"line":16,"column":46},"end":{"line":16,"column":92}},"type":"cond-expr","locations":[{"start":{"line":16,"column":70},"end":{"line":16,"column":73}},{"start":{"line":16,"column":76},"end":{"line":16,"column":92}}],"line":16},"1":{"loc":{"start":{"line":16,"column":46},"end":{"line":16,"column":67}},"type":"binary-expr","locations":[{"start":{"line":16,"column":46},"end":{"line":16,"column":49}},{"start":{"line":16,"column":53},"end":{"line":16,"column":67}}],"line":16}},"s":{"0":1,"1":1,"2":1,"3":1,"4":1,"5":1,"6":4,"7":1,"8":1,"9":1,"10":1,"11":1,"12":1,"13":1,"14":1,"15":1},"f":{"0":4},"b":{"0":[3,1],"1":[4,4]},"_coverageSchema":"43e27e138ebf9cfc5966b082cf9a028302ed4184","hash":"7f48a5fb437ca4607e42b60cc74cd24a928ecb8a","contentHash":"fe2afacfe4996202aa01cb0cfe23de90bd7526f8af330ce2afef6bc20c9ccd73"},"/home/marusoft/Downloads/Auto-Mart/server/controllers/carControllers.js":{"path":"/home/marusoft/Downloads/Auto-Mart/server/controllers/carControllers.js","statementMap":{"0":{"start":{"line":3,"column":0},"end":{"line":5,"column":3}},"1":{"start":{"line":6,"column":0},"end":{"line":6,"column":25}},"2":{"start":{"line":8,"column":14},"end":{"line":8,"column":55}},"3":{"start":{"line":10,"column":18},"end":{"line":10,"column":69}},"4":{"start":{"line":12,"column":39},"end":{"line":12,"column":93}},"5":{"start":{"line":29,"column":15},"end":{"line":29,"column":31}},"6":{"start":{"line":38,"column":8},"end":{"line":38,"column":16}},"7":{"start":{"line":39,"column":23},"end":{"line":39,"column":55}},"8":{"start":{"line":40,"column":16},"end":{"line":41,"column":16}},"9":{"start":{"line":43,"column":19},"end":{"line":43,"column":98}},"10":{"start":{"line":45,"column":4},"end":{"line":61,"column":5}},"11":{"start":{"line":48,"column":10},"end":{"line":48,"column":54}},"12":{"start":{"line":49,"column":23},"end":{"line":49,"column":30}},"13":{"start":{"line":50,"column":6},"end":{"line":56,"column":9}},"14":{"start":{"line":58,"column":6},"end":{"line":60,"column":9}},"15":{"start":{"line":74,"column":8},"end":{"line":74,"column":18}},"16":{"start":{"line":75,"column":26},"end":{"line":75,"column":60}},"17":{"start":{"line":76,"column":18},"end":{"line":76,"column":28}},"18":{"start":{"line":78,"column":4},"end":{"line":100,"column":5}},"19":{"start":{"line":81,"column":10},"end":{"line":81,"column":65}},"20":{"start":{"line":82,"column":30},"end":{"line":82,"column":37}},"21":{"start":{"line":84,"column":6},"end":{"line":89,"column":7}},"22":{"start":{"line":85,"column":8},"end":{"line":88,"column":11}},"23":{"start":{"line":91,"column":6},"end":{"line":95,"column":9}},"24":{"start":{"line":97,"column":6},"end":{"line":99,"column":9}},"25":{"start":{"line":113,"column":8},"end":{"line":113,"column":18}},"26":{"start":{"line":114,"column":16},"end":{"line":114,"column":26}},"27":{"start":{"line":115,"column":22},"end":{"line":115,"column":54}},"28":{"start":{"line":117,"column":4},"end":{"line":137,"column":5}},"29":{"start":{"line":120,"column":10},"end":{"line":120,"column":59}},"30":{"start":{"line":122,"column":6},"end":{"line":127,"column":7}},"31":{"start":{"line":123,"column":8},"end":{"line":126,"column":11}},"32":{"start":{"line":129,"column":6},"end":{"line":132,"column":9}},"33":{"start":{"line":134,"column":6},"end":{"line":136,"column":9}},"34":{"start":{"line":150,"column":8},"end":{"line":150,"column":18}},"35":{"start":{"line":152,"column":16},"end":{"line":152,"column":26}},"36":{"start":{"line":153,"column":27},"end":{"line":153,"column":61}},"37":{"start":{"line":155,"column":4},"end":{"line":186,"column":5}},"38":{"start":{"line":156,"column":6},"end":{"line":156,"column":70}},"39":{"start":{"line":158,"column":6},"end":{"line":163,"column":7}},"40":{"start":{"line":159,"column":8},"end":{"line":162,"column":11}},"41":{"start":{"line":165,"column":6},"end":{"line":170,"column":7}},"42":{"start":{"line":166,"column":8},"end":{"line":169,"column":11}},"43":{"start":{"line":172,"column":31},"end":{"line":172,"column":86}},"44":{"start":{"line":173,"column":20},"end":{"line":173,"column":47}},"45":{"start":{"line":176,"column":10},"end":{"line":176,"column":66}},"46":{"start":{"line":177,"column":27},"end":{"line":177,"column":34}},"47":{"start":{"line":178,"column":6},"end":{"line":181,"column":9}},"48":{"start":{"line":183,"column":6},"end":{"line":185,"column":9}},"49":{"start":{"line":199,"column":8},"end":{"line":199,"column":18}},"50":{"start":{"line":200,"column":16},"end":{"line":200,"column":26}},"51":{"start":{"line":203,"column":8},"end":{"line":203,"column":16}},"52":{"start":{"line":204,"column":21},"end":{"line":204,"column":55}},"53":{"start":{"line":205,"column":27},"end":{"line":205,"column":81}},"54":{"start":{"line":206,"column":19},"end":{"line":206,"column":31}},"55":{"start":{"line":208,"column":4},"end":{"line":248,"column":5}},"56":{"start":{"line":211,"column":10},"end":{"line":211,"column":58}},"57":{"start":{"line":213,"column":6},"end":{"line":218,"column":7}},"58":{"start":{"line":214,"column":8},"end":{"line":217,"column":11}},"59":{"start":{"line":220,"column":6},"end":{"line":225,"column":7}},"60":{"start":{"line":221,"column":8},"end":{"line":224,"column":11}},"61":{"start":{"line":227,"column":6},"end":{"line":236,"column":7}},"62":{"start":{"line":228,"column":8},"end":{"line":228,"column":29}},"63":{"start":{"line":230,"column":8},"end":{"line":235,"column":9}},"64":{"start":{"line":231,"column":10},"end":{"line":234,"column":13}},"65":{"start":{"line":238,"column":21},"end":{"line":238,"column":76}},"66":{"start":{"line":239,"column":34},"end":{"line":239,"column":48}},"67":{"start":{"line":240,"column":6},"end":{"line":243,"column":9}},"68":{"start":{"line":245,"column":6},"end":{"line":247,"column":9}},"69":{"start":{"line":265,"column":8},"end":{"line":265,"column":17}},"70":{"start":{"line":266,"column":33},"end":{"line":266,"column":86}},"71":{"start":{"line":268,"column":4},"end":{"line":281,"column":5}},"72":{"start":{"line":269,"column":6},"end":{"line":280,"column":7}},"73":{"start":{"line":270,"column":23},"end":{"line":270,"column":43}},"74":{"start":{"line":271,"column":36},"end":{"line":271,"column":97}},"75":{"start":{"line":272,"column":8},"end":{"line":275,"column":11}},"76":{"start":{"line":277,"column":8},"end":{"line":279,"column":11}},"77":{"start":{"line":283,"column":37},"end":{"line":283,"column":90}},"78":{"start":{"line":285,"column":4},"end":{"line":298,"column":5}},"79":{"start":{"line":286,"column":6},"end":{"line":297,"column":7}},"80":{"start":{"line":287,"column":23},"end":{"line":287,"column":44}},"81":{"start":{"line":288,"column":42},"end":{"line":288,"column":107}},"82":{"start":{"line":289,"column":8},"end":{"line":292,"column":11}},"83":{"start":{"line":294,"column":8},"end":{"line":296,"column":11}},"84":{"start":{"line":300,"column":4},"end":{"line":315,"column":5}},"85":{"start":{"line":301,"column":38},"end":{"line":301,"column":97}},"86":{"start":{"line":303,"column":6},"end":{"line":314,"column":7}},"87":{"start":{"line":304,"column":23},"end":{"line":304,"column":45}},"88":{"start":{"line":305,"column":44},"end":{"line":305,"column":108}},"89":{"start":{"line":306,"column":8},"end":{"line":309,"column":11}},"90":{"start":{"line":311,"column":8},"end":{"line":313,"column":11}},"91":{"start":{"line":317,"column":4},"end":{"line":332,"column":5}},"92":{"start":{"line":318,"column":39},"end":{"line":318,"column":99}},"93":{"start":{"line":320,"column":6},"end":{"line":331,"column":7}},"94":{"start":{"line":321,"column":23},"end":{"line":321,"column":50}},"95":{"start":{"line":322,"column":45},"end":{"line":322,"column":110}},"96":{"start":{"line":323,"column":8},"end":{"line":326,"column":11}},"97":{"start":{"line":328,"column":8},"end":{"line":330,"column":11}},"98":{"start":{"line":334,"column":4},"end":{"line":349,"column":5}},"99":{"start":{"line":335,"column":27},"end":{"line":335,"column":65}},"100":{"start":{"line":337,"column":6},"end":{"line":348,"column":7}},"101":{"start":{"line":338,"column":22},"end":{"line":338,"column":35}},"102":{"start":{"line":339,"column":33},"end":{"line":339,"column":85}},"103":{"start":{"line":340,"column":8},"end":{"line":343,"column":11}},"104":{"start":{"line":345,"column":8},"end":{"line":347,"column":11}},"105":{"start":{"line":351,"column":4},"end":{"line":366,"column":5}},"106":{"start":{"line":352,"column":29},"end":{"line":352,"column":70}},"107":{"start":{"line":354,"column":6},"end":{"line":365,"column":7}},"108":{"start":{"line":355,"column":22},"end":{"line":355,"column":33}},"109":{"start":{"line":356,"column":35},"end":{"line":356,"column":89}},"110":{"start":{"line":357,"column":8},"end":{"line":360,"column":11}},"111":{"start":{"line":362,"column":8},"end":{"line":364,"column":11}},"112":{"start":{"line":368,"column":4},"end":{"line":368,"column":18}},"113":{"start":{"line":383,"column":8},"end":{"line":383,"column":17}},"114":{"start":{"line":385,"column":4},"end":{"line":403,"column":5}},"115":{"start":{"line":386,"column":29},"end":{"line":386,"column":129}},"116":{"start":{"line":388,"column":6},"end":{"line":402,"column":7}},"117":{"start":{"line":391,"column":12},"end":{"line":391,"column":59}},"118":{"start":{"line":392,"column":8},"end":{"line":397,"column":11}},"119":{"start":{"line":399,"column":8},"end":{"line":401,"column":11}},"120":{"start":{"line":405,"column":4},"end":{"line":405,"column":18}},"121":{"start":{"line":417,"column":20},"end":{"line":417,"column":40}},"122":{"start":{"line":419,"column":4},"end":{"line":432,"column":5}},"123":{"start":{"line":422,"column":10},"end":{"line":422,"column":50}},"124":{"start":{"line":423,"column":6},"end":{"line":427,"column":9}},"125":{"start":{"line":429,"column":6},"end":{"line":431,"column":9}},"126":{"start":{"line":437,"column":15},"end":{"line":437,"column":19}},"127":{"start":{"line":438,"column":0},"end":{"line":438,"column":27}}},"fnMap":{"0":{"name":"_interopRequireDefault","decl":{"start":{"line":12,"column":9},"end":{"line":12,"column":31}},"loc":{"start":{"line":12,"column":37},"end":{"line":12,"column":95}},"line":12},"1":{"name":"(anonymous_1)","decl":{"start":{"line":28,"column":2},"end":{"line":28,"column":3}},"loc":{"start":{"line":28,"column":41},"end":{"line":62,"column":3}},"line":28},"2":{"name":"(anonymous_2)","decl":{"start":{"line":71,"column":2},"end":{"line":71,"column":3}},"loc":{"start":{"line":71,"column":42},"end":{"line":101,"column":3}},"line":71},"3":{"name":"(anonymous_3)","decl":{"start":{"line":110,"column":2},"end":{"line":110,"column":3}},"loc":{"start":{"line":110,"column":51},"end":{"line":138,"column":3}},"line":110},"4":{"name":"(anonymous_4)","decl":{"start":{"line":147,"column":2},"end":{"line":147,"column":3}},"loc":{"start":{"line":147,"column":41},"end":{"line":187,"column":3}},"line":147},"5":{"name":"(anonymous_5)","decl":{"start":{"line":196,"column":2},"end":{"line":196,"column":3}},"loc":{"start":{"line":196,"column":40},"end":{"line":249,"column":3}},"line":196},"6":{"name":"(anonymous_6)","decl":{"start":{"line":259,"column":2},"end":{"line":259,"column":3}},"loc":{"start":{"line":259,"column":49},"end":{"line":369,"column":3}},"line":259},"7":{"name":"(anonymous_7)","decl":{"start":{"line":379,"column":2},"end":{"line":379,"column":3}},"loc":{"start":{"line":379,"column":59},"end":{"line":406,"column":3}},"line":379},"8":{"name":"(anonymous_8)","decl":{"start":{"line":416,"column":2},"end":{"line":416,"column":3}},"loc":{"start":{"line":416,"column":49},"end":{"line":433,"column":3}},"line":416}},"branchMap":{"0":{"loc":{"start":{"line":12,"column":46},"end":{"line":12,"column":92}},"type":"cond-expr","locations":[{"start":{"line":12,"column":70},"end":{"line":12,"column":73}},{"start":{"line":12,"column":76},"end":{"line":12,"column":92}}],"line":12},"1":{"loc":{"start":{"line":12,"column":46},"end":{"line":12,"column":67}},"type":"binary-expr","locations":[{"start":{"line":12,"column":46},"end":{"line":12,"column":49}},{"start":{"line":12,"column":53},"end":{"line":12,"column":67}}],"line":12},"2":{"loc":{"start":{"line":84,"column":6},"end":{"line":89,"column":7}},"type":"if","locations":[{"start":{"line":84,"column":6},"end":{"line":89,"column":7}},{"start":{"line":84,"column":6},"end":{"line":89,"column":7}}],"line":84},"3":{"loc":{"start":{"line":122,"column":6},"end":{"line":127,"column":7}},"type":"if","locations":[{"start":{"line":122,"column":6},"end":{"line":127,"column":7}},{"start":{"line":122,"column":6},"end":{"line":127,"column":7}}],"line":122},"4":{"loc":{"start":{"line":158,"column":6},"end":{"line":163,"column":7}},"type":"if","locations":[{"start":{"line":158,"column":6},"end":{"line":163,"column":7}},{"start":{"line":158,"column":6},"end":{"line":163,"column":7}}],"line":158},"5":{"loc":{"start":{"line":165,"column":6},"end":{"line":170,"column":7}},"type":"if","locations":[{"start":{"line":165,"column":6},"end":{"line":170,"column":7}},{"start":{"line":165,"column":6},"end":{"line":170,"column":7}}],"line":165},"6":{"loc":{"start":{"line":213,"column":6},"end":{"line":218,"column":7}},"type":"if","locations":[{"start":{"line":213,"column":6},"end":{"line":218,"column":7}},{"start":{"line":213,"column":6},"end":{"line":218,"column":7}}],"line":213},"7":{"loc":{"start":{"line":220,"column":6},"end":{"line":225,"column":7}},"type":"if","locations":[{"start":{"line":220,"column":6},"end":{"line":225,"column":7}},{"start":{
[...]
line":139,"column":6},"end":{"line":139,"column":13}},"63":{"start":{"line":141,"column":4},"end":{"line":158,"column":7}},"64":{"start":{"line":142,"column":26},"end":{"line":149,"column":7}},"65":{"start":{"line":151,"column":6},"end":{"line":155,"column":9}},"66":{"start":{"line":152,"column":8},"end":{"line":152,"column":40}},"67":{"start":{"line":153,"column":8},"end":{"line":153,"column":41}},"68":{"start":{"line":154,"column":8},"end":{"line":154,"column":49}},"69":{"start":{"line":157,"column":6},"end":{"line":157,"column":13}},"70":{"start":{"line":159,"column":4},"end":{"line":175,"column":7}},"71":{"start":{"line":160,"column":26},"end":{"line":166,"column":7}},"72":{"start":{"line":168,"column":6},"end":{"line":172,"column":9}},"73":{"start":{"line":169,"column":8},"end":{"line":169,"column":40}},"74":{"start":{"line":170,"column":8},"end":{"line":170,"column":41}},"75":{"start":{"line":171,"column":8},"end":{"line":171,"column":49}},"76":{"start":{"line":174,"column":6},"end":{"line":174,"column":13}},"77":{"start":{"line":176,"column":4},"end":{"line":194,"column":7}},"78":{"start":{"line":177,"column":26},"end":{"line":185,"column":7}},"79":{"start":{"line":187,"column":6},"end":{"line":191,"column":9}},"80":{"start":{"line":188,"column":8},"end":{"line":188,"column":40}},"81":{"start":{"line":189,"column":8},"end":{"line":189,"column":41}},"82":{"start":{"line":190,"column":8},"end":{"line":190,"column":49}},"83":{"start":{"line":193,"column":6},"end":{"line":193,"column":13}},"84":{"start":{"line":195,"column":4},"end":{"line":213,"column":7}},"85":{"start":{"line":196,"column":26},"end":{"line":204,"column":7}},"86":{"start":{"line":206,"column":6},"end":{"line":210,"column":9}},"87":{"start":{"line":207,"column":8},"end":{"line":207,"column":40}},"88":{"start":{"line":208,"column":8},"end":{"line":208,"column":41}},"89":{"start":{"line":209,"column":8},"end":{"line":209,"column":49}},"90":{"start":{"line":212,"column":6},"end":{"line":212,"column":13}},"91":{"start":{"line":214,"column":4},"end":{"line":232,"column":7}},"92":{"start":{"line":215,"column":26},"end":{"line":223,"column":7}},"93":{"start":{"line":225,"column":6},"end":{"line":229,"column":9}},"94":{"start":{"line":226,"column":8},"end":{"line":226,"column":40}},"95":{"start":{"line":227,"column":8},"end":{"line":227,"column":41}},"96":{"start":{"line":228,"column":8},"end":{"line":228,"column":49}},"97":{"start":{"line":231,"column":6},"end":{"line":231,"column":13}},"98":{"start":{"line":236,"column":0},"end":{"line":383,"column":3}},"99":{"start":{"line":237,"column":2},"end":{"line":382,"column":5}},"100":{"start":{"line":238,"column":4},"end":{"line":252,"column":7}},"101":{"start":{"line":239,"column":31},"end":{"line":242,"column":7}},"102":{"start":{"line":244,"column":6},"end":{"line":249,"column":9}},"103":{"start":{"line":245,"column":8},"end":{"line":245,"column":40}},"104":{"start":{"line":246,"column":8},"end":{"line":246,"column":41}},"105":{"start":{"line":247,"column":8},"end":{"line":247,"column":48}},"106":{"start":{"line":248,"column":8},"end":{"line":248,"column":107}},"107":{"start":{"line":251,"column":6},"end":{"line":251,"column":13}},"108":{"start":{"line":253,"column":4},"end":{"line":267,"column":7}},"109":{"start":{"line":254,"column":31},"end":{"line":257,"column":7}},"110":{"start":{"line":259,"column":6},"end":{"line":264,"column":9}},"111":{"start":{"line":260,"column":8},"end":{"line":260,"column":40}},"112":{"start":{"line":261,"column":8},"end":{"line":261,"column":41}},"113":{"start":{"line":262,"column":8},"end":{"line":262,"column":43}},"114":{"start":{"line":263,"column":8},"end":{"line":263,"column":85}},"115":{"start":{"line":266,"column":6},"end":{"line":266,"column":13}},"116":{"start":{"line":268,"column":4},"end":{"line":281,"column":7}},"117":{"start":{"line":269,"column":31},"end":{"line":272,"column":7}},"118":{"start":{"line":274,"column":6},"end":{"line":278,"column":9}},"119":{"start":{"line":275,"column":8},"end":{"line":275,"column":40}},"120":{"start":{"line":276,"column":8},"end":{"line":276,"column":41}},"121":{"start":{"line":277,"column":8},"end":{"line":277,"column":49}},"122":{"start":{"line":280,"column":6},"end":{"line":280,"column":13}},"123":{"start":{"line":282,"column":4},"end":{"line":296,"column":7}},"124":{"start":{"line":283,"column":31},"end":{"line":286,"column":7}},"125":{"start":{"line":288,"column":6},"end":{"line":293,"column":9}},"126":{"start":{"line":289,"column":8},"end":{"line":289,"column":40}},"127":{"start":{"line":290,"column":8},"end":{"line":290,"column":41}},"128":{"start":{"line":291,"column":8},"end":{"line":291,"column":43}},"129":{"start":{"line":292,"column":8},"end":{"line":292,"column":114}},"130":{"start":{"line":295,"column":6},"end":{"line":295,"column":13}},"131":{"start":{"line":297,"column":4},"end":{"line":311,"column":7}},"132":{"start":{"line":298,"column":31},"end":{"line":301,"column":7}},"133":{"start":{"line":303,"column":6},"end":{"line":308,"column":9}},"134":{"start":{"line":304,"column":8},"end":{"line":304,"column":40}},"135":{"start":{"line":305,"column":8},"end":{"line":305,"column":41}},"136":{"start":{"line":306,"column":8},"end":{"line":306,"column":43}},"137":{"start":{"line":307,"column":8},"end":{"line":307,"column":84}},"138":{"start":{"line":310,"column":6},"end":{"line":310,"column":13}},"139":{"start":{"line":312,"column":4},"end":{"line":324,"column":7}},"140":{"start":{"line":313,"column":31},"end":{"line":315,"column":7}},"141":{"start":{"line":317,"column":6},"end":{"line":321,"column":9}},"142":{"start":{"line":318,"column":8},"end":{"line":318,"column":40}},"143":{"start":{"line":319,"column":8},"end":{"line":319,"column":41}},"144":{"start":{"line":320,"column":8},"end":{"line":320,"column":49}},"145":{"start":{"line":323,"column":6},"end":{"line":323,"column":13}},"146":{"start":{"line":325,"column":4},"end":{"line":337,"column":7}},"147":{"start":{"line":326,"column":31},"end":{"line":328,"column":7}},"148":{"start":{"line":330,"column":6},"end":{"line":334,"column":9}},"149":{"start":{"line":331,"column":8},"end":{"line":331,"column":40}},"150":{"start":{"line":332,"column":8},"end":{"line":332,"column":41}},"151":{"start":{"line":333,"column":8},"end":{"line":333,"column":49}},"152":{"start":{"line":336,"column":6},"end":{"line":336,"column":13}},"153":{"start":{"line":338,"column":4},"end":{"line":351,"column":7}},"154":{"start":{"line":339,"column":31},"end":{"line":342,"column":7}},"155":{"start":{"line":344,"column":6},"end":{"line":348,"column":9}},"156":{"start":{"line":345,"column":8},"end":{"line":345,"column":40}},"157":{"start":{"line":346,"column":8},"end":{"line":346,"column":41}},"158":{"start":{"line":347,"column":8},"end":{"line":347,"column":49}},"159":{"start":{"line":350,"column":6},"end":{"line":350,"column":13}},"160":{"start":{"line":352,"column":4},"end":{"line":366,"column":7}},"161":{"start":{"line":353,"column":31},"end":{"line":356,"column":7}},"162":{"start":{"line":358,"column":6},"end":{"line":363,"column":9}},"163":{"start":{"line":359,"column":8},"end":{"line":359,"column":40}},"164":{"start":{"line":360,"column":8},"end":{"line":360,"column":41}},"165":{"start":{"line":361,"column":8},"end":{"line":361,"column":43}},"166":{"start":{"line":362,"column":8},"end":{"line":362,"column":114}},"167":{"start":{"line":365,"column":6},"end":{"line":365,"column":13}},"168":{"start":{"line":367,"column":4},"end":{"line":381,"column":7}},"169":{"start":{"line":368,"column":31},"end":{"line":371,"column":7}},"170":{"start":{"line":373,"column":6},"end":{"line":378,"column":9}},"171":{"start":{"line":374,"column":8},"end":{"line":374,"column":40}},"172":{"start":{"line":375,"column":8},"end":{"line":375,"column":41}},"173":{"start":{"line":376,"column":8},"end":{"line":376,"column":43}},"174":{"start":{"line":377,"column":8},"end":{"line":377,"column":65}},"175":{"start":{"line":380,"column":6},"end":{"line":380,"column":13}}},"fnMap":{"0":{"name":"_interopRequireDefault","decl":{"start":{"line":11,"column":9},"end":{"line":11,"column":31}},"loc":{"start":{"line":11,"column":37},"end":{"line":11,"column":95}},"line":11},"1":{"name":"(anonymous_1)","decl":{"start":{"line":24,"column":33},"end":{"line":24,"column":34}},"loc":{"start":{"line":24,"column":39},"end":{"line":46,"column":1}},"line":24},"2":{"name":"(anonymous_2)","decl":{"start":{"line":25,"column":40},"end":{"line":25,"column":41}},"loc":{"start":{"line":25,"column":48},"end":{"line":31,"column":3}},"line":25},"3":{"name":"(anonymous_3)","decl":{"start":{"line":26,"column":59},"end":{"line":26,"column":60}},"loc":{"start":{"line":26,"column":73},"end":{"line":30,"column":5}},"line":26},"4":{"name":"(anonymous_4)","decl":{"start":{"line":32,"column":57},"end":{"line":32,"column":58}},"loc":{"start":{"line":32,"column":65},"end":{"line":37,"column":3}},"line":32},"5":{"name":"(anonymous_5)","decl":{"start":{"line":33,"column":76},"end":{"line":33,"column":77}},"loc":{"start":{"line":33,"column":90},"end":{"line":36,"column":5}},"line":33},"6":{"name":"(anonymous_6)","decl":{"start":{"line":38,"column":47},"end":{"line":38,"column":48}},"loc":{"start":{"line":38,"column":55},"end":{"line":45,"column":3}},"line":38},"7":{"name":"(anonymous_7)","decl":{"start":{"line":41,"column":11},"end":{"line":41,"column":12}},"loc":{"start":{"line":41,"column":25},"end":{"line":44,"column":5}},"line":41},"8":{"name":"(anonymous_8)","decl":{"start":{"line":48,"column":40},"end":{"line":48,"column":41}},"loc":{"start":{"line":48,"column":46},"end":{"line":234,"column":1}},"line":48},"9":{"name":"(anonymous_9)","decl":{"start":{"line":49,"column":45},"end":{"line":49,"column":46}},"loc":{"start":{"line":49,"column":51},"end":{"line":233,"column":3}},"line":49},"10":{"name":"(anonymous_10)","decl":{"start":{"line":50,"column":52},"end":{"line":50,"column":53}},"loc":{"start":{"line":50,"column":60},"end":{"line":69,"column":5}},"line":50},"11":{"name":"(anonymous_11)","decl":{"start":{"line":61,"column":80},"end":{"line":61,"column":81}},"loc":{"start":{"line":61,"column":94},"end":{"line":66,"column":7}},"line":61},"12":{"name":"(anonymous_12)","decl":{"start":{"line":70,"column":47},"end":{"line":70,"column":48}},"loc":{"start":{"line":70,"column":55},"end":{"line":89,"column":5}},"line":70},"13":{"name":"(anonymous_13)","decl":{"start":{"line":81,"column":80},"end":{"line":81,"column":81}},"loc":{"start":{"line":81,"column":94},"end":{"line":86,"column":7}},"line":81},"14":{"name":"(anonymous_14)","decl":{"start":{"line":90,"column":48},"end":{"line":90,"column":49}},"loc":{"start":{"line":90,"column":56},"end":{"line":106,"column":5}},"line":90},"15":{"name":"(anonymous_15)","decl":{"start":{"line":99,"column":80},"end":{"line":99,"column":81}},"loc":{"start":{"line":99,"column":94},"end":{"line":103,"column":7}},"line":99},"16":{"name":"(anonymous_16)","decl":{"start":{"line":107,"column":52},"end":{"line":107,"column":53}},"loc":{"start":{"line":107,"column":60},"end":{"line":123,"column":5}},"line":107},"17":{"name":"(anonymous_17)","decl":{"start":{"line":116,"column":80},"end":{"line":116,"column":81}},"loc":{"start":{"line":116,"column":94},"end":{"line":120,"column":7}},"line":116},"18":{"name":"(anonymous_18)","decl":{"start":{"line":124,"column":51},"end":{"line":124,"column":52}},"loc":{"start":{"line":124,"column":59},"end":{"line":140,"column":5}},"line":124},"19":{"name":"(anonymous_19)","decl":{"start":{"line":133,"column":80},"end":{"line":133,"column":81}},"loc":{"start":{"line":133,"column":94},"end":{"line":137,"column":7}},"line":133},"20":{"name":"(anonymous_20)","decl":{"start":{"line":141,"column":47},"end":{"line":141,"column":48}},"loc":{"start":{"line":141,"column":55},"end":{"line":158,"column":5}},"line":141},"21":{"name":"(anonymous_21)","decl":{"start":{"line":151,"column":80},"end":{"line":151,"column":81}},"loc":{"start":{"line":151,"column":94},"end":{"line":155,"column":7}},"line":151},"22":{"name":"(anonymous_22)","decl":{"start":{"line":159,"column":55},"end":{"line":159,"column":56}},"loc":{"start":{"line":159,"column":63},"end":{"line":175,"column":5}},"line":159},"23":{"name":"(anonymous_23)","decl":{"start":{"line":168,"column":80},"end":{"line":168,"column":81}},"loc":{"start":{"line":168,"column":94},"end":{"line":172,"column":7}},"line":168},"24":{"name":"(anonymous_24)","decl":{"start":{"line":176,"column":67},"end":{"line":176,"column":68}},"loc":{"start":{"line":176,"column":75},"end":{"line":194,"column":5}},"line":176},"25":{"name":"(anonymous_25)","decl":{"start":{"line":187,"column":80},"end":{"line":187,"column":81}},"loc":{"start":{"line":187,"column":94},"end":{"line":191,"column":7}},"line":187},"26":{"name":"(anonymous_26)","decl":{"start":{"line":195,"column":66},"end":{"line":195,"column":67}},"loc":{"start":{"line":195,"column":74},"end":{"line":213,"column":5}},"line":195},"27":{"name":"(anonymous_27)","decl":{"start":{"line":206,"column":80},"end":{"line":206,"column":81}},"loc":{"start":{"line":206,"column":94},"end":{"line":210,"column":7}},"line":206},"28":{"name":"(anonymous_28)","decl":{"start":{"line":214,"column":66},"end":{"line":214,"column":67}},"loc":{"start":{"line":214,"column":74},"end":{"line":232,"column":5}},"line":214},"29":{"name":"(anonymous_29)","decl":{"start":{"line":225,"column":80},"end":{"line":225,"column":81}},"loc":{"start":{"line":225,"column":94},"end":{"line":229,"column":7}},"line":225},"30":{"name":"(anonymous_30)","decl":{"start":{"line":236,"column":40},"end":{"line":236,"column":41}},"loc":{"start":{"line":236,"column":46},"end":{"line":383,"column":1}},"line":236},"31":{"name":"(anonymous_31)","decl":{"start":{"line":237,"column":44},"end":{"line":237,"column":45}},"loc":{"start":{"line":237,"column":50},"end":{"line":382,"column":3}},"line":237},"32":{"name":"(anonymous_32)","decl":{"start":{"line":238,"column":49},"end":{"line":238,"column":50}},"loc":{"start":{"line":238,"column":57},"end":{"line":252,"column":5}},"line":238},"33":{"name":"(anonymous_33)","decl":{"start":{"line":244,"column":85},"end":{"line":244,"column":86}},"loc":{"start":{"line":244,"column":99},"end":{"line":249,"column":7}},"line":244},"34":{"name":"(anonymous_34)","decl":{"start":{"line":253,"column":64},"end":{"line":253,"column":65}},"loc":{"start":{"line":253,"column":72},"end":{"line":267,"column":5}},"line":253},"35":{"name":"(anonymous_35)","decl":{"start":{"line":259,"column":85},"end":{"line":259,"column":86}},"loc":{"start":{"line":259,"column":99},"end":{"line":264,"column":7}},"line":259},"36":{"name":"(anonymous_36)","decl":{"start":{"line":268,"column":56},"end":{"line":268,"column":57}},"loc":{"start":{"line":268,"column":64},"end":{"line":281,"column":5}},"line":268},"37":{"name":"(anonymous_37)","decl":{"start":{"line":274,"column":85},"end":{"line":274,"column":86}},"loc":{"start":{"line":274,"column":99},"end":{"line":278,"column":7}},"line":274},"38":{"name":"(anonymous_38)","decl":{"start":{"line":282,"column":60},"end":{"line":282,"column":61}},"loc":{"start":{"line":282,"column":68},"end":{"line":296,"column":5}},"line":282},"39":{"name":"(anonymous_39)","decl":{"start":{"line":288,"column":85},"end":{"line":288,"column":86}},"loc":{"start":{"line":288,"column":99},"end":{"line":293,"column":7}},"line":288},"40":{"name":"(anonymous_40)","decl":{"start":{"line":297,"column":68},"end":{"line":297,"column":69}},"loc":{"start":{"line":297,"column":76},"end":{"line":311,"column":5}},"line":297},"41":{"name":"(anonymous_41)","decl":{"start":{"line":303,"column":85},"end":{"line":303,"column":86}},"loc":{"start":{"line":303,"column":99},"end":{"line":308,"column":7}},"line":303},"42":{"name":"(anonymous_42)","decl":{"start":{"line":312,"column":61},"end":{"line":312,"column":62}},"loc":{"start":{"line":312,"column":69},"end":{"line":324,"column":5}},"line":312},"43":{"name":"(anonymous_43)","decl":{"start":{"line":317,"column":85},"end":{"line":317,"column":86}},"loc":{"start":{"line":317,"column":99},"end":{"line":321,"column":7}},"line":317},"44":{"name":"(anonymous_44)","decl":{"start":{"line":325,"column":64},"end":{"line":325,"column":65}},"loc":{"start":{"line":325,"column":72},"end":{"line":337,"column":5}},"line":325},"45":{"name":"(anonymous_45)","decl":{"start":{"line":330,"column":85},"end":{"line":330,"column":86}},"loc":{"start":{"line":330,"column":99},"end":{"line":334,"column":7}},"line":330},"46":{"name":"(anonymous_46)","decl":{"start":{"line":338,"column":79},"end":{"line":338,"column":80}},"loc":{"start":{"line":338,"column":87},"end":{"line":351,"column":5}},"line":338},"47":{"name":"(anonymous_47)","decl":{"start":{"line":344,"column":85},"end":{"line":344,"column":86}},"loc":{"start":{"line":344,"column":99},"end":{"line":348,"column":7}},"line":344},"48":{"name":"(anonymous_48)","decl":{"start":{"line":352,"column":61},"end":{"line":352,"column":62}},"loc":{"start":{"line":352,"column":69},"end":{"line":366,"column":5}},"line":352},"49":{"name":"(anonymous_49)","decl":{"start":{"line":358,"column":85},"end":{"line":358,"column":86}},"loc":{"start":{"line":358,"column":99},"end":{"line":363,"column":7}},"line":358},"50":{"name":"(anonymous_50)","decl":{"start":{"line":367,"column":64},"end":{"line":367,"column":65}},"loc":{"start":{"line":367,"column":72},"end":{"line":381,"column":5}},"line":367},"51":{"name":"(anonymous_51)","decl":{"start":{"line":373,"column":85},"end":{"line":373,"column":86}},"loc":{"start":{"line":373,"column":99},"end":{"line":378,"column":7}},"line":373}},"branchMap":{"0":{"loc":{"start":{"line":11,"column":46},"end":{"line":11,"column":92}},"type":"cond-expr","locations":[{"start":{"line":11,"column":70},"end":{"line":11,"column":73}},{"start":{"line":11,"column":76},"end":{"line":11,"column":92}}],"line":11},"1":{"loc":{"start":{"line":11,"column":46},"end":{"line":11,"column":67}},"type":"binary-expr","locations":[{"start":{"line":11,"column":46},"end":{"line":11,"column":49}},{"start":{"line":11,"column":53},"end":{"line":11,"column":67}}],"line":11}},"s":{"0":1,"1":1,"2":1,"3":1,"4":3,"5":1,"6":1,"7":1,"8":1,"9":1,"10":1,"11":1,"12":0,"13":0,"14":0,"15":0,"16":1,"17":0,"18":0,"19":0,"20":1,"21":0,"22":0,"23":0,"24":1,"25":1,"26":1,"27":0,"28":0,"29":0,"30":0,"31":0,"32":0,"33":0,"34":1,"35":0,"36":0,"37":0,"38":0,"39":0,"40":0,"41":0,"42":1,"43":0,"44":0,"45":0,"46":0,"47":0,"48":0,"49":1,"50":0,"51":0,"52":0,"53":0,"54":0,"55":0,"56":1,"57":0,"58":0,"59":0,"60":0,"61":0,"62":0,"63":1,"64":0,"65":0,"66":0,"67":0,"68":0,"69":0,"70":1,"71":0,"72":0,"73":0,"74":0,"75":0,"76":0,"77":1,"78":0,"79":0,"80":0,"81":0,"82":0,"83":0,"84":1,"85":0,"86":0,"87":0,"88":0,"89":0,"90":0,"91":1,"92":0,"93":0,"94":0,"95":0,"96":0,"97":0,"98":1,"99":1,"100":1,"101":0,"102":0,"103":0,"104":0,"105":0,"106":0,"107":0,"108":1,"109":0,"110":0,"111":0,"112":0,"113":0,"114":0,"115":0,"116":1,"117":0,"118":0,"119":0,"120":0,"121":0,"122":0,"123":1,"124":0,"125":0,"126":0,"127":0,"128":0,"129":0,"130":0,"131":1,"132":0,"133":0,"134":0,"135":0,"136":0,"137":0,"138":0,"139":1,"140":0,"141":0,"142":0,"143":0,"144":0,"145":0,"146":1,"147":0,"148":0,"149":0,"150":0,"151":0,"152":0,"153":1,"154":0,"155":0,"156":0,"157":0,"158":0,"159":0,"160":1,"161":0,"162":0,"163":0,"164":0,"165":0,"166":0,"167":0,"168":1,"169":0,"170":0,"171":0,"172":0,"173":0,"174":0,"175":0},"f":{"0":3,"1":1,"2":0,"3":0,"4":0,"5":0,"6":0,"7":0,"8":1,"9":1,"10":0,"11":0,"12":0,"13":0,"14":0,"15":0,"16":0,"17":0,"18":0,"19":0,"20":0,"21":0,"22":0,"23":0,"24":0,"25":0,"26":0,"27":0,"28":0,"29":0,"30":1,"31":1,"32":0,"33":0,"34":0,"35":0,"36":0,"37":0,"38":0,"39":0,"40":0,"41":0,"42":0,"43":0,"44":0,"45":0,"46":0,"47":0,"48":0,"49":0,"50":0,"51":0},"b":{"0":[1,2],"1":[3,3]},"_coverageSchema":"43e27e138ebf9cfc5966b082cf9a028302ed4184","hash":"032b696f3fdb98a30b7014b97540f572b5346435","contentHash":"63e93dc4c5a9ae671deed7201b6c1c3e26312e2de1e64b9312646ba9ee99fdef"}}