{"/home/marusoft/Downloads/Auto-Mart/server/test/carTest.js":{"path":"/home/marusoft/Downloads/Auto-Mart/server/test/carTest.js","statementMap":{},"fnMap":{},"branchMap":{},"s":{},"f":{},"b":{},"_coverageSchema":"43e27e138ebf9cfc5966b082cf9a028302ed4184","hash":"ecb1ee07a22f3cce523eb057d58c859abf20bf67","contentHash":"c698decbc848cc5e75f49a4d6302cc7c06cffafa160f5414fef23c9568158d44"},"/home/marusoft/Downloads/Auto-Mart/server/test/flagTest.js":{"path":"/home/marusoft/Downloads/Auto-Mart/server/test/flagTest.js","statementMap":{},"fnMap":{},"branchMap":{},"s":{},"f":{},"b":{},"_coverageSchema":"43e27e138ebf9cfc5966b082cf9a028302ed4184","hash":"b0370fb6caf5e73fa66af5814ce88d8140273695","contentHash":"65a74b1e0c7cb8fb91138b2c08f3d27be787e7e8a6edb6e71af79e4bf839a1c2"},"/home/marusoft/Downloads/Auto-Mart/server/test/orderTest.js":{"path":"/home/marusoft/Downloads/Auto-Mart/server/test/orderTest.js","statementMap":{},"fnMap":{},"branchMap":{},"s":{},"f":{},"b":{},"_coverageSchema":"43e27e138ebf9cfc5966b082cf9a028302ed4184","hash":"d734bfa0ab13e080fba4e652c413d8c9098ee89f","contentHash":"b535a2f4c7cbbd6bd420d1f8d5b00bbc5aac0434632781b1b8ddc3fab0e9f583"},"/home/marusoft/Downloads/Auto-Mart/server/test/userTest.js":{"path":"/home/marusoft/Downloads/Auto-Mart/server/test/userTest.js","statementMap":{"0":{"start":{"line":3,"column":12},"end":{"line":3,"column":51}},"1":{"start":{"line":5,"column":16},"end":{"line":5,"column":60}},"2":{"start":{"line":7,"column":13},"end":{"line":7,"column":29}},"3":{"start":{"line":9,"column":11},"end":{"line":9,"column":52}},"4":{"start":{"line":11,"column":39},"end":{"line":11,"column":95}},"5":{"start":{"line":13,"column":13},"end":{"line":13,"column":36}},"6":{"start":{"line":14,"column":13},"end":{"line":14,"column":36}},"7":{"start":{"line":15,"column":0},"end":{"line":15,"column":9}},"8":{"start":{"line":17,"column":0},"end":{"line":17,"column":43}},"9":{"start":{"line":19,"column":16},"end":{"line":19,"column":37}},"10":{"start":{"line":20,"column":16},"end":{"line":20,"column":37}},"11":{"start":{"line":22,"column":16},"end":{"line":22,"column":379}},"12":{"start":{"line":23,"column":0},"end":{"line":45,"column":3}},"13":{"start":{"line":24,"column":2},"end":{"line":30,"column":5}},"14":{"start":{"line":25,"column":4},"end":{"line":29,"column":7}},"15":{"start":{"line":26,"column":6},"end":{"line":26,"column":38}},"16":{"start":{"line":27,"column":6},"end":{"line":27,"column":75}},"17":{"start":{"line":28,"column":6},"end":{"line":28,"column":13}},"18":{"start":{"line":31,"column":2},"end":{"line":36,"column":5}},"19":{"start":{"line":32,"column":4},"end":{"line":35,"column":7}},"20":{"start":{"line":33,"column":6},"end":{"line":33,"column":39}},"21":{"start":{"line":34,"column":6},"end":{"line":34,"column":13}},"22":{"start":{"line":37,"column":2},"end":{"line":44,"column":5}},"23":{"start":{"line":38,"column":4},"end":{"line":43,"column":7}},"24":{"start":{"line":41,"column":6},"end":{"line":41,"column":38}},"25":{"start":{"line":42,"column":6},"end":{"line":42,"column":13}},"26":{"start":{"line":47,"column":0},"end":{"line":233,"column":3}},"27":{"start":{"line":48,"column":2},"end":{"line":232,"column":5}},"28":{"start":{"line":49,"column":4},"end":{"line":68,"column":7}},"29":{"start":{"line":50,"column":24},"end":{"line":58,"column":7}},"30":{"start":{"line":60,"column":6},"end":{"line":65,"column":9}},"31":{"start":{"line":61,"column":8},"end":{"line":61,"column":40}},"32":{"start":{"line":62,"column":8},"end":{"line":62,"column":41}},"33":{"start":{"line":63,"column":8},"end":{"line":63,"column":48}},"34":{"start":{"line":64,"column":8},"end":{"line":64,"column":66}},"35":{"start":{"line":67,"column":6},"end":{"line":67,"column":13}},"36":{"start":{"line":69,"column":4},"end":{"line":88,"column":7}},"37":{"start":{"line":70,"column":24},"end":{"line":78,"column":7}},"38":{"start":{"line":80,"column":6},"end":{"line":85,"column":9}},"39":{"start":{"line":81,"column":8},"end":{"line":81,"column":40}},"40":{"start":{"line":82,"column":8},"end":{"line":82,"column":41}},"41":{"start":{"line":83,"column":8},"end":{"line":83,"column":43}},"42":{"start":{"line":84,"column":8},"end":{"line":84,"column":99}},"43":{"start":{"line":87,"column":6},"end":{"line":87,"column":13}},"44":{"start":{"line":89,"column":4},"end":{"line":105,"column":7}},"45":{"start":{"line":90,"column":24},"end":{"line":96,"column":7}},"46":{"start":{"line":98,"column":6},"end":{"line":102,"column":9}},"47":{"start":{"line":99,"column":8},"end":{"line":99,"column":40}},"48":{"start":{"line":100,"column":8},"end":{"line":100,"column":41}},"49":{"start":{"line":101,"column":8},"end":{"line":101,"column":49}},"50":{"start":{"line":104,"column":6},"end":{"line":104,"column":13}},"51":{"start":{"line":106,"column":4},"end":{"line":122,"column":7}},"52":{"start":{"line":107,"column":24},"end":{"line":113,"column":7}},"53":{"start":{"line":115,"column":6},"end":{"line":119,"column":9}},"54":{"start":{"line":116,"column":8},"end":{"line":116,"column":40}},"55":{"start":{"line":117,"column":8},"end":{"line":117,"column":41}},"56":{"start":{"line":118,"column":8},"end":{"line":118,"column":49}},"57":{"start":{"line":121,"column":6},"end":{"line":121,"column":13}},"58":{"start":{"line":123,"column":4},"end":{"line":139,"column":7}},"59":{"start":{"line":124,"column":24},"end":{"line":130,"column":7}},"60":{"start":{"line":132,"column":6},"end":{"line":136,"column":9}},"61":{"start":{"line":133,"column":8},"end":{"line":133,"column":40}},"62":{"start":{"line":134,"column":8},"end":{"line":134,"column":41}},"63":{"start":{"line":135,"column":8},"end":{"line":135,"column":49}},"64":{"start":{"line":138,"column":6},"end":{"line":138,"column":13}},"65":{"start":{"line":140,"column":4},"end":{"line":157,"column":7}},"66":{"start":{"line":141,"column":24},"end":{"line":148,"column":7}},"67":{"start":{"line":150,"column":6},"end":{"line":154,"column":9}},"68":{"start":{"line":151,"column":8},"end":{"line":151,"column":40}},"69":{"start":{"line":152,"column":8},"end":{"line":152,"column":41}},"70":{"start":{"line":153,"column":8},"end":{"line":153,"column":49}},"71":{"start":{"line":156,"column":6},"end":{"line":156,"column":13}},"72":{"start":{"line":158,"column":4},"end":{"line":174,"column":7}},"73":{"start":{"line":159,"column":24},"end":{"line":165,"column":7}},"74":{"start":{"line":167,"column":6},"end":{"line":171,"column":9}},"75":{"start":{"line":168,"column":8},"end":{"line":168,"column":40}},"76":{"start":{"line":169,"column":8},"end":{"line":169,"column":41}},"77":{"start":{"line":170,"column":8},"end":{"line":170,"column":49}},"78":{"start":{"line":173,"column":6},"end":{"line":173,"column":13}},"79":{"start":{"line":175,"column":4},"end":{"line":193,"column":7}},"80":{"start":{"line":176,"column":24},"end":{"line":184,"column":7}},"81":{"start":{"line":186,"column":6},"end":{"line":190,"column":9}},"82":{"start":{"line":187,"column":8},"end":{"line":187,"column":40}},"83":{"start":{"line":188,"column":8},"end":{"line":188,"column":41}},"84":{"start":{"line":189,"column":8},"end":{"line":189,"column":49}},"85":{"start":{"line":192,"column":6},"end":{"line":192,"column":13}},"86":{"start":{"line":194,"column":4},"end":{"line":212,"column":7}},"87":{"start":{"line":195,"column":24},"end":{"line":203,"column":7}},"88":{"start":{"line":205,"column":6},"end":{"line":209,"column":9}},"89":{"start":{"line":206,"column":8},"end":{"line":206,"column":40}},"90":{"start":{"line":207,"column":8},"end":{"line":207,"column":41}},"91":{"start":{"line":208,"column":8},"end":{"line":208,"column":49}},"92":{"start":{"line":211,"column":6},"end":{"line":211,"column":13}},"93":{"start":{"line":213,"column":4},"end":{"line":231,"column":7}},"94":{"start":{"line":214,"column":24},"end":{"line":222,"column":7}},"95":{"start":{"line":224,"column":6},"end":{"line":228,"column":9}},"96":{"start":{"line":225,"column":8},"end":{"line":225,"column":40}},"97":{"start":{"line":226,"column":8},"end":{"line":226,"column":41}},"98":{"start":{"line":227,"column":8},"end":{"line":227,"column":49}},"99":{"start":{"line":230,"column":6},"end":{"line":230,"column":13}},"100":{"start":{"line":235,"column":0},"end":{"line":382,"column":3}},"101":{"start":{"line":236,"column":2},"end":{"line":381,"column":5}},"102":{"start":{"line":237,"column":4},"end":{"line":251,"column":7}},"103":{"start":{"line":238,"column":29},"end":{"line":241,"column":7}},"104":{"start":{"line":243,"column":6},"end":{"line":248,"column":9}},"105":{"start":{"line":244,"column":8},"end":{"line":244,"column":40}},"106":{"start":{"line":245,"column":8},"end":{"line":245,"column":41}},"107":{"start":{"line":246,"column":8},"end":{"line":246,"column":48}},"108":{"start":{"line":247,"column":8},"end":{"line":247,"column":63}},"109":{"start":{"line":250,"column":6},"end":{"line":250,"column":13}},"110":{"start":{"line":252,"column":4},"end":{"line":266,"column":7}},"111":{"start":{"line":253,"column":29},"end":{"line":256,"column":7}},"112":{"start":{"line":258,"column":6},"end":{"line":263,"column":9}},"113":{"start":{"line":259,"column":8},"end":{"line":259,"column":40}},"114":{"start":{"line":260,"column":8},"end":{"line":260,"column":41}},"115":{"start":{"line":261,"column":8},"end":{"line":261,"column":43}},"116":{"start":{"line":262,"column":8},"end":{"line":262,"column":85}},"117":{"start":{"line":265,"column":6},"end":{"line":265,"column":13}},"118":{"start":{"line":267,"column":4},"end":{"line":280,"column":7}},"119":{"start":{"line":268,"column":29},"end":{"line":271,"column":7}},"120":{"start":{"line":273,"column":6},"end":{"line":277,"column":9}},"121":{"start":{"line":274,"column":8},"end":{"line":274,"column":40}},"122":{"start":{"line":275,"column":8},"end":{"line":275,"column":41}},"123":{"start":{"line":276,"column":8},"end":{"line":276,"column":49}},"124":{"start":{"line":279,"column":6},"end":{"line":279,"column":13}},"125":{"start":{"line":281,"column":4},"end":{"line":295,"column":7}},"126":{"start":{"line":282,"column":29},"end":{"line":285,"column":7}},"127":{"start":{"line":287,"column":6},"end":{"line":292,"column":9}},"128":{"start":{"line":288,"column":8},"end":{"line":288,"column":40}},"129":{"start":{"line":289,"column":8},"end":{"line":289,"column":41}},"130":{"start":{"line":290,"column":8},"end":{"line":290,"column":43}},"131":{"start":{"line":291,"column":8},"end":{"line":291,"column":84}},"132":{"start":{"line":294,"column":6},"end":{"line":294,"column":13}},"133":{"start":{"line":296,"column":4},"end":{"line":310,"column":7}},"134":{"start":{"line":297,"column":29},"end":{"line":300,"column":7}},"135":{"start":{"line":302,"column":6},"end":{"line":307,"column":9}},"136":{"start":{"line":303,"column":8},"end":{"line":303,"column":40}},"137":{"start":{"line":304,"column":8},"end":{"line":304,"column":41}},"138":{"start":{"line":305,"column":8},"end":{"line":305,"column":43}},"139":{"start":{"line":306,"column":8},"end":{"line":306,"column":84}},"140":{"start":{"line":309,"column":6},"end":{"line":309,"column":13}},"141":{"start":{"line":311,"column":4},"end":{"line":323,"column":7}},"142":{"start":{"line":312,"column":29},"end":{"line":314,"column":7}},"143":{"start":{"line":316,"column":6},"end":{"line":320,"column":9}},"144":{"start":{"line":317,"column":8},"end":{"line":317,"column":40}},"145":{"start":{"line":318,"column":8},"end":{"line":318,"column":41}},"146":{"start":{"line":319,"column":8},"end":{"line":319,"column":49}},"147":{"start":{"line":322,"column":6},"end":{"line":322,"column":13}},"148":{"start":{"line":324,"column":4},"end":{"line":336,"column":7}},"149":{"start":{"line":325,"column":29},"end":{"line":327,"column":7}},"150":{"start":{"line":329,"column":6},"end":{"line":333,"column":9}},"151":{"start":{"line":330,"column":8},"end":{"line":330,"column":40}},"152":{"start":{"line":331,"column":8},"end":{"line":331,"column":41}},"153":{"start":{"line":332,"column":8},"end":{"line":332,"column":49}},"154":{"start":{"line":335,"column":6},"end":{"line":335,"column":13}},"155":{"start":{"line":337,"column":4},"end":{"line":350,"column":7}},"156":{"start":{"line":338,"column":29},"end":{"line":341,"column":7}},"157":{"start":{"line":343,"column":6},"end":{"line":347,"column":9}},"158":{"start":{"line":344,"column":8},"end":{"line":344,"column":40}},"159":{"start":{"line":345,"column":8},"end":{"line":345,"column":41}},"160":{"start":{"line":346,"column":8},"end":{"line":346,"column":49}},"161":{"start":{"line":349,"column":6},"end":{"line":349,"column":13}},"162":{"start":{"line":351,"column":4},"end":{"line":365,"column":7}},"163":{"start":{"line":352,"column":29},"end":{"line":355,"column":7}},"164":{"start":{"line":357,"column":6},"end":{"line":362,"column":9}},"165":{"start":{"line":358,"column":8},"end":{"line":358,"column":40}},"166":{"start":{"line":359,"column":8},"end":{"line":359,"column":41}},"167":{"start":{"line":360,"column":8},"end":{"line":360,"column":43}},"168":{"start":{"line":361,"column":8},"end":{"line":361,"column":84}},"169":{"start":{"line":364,"column":6},"end":{"line":364,"column":13}},"170":{"start":{"line":366,"column":4},"end":{"line":380,"column":7}},"171":{"start":{"line":367,"column":29},"end":{"line":370,"column":7}},"172":{"start":{"line":372,"column":6},"end":{"line":377,"column":9}},"173":{"start":{"line":373,"column":8},"end":{"line":373,"column":40}},"174":{"start":{"line":374,"column":8},"end":{"line":374,"column":41}},"175":{"start":{"line":375,"column":8},"end":{"line":375,"column":43}},"176":{"start":{"line":376,"column":8},"end":{"line":376,"column":85}},"177":{"start":{"line":379,"column":6},"end":{"line":379,"column":13}}},"fnMap":{"0":{"name":"_interopRequireDefault","decl":{"start":{"line":11,"column":9},"end":{"line":11,"column":31}},"loc":{"start":{"line":11,"column":37},"end":{"line":11,"column":97}},"line":11},"1":{"name":"(anonymous_1)","decl":{"start":{"line":23,"column":33},"end":{"line":23,"column":34}},"loc":{"start":{"line":23,"column":45},"end":{"line":45,"column":1}},"line":23},"2":{"name":"(anonymous_2)","decl":{"start":{"line":24,"column":40},"end":{"line":24,"column":41}},"loc":{"start":{"line":24,"column":56},"end":{"line":30,"column":3}},"line":24},"3":{"name":"(anonymous_3)","decl":{"start":{"line":25,"column":65},"end":{"line":25,"column":66}},"loc":{"start":{"line":25,"column":85},"end":{"line":29,"column":5}},"line":25},"4":{"name":"(anonymous_4)","decl":{"start":{"line":31,"column":57},"end":{"line":31,"column":58}},"loc":{"start":{"line":31,"column":73},"end":{"line":36,"column":3}},"line":31},"5":{"name":"(anonymous_5)","decl":{"start":{"line":32,"column":82},"end":{"line":32,"column":83}},"loc":{"start":{"line":32,"column":102},"end":{"line":35,"column":5}},"line":32},"6":{"name":"(anonymous_6)","decl":{"start":{"line":37,"column":47},"end":{"line":37,"column":48}},"loc":{"start":{"line":37,"column":63},"end":{"line":44,"column":3}},"line":37},"7":{"name":"(anonymous_7)","decl":{"start":{"line":40,"column":11},"end":{"line":40,"column":12}},"loc":{"start":{"line":40,"column":31},"end":{"line":43,"column":5}},"line":40},"8":{"name":"(anonymous_8)","decl":{"start":{"line":47,"column":40},"end":{"line":47,"column":41}},"loc":{"start":{"line":47,"column":52},"end":{"line":233,"column":1}},"line":47},"9":{"name":"(anonymous_9)","decl":{"start":{"line":48,"column":45},"end":{"line":48,"column":46}},"loc":{"start":{"line":48,"column":57},"end":{"line":232,"column":3}},"line":48},"10":{"name":"(anonymous_10)","decl":{"start":{"line":49,"column":52},"end":{"line":49,"column":53}},"loc":{"start":{"line":49,"column":68},"end":{"line":68,"column":5}},"line":49},"11":{"name":"(anonymous_11)","decl":{"start":{"line":60,"column":86},"end":{"line":60,"column":87}},"loc":{"start":{"line":60,"column":106},"end":{"line":65,"column":7}},"line":60},"12":{"name":"(anonymous_12)","decl":{"start":{"line":69,"column":47},"end":{"line":69,"column":48}},"loc":{"start":{"line":69,"column":63},"end":{"line":88,"column":5}},"line":69},"13":{"name":"(anonymous_13)","decl":{"start":{"line":80,"column":86},"end":{"line":80,"column":87}},"loc":{"start":{"line":80,"column":106},"end":{"line":85,"column":7}},"line":80},"14":{"name":"(anonymous_14)","decl":{"start":{"line":89,"column":48},"end":{"line":89,"column":49}},"loc":{"start":{"line":89,"column":64},"end":{"line":105,"column":5}},"line":89},"15":{"name":"(anonymous_15)","decl":{"start":{"line":98,"column":86},"end":{"line":98,"column":87}},"loc":{"start":{"line":98,"column":106},"end":{"line":102,"column":7}},"line":98},"16":{"name":"(anonymous_16)","decl":{"start":{"line":106,"column":52},"end":{"line":106,"column":53}},"loc":{"start":{"line":106,"column":68},"end":{"line":122,"column":5}},"line":106},"17":{"name":"(anonymous_17)","decl":{"start":{"line":115,"column":86},"end":{"line":115,"column":87}},"loc":{"start":{"line":115,"column":106},"end":{"line":119,"column":7}},"line":115},"18":{"name":"(anonymous_18)","decl":{"start":{"line":123,"column":51},"end":{"line":123,"column":52}},"loc":{"start":{"line":123,"column":67},"end":{"line":139,"column":5}},"line":123},"19":{"name":"(anonymous_19)","decl":{"start":{"line":132,"column":86},"end":{"line":132,"column":87}},"loc":{"start":{"line":132,"column":106},"end":{"line":136,"column":7}},"line":132},"20":{"name":"(anonymous_20)","decl":{"start":{"line":140,"column":47},"end":{"line":140,"column":48}},"loc":{"start":{"line":140,"column":63},"end":{"line":157,"column":5}},"line":140},"21":{"name":"(anonymous_21)","decl":{"start":{"line":150,"column":86},"end":{"line":150,"column":87}},"loc":{"start":{"line":150,"column":106},"end":{"line":154,"column":7}},"line":150},"22":{"name":"(anonymous_22)","decl":{"start":{"line":158,"column":55},"end":{"line":158,"column":56}},"loc":{"start":{"line":158,"column":71},"end":{"line":174,"column":5}},"line":158},"23":{"name":"(anonymous_23)","decl":{"start":{"line":167,"column":86},"end":{"line":167,"column":87}},"loc":{"start":{"line":167,"column":106},"end":{"line":171,"column":7}},"line":167},"24":{"name":"(anonymous_24)","decl":{"start":{"line":175,"column":67},"end":{"line":175,"column":68}},"loc":{"start":{"line":175,"column":83},"end":{"line":193,"column":5}},"line":175},"25":{"name":"(anonymous_25)","decl":{"start":{"line":186,"column":86},"end":{"line":186,"column":87}},"loc":{"start":{"line":186,"column":106},"end":{"line":190,"column":7}},"line":186},"26":{"name":"(anonymous_26)","decl":{"start":{"line":194,"column":66},"end":{"line":194,"column":67}},"loc":{"start":{"line":194,"column":82},"end":{"line":212,"column":5}},"line":194},"27":{"name":"(anonymous_27)","decl":{"start":{"line":205,"column":86},"end":{"line":205,"column":87}},"loc":{"start":{"line":205,"column":106},"end":{"line":209,"column":7}},"line":205},"28":{"name":"(anonymous_28)","decl":{"start":{"line":213,"column":66},"end":{"line":213,"column":67}},"loc":{"start":{"line":213,"column":82},"end":{"line":231,"column":5}},"line":213},"29":{"name":"(anonymous_29)","decl":{"start":{"line":224,"column":86},"end":{"line":224,"column":87}},"loc":{"start":{"line":224,"column":106},"end":{"line":228,"column":7}},"line":224},"30":{"name":"(anonymous_30)","decl":{"start":{"line":235,"column":40},"end":{"line":235,"column":41}},"loc":{"start":{"line":235,"column":52},"end":{"line":382,"column":1}},"line":235},"31":{"name":"(anonymous_31)","decl":{"start":{"line":236,"column":44},"end":{"line":236,"column":45}},"loc":{"start":{"line":236,"column":56},"end":{"line":381,"column":3}},"line":236},"32":{"name":"(anonymous_32)","decl":{"start":{"line":237,"column":49},"end":{"line":237,"column":50}},"loc":{"start":{"line":237,"column":65},"end":{"line":251,"column":5}},"line":237},"33":{"name":"(anonymous_33)","decl":{"start":{"line":243,"column":91},"end":{"line":243,"column":92}},"loc":{"start":{"line":243,"column":111},"end":{"line":248,"column":7}},"line":243},"34":{"name":"(anonymous_34)","decl":{"start":{"line":252,"column":64},"end":{"line":252,"column":65}},"loc":{"start":{"line":252,"column":80},"end":{"line":266,"column":5}},"line":252},"35":{"name":"(anonymous_35)","decl":{"start":{"line":258,"column":91},"end":{"line":258,"column":92}},"loc":{"start":{"line":258,"column":111},"end":{"line":263,"column":7}},"line":258},"36":{"name":"(anonymous_36)","decl":{"start":{"line":267,"column":56},"end":{"line":267,"column":57}},"loc":{"start":{"line":267,"column":72},"end":{"line":280,"column":5}},"line":267},"37":{"name":"(anonymous_37)","decl":{"start":{"line":273,"column":91},"end":{"line":273,"column":92}},"loc":{"start":{"line":273,"column":111},"end":{"line":277,"column":7}},"line":273},"38":{"name":"(anonymous_38)","decl":{"start":{"line":281,"column":60},"end":{"line":281,"column":61}},"loc":{"start":{"line":281,"column":76},"end":{"line":295,"column":5}},"line":281},"39":{"name":"(anonymous_39)","decl":{"start":{"line":287,"column":91},"end":{"line":287,"column":92}},"loc":{"start":{"line":287,"column":111},"end":{"line":292,"column":7}},"line":287},"40":{"name":"(anonymous_40)","decl":{"start":{"line":296,"column":68},"end":{"line":296,"column":69}},"loc":{"start":{"line":296,"column":84},"end":{"line":310,"column":5}},"line":296},"41":{"name":"(anonymous_41)","decl":{"start":{"line":302,"column":91},"end":{"line":302,"column":92}},"loc":{"start":{"line":302,"column":111},"end":{"line":307,"column":7}},"line":302},"42":{"name":"(anonymous_42)","decl":{"start":{"line":311,"column":61},"end":{"line":311,"column":62}},"loc":{"start":{"line":311,"column":77},"end":{"line":323,"column":5}},"line":311},"43":{"name":"(anonymous_43)","decl":{"start":{"line":316,"column":91},"end":{"line":316,"column":92}},"loc":{"start":{"line":316,"column":111},"end":{"line":320,"column":7}},"line":316},"44":{"name":"(anonymous_44)","decl":{"start":{"line":324,"column":64},"end":{"line":324,"column":65}},"loc":{"start":{"line":324,"column":80},"end":{"line":336,"column":5}},"line":324},"45":{"name":"(anonymous_45)","decl":{"start":{"line":329,"column":91},"end":{"line":329,"column":92}},"loc":{"start":{"line":329,"column":111},"end":{"line":333,"column":7}},"line":329},"46":{"name":"(anonymous_46)","decl":{"start":{"line":337,"column":79},"end":{"line":337,"column":80}},"loc":{"start":{"line":337,"column":95},"end":{"line":350,"column":5}},"line":337},"47":{"name":"(anonymous_47)","decl":{"start":{"line":343,"column":91},"end":{"line":343,"column":92}},"loc":{"start":{"line":343,"column":111},"end":{"line":347,"column":7}},"line":343},"48":{"name":"(anonymous_48)","decl":{"start":{"line":351,"column":61},"end":{"line":351,"column":62}},"loc":{"start":{"line":351,"column":77},"end":{"line":365,"column":5}},"line":351},"49":{"name":"(anonymous_49)","decl":{"start":{"line":357,"column":91},"end":{"line":357,"column":92}},"loc":{"start":{"line":357,"column":111},"end":{"line":362,"column":7}},"line":357},"50":{"name":"(anonymous_50)","decl":{"start":{"line":366,"column":61},"end":{"line":366,"column":62}},"loc":{"start":{"line":366,"column":77},"end":{"line":380,"column":5}},"line":366},"51":{"name":"(anonymous_51)","decl":{"start":{"line":372,"column":91},"end":{"line":372,"column":92}},"loc":{"start":{"line":372,"column":111},"end":{"line":377,"column":7}},"line":372}},"branchMap":{"0":{"loc":{"start":{"line":11,"column":46},"end":{"line":11,"column":94}},"type":"cond-expr","locations":[{"start":{"line":11,"column":70},"end":{"line":11,"column":73}},{"start":{"line":11,"column":76},"end":{"line":11,"column":94}}],"line":11},"1":{"loc":{"start":{"line":11,"column":46},"end":{"line":11,"column":67}},"type":"binary-expr","locations":[{"start":{"line":11,"column":46},"end":{"line":11,"column":49}},{"start":{"line":11,"column":53},"end":{"line":11,"column":67}}],"line":11}},"s":{"0":1,"1":1,"2":1,"3":1,"4":3,"5":1,"6":1,"7":1,"8":1,"9":1,"10":1,"11":1,"12":1,"13":1,"14":1,"15":1,"16":1,"17":1,"18":1,"19":1,"20":1,"21":1,"22":1,"23":1,"24":1,"25":1,"26":1,"27":1,"28":1,"29":1,"30":1,"31":1,"32":1,"33":1,"34":1,"35":1,"36":1,"37":1,"38":1,"39":1,"40":1,"41":1,"42":1,"43":1,"44":1,"45":1,"46":1,"47":1,"48":1,"49":1,"50":1,"51":1,"52":1,"53":1,"54":1,"55":1,"56":1,"57":1,"58":1,"59":1,"60":1,"61":1,"62":1,"63":1,"64":1,"65":1,"66":1,"67":1,"68":1,"69":1,"70":1,"71":1,"72":1,"73":1,"74":1,"75":1,"76":1,"77":1,"78":1,"79":1,"80":1,"81":1,"82":1,"83":1,"84":1,"85":1,"86":1,"87":1,"88":1,"89":1,"90":1,"91":1,"92":1,"93":1,"94":1,"95":1,"96":1,"97":1,"98":1,"99":1,"100":1,"101":1,"102":1,"103":1,"104":1,"105":1,"106":1,"107":1,"108":1,"109":1,"110":1,"111":1,"112":1,"113":1,"114":1,"115":1,"116":1,"117":1,"118":1,"119":1,"120":1,"121":1,"122":1,"123":1,"124":1,"125":1,"126":1,"127":1,"128":1,"129":1,"130":1,"131":1,"132":1,"133":1,"134":1,"135":1,"136":1,"137":1,"138":1,"139":1,"140":1,"141":1,"142":1,"143":1,"144":1,"145":1,"146":1,"147":1,"148":1,"149":1,"150":1,"151":1,"152":1,"153":1,"154":1,"155":1,"156":1,"157":1,"158":1,"159":1,"160":1,"161":1,"162":1,"163":1,"164":1,"165":1,"166":1,"167":1,"168":1,"169":1,"170":1,"171":1,"172":1,"173":1,"174":1,"175":1,"176":1,"177":1},"f":{"0":3,"1":1,"2":1,"3":1,"4":1,"5":1,"6":1,"7":1,"8":1,"9":1,"10":1,"11":1,"12":1,"13":1,"14":1,"15":1,"16":1,"17":1,"18":1,"19":1,"20":1,"21":1,"22":1,"23":1,"24":1,"25":1,"26":1,"27":1,"28":1,"29":1,"30":1,"31":1,"32":1,"33":1,"34":1,"35":1,"36":1,"37":1,"38":1,"39":1,"40":1,"41":1,"42":1,"43":1,"44":1,"45":1,"46":1,"47":1,"48":1,"49":1,"50":1,"51":1},"b":{"0":[1,2],"1":[3,3]},"_coverageSchema":"43e27e138ebf9cfc5966b082cf9a028302ed4184","hash":"272c2fcf50fd65c3132b488fa5ee414a98276f11","contentHash":"ffff1b69aa17fbad4a76d713a30b3d1d16871445a904fc43eb09e1ae78c38086"},"/home/marusoft/Downloads/Auto-Mart/server/app.js":{"path":"/home/marusoft/Downloads/Auto-Mart/server/app.js","statementMap":{"0":{"start":{"line":3,"column":0},"end":{"line":5,"column":3}},"1":{"start":{"line":6,"column":0},"end":{"line":6,"column":28}},"2":{"start":{"line":8,"column":15},"end":{"line":8,"column":57}},"3":{"start":{"line":10,"column":18},"end":{"line":10,"column":64}},"4":{"start":{"line":12,"column":14},"end":{"line":12,"column":55}},"5":{"start":{"line":14,"column":19},"end":{"line":14,"column":74}},"6":{"start":{"line":16,"column":17},"end":{"line":16,"column":70}},"7":{"start":{"line":18,"column":19},"end":{"line":18,"column":74}},"8":{"start":{"line":20,"column":18},"end":{"line":20,"column":72}},"9":{"start":{"line":22,"column":39},"end":{"line":22,"column":95}},"10":{"start":{"line":24,"column":10},"end":{"line":24,"column":36}},"11":{"start":{"line":25,"column":11},"end":{"line":25,"column":49}},"12":{"start":{"line":26,"column":0},"end":{"line":26,"column":40}},"13":{"start":{"line":27,"column":0},"end":{"line":27,"column":39}},"14":{"start":{"line":28,"column":0},"end":{"line":30,"column":4}},"15":{"start":{"line":32,"column":20},"end":{"line":32,"column":48}},"16":{"start":{"line":34,"column":0},"end":{"line":34,"column":44}},"17":{"start":{"line":35,"column":0},"end":{"line":35,"column":42}},"18":{"start":{"line":36,"column":0},"end":{"line":36,"column":44}},"19":{"start":{"line":37,"column":0},"end":{"line":37,"column":43}},"20":{"start":{"line":38,"column":0},"end":{"line":38,"column":28}},"21":{"start":{"line":39,"column":0},"end":{"line":43,"column":3}},"22":{"start":{"line":40,"column":2},"end":{"line":42,"column":5}},"23":{"start":{"line":44,"column":0},"end":{"line":48,"column":3}},"24":{"start":{"line":45,"column":2},"end":{"line":47,"column":5}},"25":{"start":{"line":50,"column":0},"end":{"line":52,"column":3}},"26":{"start":{"line":51,"column":2},"end":{"line":51,"column":64}},"27":{"start":{"line":53,"column":15},"end":{"line":53,"column":18}},"28":{"start":{"line":54,"column":0},"end":{"line":54,"column":30}}},"fnMap":{"0":{"name":"_interopRequireDefault","decl":{"start":{"line":22,"column":9},"end":{"line":22,"column":31}},"loc":{"start":{"line":22,"column":37},"end":{"line":22,"column":97}},"line":22},"1":{"name":"(anonymous_1)","decl":{"start":{"line":39,"column":29},"end":{"line":39,"column":30}},"loc":{"start":{"line":39,"column":49},"end":{"line":43,"column":1}},"line":39},"2":{"name":"(anonymous_2)","decl":{"start":{"line":44,"column":23},"end":{"line":44,"column":24}},"loc":{"start":{"line":44,"column":43},"end":{"line":48,"column":1}},"line":44},"3":{"name":"(anonymous_3)","decl":{"start":{"line":50,"column":17},"end":{"line":50,"column":18}},"loc":{"start":{"line":50,"column":29},"end":{"line":52,"column":1}},"line":50}},"branchMap":{"0":{"loc":{"start":{"line":22,"column":46},"end":{"line":22,"column":94}},"type":"cond-expr","locations":[{"start":{"line":22,"column":70},"end":{"line":22,"column":73}},{"start":{"line":22,"column":76},"end":{"line":22,"column":94}}],"line":22},"1":{"loc":{"start":{"line":22,"column":46},"end":{"line":22,"column":67}},"type":"binary-expr","locations":[{"start":{"line":22,"column":46},"end":{"line":22,"column":49}},{"start":{"line":22,"column":53},"end":{"line":22,"column":67}}],"line":22},"2":{"loc":{"start":{"line":25,"column":11},"end":{"line":25,"column":49}},"type":"binary-expr","locations":[{"start":{"line":25,"column":11},"end":{"line":25,"column":41}},{"start":{"line":25,"column":45},"end":{"line":25,"column":49}}],"line":25}},"s":{"0":1,"1":1,"2":1,"3":1,"4":1,"5":1,"6":1,"7":1,"8":1,"9":7,"10":1,"11":1,"12":1,"13":1,"14":1,"15":1,"16":1,"17":1,"18":1,"19":1,"20":1,"21":1,"22":1,"23":1,"24":2,"25":1,"26":1,"27":1,"28":1},"f":{"0":7,"1":1,"2":2,"3":1},"b":{"0":[4,3],"1":[7,7],"2":[1,0]},"_coverageSchema":"43e27e138ebf9cfc5966b082cf9a028302ed4184","hash":"dfe2b7f69102b91013bae5ff9d636e22b3f8b9ef","contentHash":"441d26a4e2c2a96417368541e64e6082287b5f1b5684e6833567076cfb184224"},"/home/marusoft/Downloads/Auto-Mart/server/routes/usersRoutes.js":{"path":"/home/marusoft/Downloads/Auto-Mart/server/routes/usersRoutes.js","statementMap":{"0":{"start":{"line":3,"column":0},"end":{"line":5,"column":3}},"1":{"start":{"line":6,"column":0},"end":{"line":6,"column":28}},"2":{"start":{"line":8,"column":15},"end":{"line":8,"column":57}},"3":{"start":{"line":10,"column":23},"end":{"line":10,"column":88}},"4":{"start":{"line":12,"column":22},"end":{"line":12,"column":86}},"5":{"start":{"line":14,"column":39},"end":{"line":14,"column":95}},"6":{"start":{"line":16,"column":17},"end":{"line":16,"column":45}},"7":{"start":{"line":18,"column":0},"end":{"line":18,"column":125}},"8":{"start":{"line":19,"column":0},"end":{"line":19,"column":124}},"9":{"start":{"line":20,"column":15},"end":{"line":20,"column":25}},"10":{"start":{"line":21,"column":0},"end":{"line":21,"column":30}}},"fnMap":{"0":{"name":"_interopRequireDefault","decl":{"start":{"line":14,"column":9},"end":{"line":14,"column":31}},"loc":{"start":{"line":14,"column":37},"end":{"line":14,"column":97}},"line":14}},"branchMap":{"0":{"loc":{"start":{"line":14,"column":46},"end":{"line":14,"column":94}},"type":"cond-expr","locations":[{"start":{"line":14,"column":70},"end":{"line":14,"column":73}},{"start":{"line":14,"column":76},"end":{"line":14,"column":94}}],"line":14},"1":{"loc":{"start":{"line":14,"column":46},"end":{"line":14,"column":67}},"type":"binary-expr","locations":[{"start":{"line":14,"column":46},"end":{"line":14,"column":49}},{"start":{"line":14,"column":53},"end":{"line":14,"column":67}}],"line":14}},"s":{"0":1,"1":1,"2":1,"3":1,"4":1,"5":3,"6":1,"7":1,"8":1,"9":1,"10":1},"f":{"0":3},"b":{"0":[2,1],"1":[3,3]},"_coverageSchema":"43e27e138ebf9cfc5966b082cf9a028302ed4184","hash":"1cbc06d1353c894e1dc896644467a36bcb987aaf","contentHash":"d67ab5426db4fe4c8b7877bf73c02cd4165e4ac8f58804a962c701377ffa0884"},"/home/marusoft/Downloads/Auto-Mart/server/controllers/usersController.js":{"path":"/home/marusoft/Downloads/Auto-Mart/server/controllers/usersController.js","statementMap":{"0":{"start":{"line":3,"column":0},"end":{"line":5,"column":3}},"1":{"start":{"line":6,"column":0},"end":{"line":6,"column":28}},"2":{"start":{"line":8,"column":19},"end":{"line":8,"column":75}},"3":{"start":{"line":10,"column":19},"end":{"line":10,"column":76}},"4":{"start":{"line":12,"column":39},"end":{"line":12,"column":95}},"5":{"start":{"line":14,"column":50},"end":{"line":14,"column":151}},"6":{"start":{"line":14,"column":92},"end":{"line":14,"column":149}},"7":{"start":{"line":16,"column":44},"end":{"line":16,"column":315}},"8":{"start":{"line":16,"column":57},"end":{"line":16,"column":58}},"9":{"start":{"line":16,"column":102},"end":{"line":16,"column":110}},"10":{"start":{"line":16,"column":112},"end":{"line":16,"column":167}},"11":{"start":{"line":16,"column":168},"end":{"line":16,"column":199}},"12":{"start":{"line":16,"column":200},"end":{"line":16,"column":254}},"13":{"start":{"line":16,"column":227},"end":{"line":16,"column":254}},"14":{"start":{"line":16,"column":255},"end":{"line":16,"column":313}},"15":{"start":{"line":18,"column":62},"end":{"line":18,"column":131}},"16":{"start":{"line":18,"column":78},"end":{"line":18,"column":131}},"17":{"start":{"line":18,"column":132},"end":{"line":18,"column":193}},"18":{"start":{"line":18,"column":149},"end":{"line":18,"column":193}},"19":{"start":{"line":18,"column":194},"end":{"line":18,"column":213}},"20":{"start":{"line":25,"column":0},"end":{"line":112,"column":3}},"21":{"start":{"line":27,"column":4},"end":{"line":27,"column":33}},"22":{"start":{"line":30,"column":2},"end":{"line":109,"column":6}},"23":{"start":{"line":40,"column":22},"end":{"line":40,"column":30}},"24":{"start":{"line":41,"column":18},"end":{"line":41,"column":33}},"25":{"start":{"line":42,"column":22},"end":{"line":42,"column":41}},"26":{"start":{"line":43,"column":21},"end":{"line":43,"column":39}},"27":{"start":{"line":44,"column":21},"end":{"line":44,"column":39}},"28":{"start":{"line":45,"column":20},"end":{"line":45,"column":37}},"29":{"start":{"line":47,"column":27},"end":{"line":47,"column":73}},"30":{"start":{"line":49,"column":20},"end":{"line":56,"column":7}},"31":{"start":{"line":58,"column":18},"end":{"line":58,"column":64}},"32":{"start":{"line":60,"column":6},"end":{"line":60,"column":44}},"33":{"start":{"line":62,"column":6},"end":{"line":69,"column":9}},"34":{"start":{"line":81,"column":23},"end":{"line":81,"column":31}},"35":{"start":{"line":82,"column":18},"end":{"line":82,"column":34}},"36":{"start":{"line":83,"column":21},"end":{"line":83,"column":40}},"37":{"start":{"line":85,"column":27},"end":{"line":87,"column":8}},"38":{"start":{"line":86,"column":8},"end":{"line":86,"column":36}},"39":{"start":{"line":89,"column":30},"end":{"line":91,"column":8}},"40":{"start":{"line":90,"column":8},"end":{"line":90,"column":42}},"41":{"start":{"line":93,"column":18},"end":{"line":93,"column":71}},"42":{"start":{"line":95,"column":6},"end":{"line":107,"column":7}},"43":{"start":{"line":96,"column":8},"end":{"line":102,"column":11}},"44":{"start":{"line":104,"column":8},"end":{"line":106,"column":11}},"45":{"start":{"line":111,"column":2},"end":{"line":111,"column":15}},"46":{"start":{"line":114,"column":15},"end":{"line":114,"column":20}},"47":{"start":{"line":115,"column":0},"end":{"line":115,"column":30}}},"fnMap":{"0":{"name":"_interopRequireDefault","decl":{"start":{"line":12,"column":9},"end":{"line":12,"column":31}},"loc":{"start":{"line":12,"column":37},"end":{"line":12,"column":97}},"line":12},"1":{"name":"_classCallCheck","decl":{"start":{"line":14,"column":9},"end":{"line":14,"column":24}},"loc":{"start":{"line":14,"column":48},"end":{"line":14,"column":153}},"line":14},"2":{"name":"_defineProperties","decl":{"start":{"line":16,"column":9},"end":{"line":16,"column":26}},"loc":{"start":{"line":16,"column":42},"end":{"line":16,"column":317}},"line":16},"3":{"name":"_createClass","decl":{"start":{"line":18,"column":9},"end":{"line":18,"column":21}},"loc":{"start":{"line":18,"column":60},"end":{"line":18,"column":215}},"line":18},"4":{"name":"(anonymous_4)","decl":{"start":{"line":25,"column":0},"end":{"line":25,"column":1}},"loc":{"start":{"line":25,"column":12},"end":{"line":112,"column":1}},"line":25},"5":{"name":"Users","decl":{"start":{"line":26,"column":11},"end":{"line":26,"column":16}},"loc":{"start":{"line":26,"column":19},"end":{"line":28,"column":3}},"line":26},"6":{"name":"createUsers","decl":{"start":{"line":39,"column":20},"end":{"line":39,"column":31}},"loc":{"start":{"line":39,"column":42},"end":{"line":70,"column":5}},"line":39},"7":{"name":"loginUsers","decl":{"start":{"line":80,"column":20},"end":{"line":80,"column":30}},"loc":{"start":{"line":80,"column":41},"end":{"line":108,"column":5}},"line":80},"8":{"name":"(anonymous_8)","decl":{"start":{"line":85,"column":56},"end":{"line":85,"column":57}},"loc":{"start":{"line":85,"column":72},"end":{"line":87,"column":7}},"line":85},"9":{"name":"(anonymous_9)","decl":{"start":{"line":89,"column":59},"end":{"line":89,"column":60}},"loc":{"start":{"line":89,"column":75},"end":{"line":91,"column":7}},"line":89}},"branchMap":{"0":{"loc":{"start":{"line":12,"column":46},"end":{"line":12,"column":94}},"type":"cond-expr","locations":[{"start":{"line":12,"column":70},"end":{"line":12,"column":73}},{"start":{"line":12,"column":76},"end":{"line":12,"column":94}}],"line":12},"1":{"loc":{"start":{"line":12,"column":46},"end":{"line":12,"column":67}},"type":"binary-expr","locations":[{"start":{"line":12,"column":46},"end":{"line":12,"column":49}},{"start":{"line":12,"column":53},"end":{"line":12,"column":67}}],"line":12},"2":{"loc":{"start":{"line":14,"column":50},"end":{"line":14,"column":151}},"type":"if","locations":[{"start":{"line":14,"column":50},"end":{"line":14,"column":151}},{"start":{"line":14,"column":50},"end":{"line":14,"column":151}}],"line":14},"3":{"loc":{"start":{"line":16,"column":136},"end":{"line":16,"column":166}},"type":"binary-expr","locations":[{"start":{"line":16,"column":136},"end":{"line":16,"column":157}},{"start":{"line":16,"column":161},"end":{"line":16,"column":166}}],"line":16},"4":{"loc":{"start":{"line":16,"column":200},"end":{"line":16,"column":254}},"type":"if","locations":[{"start":{"line":16,"column":200},"end":{"line":16,"column":254}},{"start":{"line":16,"column":200},"end":{"line":16,"column":254}}],"line":16},"5":{"loc":{"start":{"line":18,"column":62},"end":{"line":18,"column":131}},"type":"if","locations":[{"start":{"line":18,"column":62},"end":{"line":18,"column":131}},{"start":{"line":18,"column":62},"end":{"line":18,"column":131}}],"line":18},"6":{"loc":{"start":{"line":18,"column":132},"end":{"line":18,"column":193}},"type":"if","locations":[{"start":{"line":18,"column":132},"end":{"line":18,"column":193}},{"start":{"line":18,"column":132},"end":{"line":18,"column":193}}],"line":18},"7":{"loc":{"start":{"line":95,"column":6},"end":{"line":107,"column":7}},"type":"if","locations":[{"start":{"line":95,"column":6},"end":{"line":107,"column":7}},{"start":{"line":95,"column":6},"end":{"line":107,"column":7}}],"line":95},"8":{"loc":{"start":{"line":95,"column":10},"end":{"line":95,"column":45}},"type":"binary-expr","locations":[{"start":{"line":95,"column":10},"end":{"line":95,"column":24}},{"start":{"line":95,"column":28},"end":{"line":95,"column":45}}],"line":95}},"s":{"0":1,"1":1,"2":1,"3":1,"4":2,"5":0,"6":0,"7":1,"8":1,"9":2,"10":2,"11":2,"12":2,"13":2,"14":2,"15":1,"16":0,"17":1,"18":1,"19":1,"20":1,"21":0,"22":1,"23":1,"24":1,"25":1,"26":1,"27":1,"28":1,"29":1,"30":1,"31":1,"32":1,"33":1,"34":1,"35":1,"36":1,"37":1,"38":1,"39":1,"40":1,"41":1,"42":1,"43":1,"44":0,"45":1,"46":1,"47":1},"f":{"0":2,"1":0,"2":1,"3":1,"4":1,"5":0,"6":1,"7":1,"8":1,"9":1},"b":{"0":[2,0],"1":[2,2],"2":[0,0],"3":[2,2],"4":[2,0],"5":[0,1],"6":[1,0],"7":[1,0],"8":[1,1]},"_coverageSchema":"43e27e138ebf9cfc5966b082cf9a028302ed4184","hash":"100de80bfb6985986b242050b1b308dc139a9ff1","contentHash":"43cbaa7348618da549231906e34733c8943a080d011a0e7b6ef7b84c0c8170c8"},"/home/marusoft/Downloads/Auto-Mart/server/models/usersModels.js":{"path":"/home/marusoft/Downloads/Auto-Mart/server/models/usersModels.js","statementMap":{"0":{"start":{"line":3,"column":0},"end":{"line":5,"column":3}},"1":{"start":{"line":6,"column":0},"end":{"line":6,"column":28}},"2":{"start":{"line":7,"column":12},"end":{"line":47,"column":2}},"3":{"start":{"line":48,"column":15},"end":{"line":48,"column":20}},"4":{"start":{"line":49,"column":0},"end":{"line":49,"column":30}}},"fnMap":{},"branchMap":{},"s":{"0":1,"1":1,"2":1,"3":1,"4":1},"f":{},"b":{},"_coverageSchema":"43e27e138ebf9cfc5966b082cf9a028302ed4184","hash":"b331fa9173c517b2365b5c51933333e7f55b236b","contentHash":"8232053acb1eaf96d7ecf718b4647a267fa5d0c7000d0a54ec80598ba772e537"},"/home/marusoft/Downloads/Auto-Mart/server/helpers/HelperUtils.js":{"path":"/home/marusoft/Downloads/Auto-Mart/server/helpers/HelperUtils.js","statementMap":{"0":{"start":{"line":3,"column":0},"end":{"line":5,"column":3}},"1":{"start":{"line":6,"column":0},"end":{"line":6,"column":28}},"2":{"start":{"line":8,"column":14},"end":{"line":8,"column":55}},"3":{"start":{"line":10,"column":20},"end":{"line":10,"column":67}},"4":{"start":{"line":12,"column":16},"end":{"line":12,"column":59}},"5":{"start":{"line":14,"column":39},"end":{"line":14,"column":95}},"6":{"start":{"line":16,"column":50},"end":{"line":16,"column":151}},"7":{"start":{"line":16,"column":92},"end":{"line":16,"column":149}},"8":{"start":{"line":18,"column":44},"end":{"line":18,"column":315}},"9":{"start":{"line":18,"column":57},"end":{"line":18,"column":58}},"10":{"start":{"line":18,"column":102},"end":{"line":18,"column":110}},"11":{"start":{"line":18,"column":112},"end":{"line":18,"column":167}},"12":{"start":{"line":18,"column":168},"end":{"line":18,"column":199}},"13":{"start":{"line":18,"column":200},"end":{"line":18,"column":254}},"14":{"start":{"line":18,"column":227},"end":{"line":18,"column":254}},"15":{"start":{"line":18,"column":255},"end":{"line":18,"column":313}},"16":{"start":{"line":20,"column":62},"end":{"line":20,"column":131}},"17":{"start":{"line":20,"column":78},"end":{"line":20,"column":131}},"18":{"start":{"line":20,"column":132},"end":{"line":20,"column":193}},"19":{"start":{"line":20,"column":149},"end":{"line":20,"column":193}},"20":{"start":{"line":20,"column":194},"end":{"line":20,"column":213}},"21":{"start":{"line":22,"column":0},"end":{"line":22,"column":28}},"22":{"start":{"line":24,"column":16},"end":{"line":24,"column":38}},"23":{"start":{"line":25,"column":11},"end":{"line":25,"column":28}},"24":{"start":{"line":33,"column":0},"end":{"line":94,"column":3}},"25":{"start":{"line":35,"column":4},"end":{"line":35,"column":34}},"26":{"start":{"line":38,"column":2},"end":{"line":91,"column":6}},"27":{"start":{"line":47,"column":18},"end":{"line":47,"column":67}},"28":{"start":{"line":49,"column":6},"end":{"line":49,"column":19}},"29":{"start":{"line":60,"column":6},"end":{"line":66,"column":7}},"30":{"start":{"line":61,"column":22},"end":{"line":61,"column":71}},"31":{"start":{"line":63,"column":8},"end":{"line":63,"column":23}},"32":{"start":{"line":65,"column":8},"end":{"line":65,"column":21}},"33":{"start":{"line":77,"column":6},"end":{"line":77,"column":59}},"34":{"start":{"line":89,"column":6},"end":{"line":89,"column":62}},"35":{"start":{"line":93,"column":2},"end":{"line":93,"column":16}},"36":{"start":{"line":96,"column":0},"end":{"line":96,"column":28}}},"fnMap":{"0":{"name":"_interopRequireDefault","decl":{"start":{"line":14,"column":9},"end":{"line":14,"column":31}},"loc":{"start":{"line":14,"column":37},"end":{"line":14,"column":97}},"line":14},"1":{"name":"_classCallCheck","decl":{"start":{"line":16,"column":9},"end":{"line":16,"column":24}},"loc":{"start":{"line":16,"column":48},"end":{"line":16,"column":153}},"line":16},"2":{"name":"_defineProperties","decl":{"start":{"line":18,"column":9},"end":{"line":18,"column":26}},"loc":{"start":{"line":18,"column":42},"end":{"line":18,"column":317}},"line":18},"3":{"name":"_createClass","decl":{"start":{"line":20,"column":9},"end":{"line":20,"column":21}},"loc":{"start":{"line":20,"column":60},"end":{"line":20,"column":215}},"line":20},"4":{"name":"(anonymous_4)","decl":{"start":{"line":33,"column":0},"end":{"line":33,"column":1}},"loc":{"start":{"line":33,"column":12},"end":{"line":94,"column":1}},"line":33},"5":{"name":"Helper","decl":{"start":{"line":34,"column":11},"end":{"line":34,"column":17}},"loc":{"start":{"line":34,"column":20},"end":{"line":36,"column":3}},"line":34},"6":{"name":"generateToken","decl":{"start":{"line":46,"column":20},"end":{"line":46,"column":33}},"loc":{"start":{"line":46,"column":43},"end":{"line":50,"column":5}},"line":46},"7":{"name":"verifyToken","decl":{"start":{"line":59,"column":20},"end":{"line":59,"column":31}},"loc":{"start":{"line":59,"column":39},"end":{"line":67,"column":5}},"line":59},"8":{"name":"hashPassword","decl":{"start":{"line":76,"column":20},"end":{"line":76,"column":32}},"loc":{"start":{"line":76,"column":43},"end":{"line":78,"column":5}},"line":76},"9":{"name":"verifyPassword","decl":{"start":{"line":88,"column":20},"end":{"line":88,"column":34}},"loc":{"start":{"line":88,"column":51},"end":{"line":90,"column":5}},"line":88}},"branchMap":{"0":{"loc":{"start":{"line":14,"column":46},"end":{"line":14,"column":94}},"type":"cond-expr","locations":[{"start":{"line":14,"column":70},"end":{"line":14,"column":73}},{"start":{"line":14,"column":76},"end":{"line":14,"column":94}}],"line":14},"1":{"loc":{"start":{"line":14,"column":46},"end":{"line":14,"column":67}},"type":"binary-expr","locations":[{"start":{"line":14,"column":46},"end":{"line":14,"column":49}},{"start":{"line":14,"column":53},"end":{"line":14,"column":67}}],"line":14},"2":{"loc":{"start":{"line":16,"column":50},"end":{"line":16,"column":151}},"type":"if","locations":[{"start":{"line":16,"column":50},"end":{"line":16,"column":151}},{"start":{"line":16,"column":50},"end":{"line":16,"column":151}}],"line":16},"3":{"loc":{"start":{"line":18,"column":136},"end":{"line":18,"column":166}},"type":"binary-expr","locations":[{"start":{"line":18,"column":136},"end":{"line":18,"column":157}},{"start":{"line":18,"column":161},"end":{"line":18,"column":166}}],"line":18},"4":{"loc":{"start":{"line":18,"column":200},"end":{"line":18,"column":254}},"type":"if","locations":[{"start":{"line":18,"column":200},"end":{"line":18,"column":254}},{"start":{"line":18,"column":200},"end":{"line":18,"column":254}}],"line":18},"5":{"loc":{"start":{"line":20,"column":62},"end":{"line":20,"column":131}},"type":"if","locations":[{"start":{"line":20,"column":62},"end":{"line":20,"column":131}},{"start":{"line":20,"column":62},"end":{"line":20,"column":131}}],"line":20},"6":{"loc":{"start":{"line":20,"column":132},"end":{"line":20,"column":193}},"type":"if","locations":[{"start":{"line":20,"column":132},"end":{"line":20,"column":193}},{"start":{"line":20,"column":132},"end":{"line":20,"column":193}}],"line":20}},"s":{"0":1,"1":1,"2":1,"3":1,"4":1,"5":3,"6":0,"7":0,"8":1,"9":1,"10":4,"11":4,"12":4,"13":4,"14":4,"15":4,"16":1,"17":0,"18":1,"19":1,"20":1,"21":1,"22":1,"23":1,"24":1,"25":0,"26":1,"27":2,"28":2,"29":0,"30":0,"31":0,"32":0,"33":1,"34":0,"35":1,"36":1},"f":{"0":3,"1":0,"2":1,"3":1,"4":1,"5":0,"6":2,"7":0,"8":1,"9":0},"b":{"0":[0,3],"1":[3,3],"2":[0,0],"3":[4,4],"4":[4,0],"5":[0,1],"6":[1,0]},"_coverageSchema":"43e27e138ebf9cfc5966b082cf9a028302ed4184","hash":"03bc506131f157c01d87ef216a0ec9bc8a9ea83d","contentHash":"303812fc3fbd849057a9f8ccd7c0513df57e27d88acad2096ae220b9d6e10667"},"/home/marusoft/Downloads/Auto-Mart/server/middlewares/usersValidator.js":{"path":"/home/marusoft/Downloads/Auto-Mart/server/middlewares/usersValidator.js","statementMap":{"0":{"start":{"line":3,"column":0},"end":{"line":5,"column":3}},"1":{"start":{"line":6,"column":0},"end":{"line":6,"column":28}},"2":{"start":{"line":8,"column":19},"end":{"line":8,"column":65}},"3":{"start":{"line":10,"column":19},"end":{"line":10,"column":75}},"4":{"start":{"line":12,"column":39},"end":{"line":12,"column":95}},"5":{"start":{"line":14,"column":50},"end":{"line":14,"column":151}},"6":{"start":{"line":14,"column":92},"end":{"line":14,"column":149}},"7":{"start":{"line":16,"column":44},"end":{"line":16,"column":315}},"8":{"start":{"line":16,"column":57},"end":{"line":16,"column":58}},"9":{"start":{"line":16,"column":102},"end":{"line":16,"column":110}},"10":{"start":{"line":16,"column":112},"end":{"line":16,"column":167}},"11":{"start":{"line":16,"column":168},"end":{"line":16,"column":199}},"12":{"start":{"line":16,"column":200},"end":{"line":16,"column":254}},"13":{"start":{"line":16,"column":227},"end":{"line":16,"column":254}},"14":{"start":{"line":16,"column":255},"end":{"line":16,"column":313}},"15":{"start":{"line":18,"column":62},"end":{"line":18,"column":131}},"16":{"start":{"line":18,"column":78},"end":{"line":18,"column":131}},"17":{"start":{"line":18,"column":132},"end":{"line":18,"column":193}},"18":{"start":{"line":18,"column":149},"end":{"line":18,"column":193}},"19":{"start":{"line":18,"column":194},"end":{"line":18,"column":213}},"20":{"start":{"line":25,"column":0},"end":{"line":139,"column":3}},"21":{"start":{"line":27,"column":4},"end":{"line":27,"column":43}},"22":{"start":{"line":30,"column":2},"end":{"line":136,"column":6}},"23":{"start":{"line":40,"column":22},"end":{"line":40,"column":30}},"24":{"start":{"line":41,"column":18},"end":{"line":41,"column":33}},"25":{"start":{"line":42,"column":22},"end":{"line":42,"column":41}},"26":{"start":{"line":43,"column":21},"end":{"line":43,"column":39}},"27":{"start":{"line":44,"column":21},"end":{"line":44,"column":39}},"28":{"start":{"line":45,"column":20},"end":{"line":45,"column":37}},"29":{"start":{"line":46,"column":23},"end":{"line":52,"column":7}},"30":{"start":{"line":54,"column":23},"end":{"line":54,"column":72}},"31":{"start":{"line":56,"column":6},"end":{"line":61,"column":7}},"32":{"start":{"line":57,"column":8},"end":{"line":60,"column":11}},"33":{"start":{"line":63,"column":6},"end":{"line":63,"column":41}},"34":{"start":{"line":65,"column":31},"end":{"line":67,"column":8}},"35":{"start":{"line":66,"column":8},"end":{"line":66,"column":36}},"36":{"start":{"line":69,"column":6},"end":{"line":74,"column":7}},"37":{"start":{"line":70,"column":8},"end":{"line":73,"column":11}},"38":{"start":{"line":76,"column":6},"end":{"line":76,"column":29}},"39":{"start":{"line":77,"column":6},"end":{"line":77,"column":58}},"40":{"start":{"line":78,"column":6},"end":{"line":78,"column":56}},"41":{"start":{"line":79,"column":6},"end":{"line":79,"column":42}},"42":{"start":{"line":80,"column":6},"end":{"line":80,"column":40}},"43":{"start":{"line":81,"column":6},"end":{"line":81,"column":20}},"44":{"start":{"line":93,"column":23},"end":{"line":93,"column":31}},"45":{"start":{"line":94,"column":18},"end":{"line":94,"column":34}},"46":{"start":{"line":95,"column":21},"end":{"line":95,"column":40}},"47":{"start":{"line":96,"column":23},"end":{"line":99,"column":7}},"48":{"start":{"line":101,"column":23},"end":{"line":101,"column":72}},"49":{"start":{"line":103,"column":6},"end":{"line":108,"column":7}},"50":{"start":{"line":104,"column":8},"end":{"line":107,"column":11}},"51":{"start":{"line":110,"column":6},"end":{"line":110,"column":41}},"52":{"start":{"line":112,"column":31},"end":{"line":114,"column":8}},"53":{"start":{"line":113,"column":8},"end":{"line":113,"column":36}},"54":{"start":{"line":116,"column":6},"end":{"line":121,"column":7}},"55":{"start":{"line":117,"column":8},"end":{"line":120,"column":11}},"56":{"start":{"line":123,"column":6},"end":{"line":123,"column":33}},"57":{"start":{"line":125,"column":6},"end":{"line":130,"column":7}},"58":{"start":{"line":126,"column":8},"end":{"line":129,"column":11}},"59":{"start":{"line":132,"column":6},"end":{"line":132,"column":55}},"60":{"start":{"line":133,"column":6},"end":{"line":133,"column":35}},"61":{"start":{"line":134,"column":6},"end":{"line":134,"column":20}},"62":{"start":{"line":138,"column":2},"end":{"line":138,"column":25}},"63":{"start":{"line":141,"column":15},"end":{"line":141,"column":30}},"64":{"start":{"line":142,"column":0},"end":{"line":142,"column":30}}},"fnMap":{"0":{"name":"_interopRequireDefault","decl":{"start":{"line":12,"column":9},"end":{"line":12,"column":31}},"loc":{"start":{"line":12,"column":37},"end":{"line":12,"column":97}},"line":12},"1":{"name":"_classCallCheck","decl":{"start":{"line":14,"column":9},"end":{"line":14,"column":24}},"loc":{"start":{"line":14,"column":48},"end":{"line":14,"column":153}},"line":14},"2":{"name":"_defineProperties","decl":{"start":{"line":16,"column":9},"end":{"line":16,"column":26}},"loc":{"start":{"line":16,"column":42},"end":{"line":16,"column":317}},"line":16},"3":{"name":"_createClass","decl":{"start":{"line":18,"column":9},"end":{"line":18,"column":21}},"loc":{"start":{"line":18,"column":60},"end":{"line":18,"column":215}},"line":18},"4":{"name":"(anonymous_4)","decl":{"start":{"line":25,"column":0},"end":{"line":25,"column":1}},"loc":{"start":{"line":25,"column":12},"end":{"line":139,"column":1}},"line":25},"5":{"name":"UsersValidation","decl":{"start":{"line":26,"column":11},"end":{"line":26,"column":26}},"loc":{"start":{"line":26,"column":29},"end":{"line":28,"column":3}},"line":26},"6":{"name":"ValidateUserSignUpInput","decl":{"start":{"line":39,"column":20},"end":{"line":39,"column":43}},"loc":{"start":{"line":39,"column":60},"end":{"line":82,"column":5}},"line":39},"7":{"name":"(anonymous_7)","decl":{"start":{"line":65,"column":60},"end":{"line":65,"column":61}},"loc":{"start":{"line":65,"column":76},"end":{"line":67,"column":7}},"line":65},"8":{"name":"ValidateUserSignInInput","decl":{"start":{"line":92,"column":20},"end":{"line":92,"column":43}},"loc":{"start":{"line":92,"column":60},"end":{"line":135,"column":5}},"line":92},"9":{"name":"(anonymous_9)","decl":{"start":{"line":112,"column":60},"end":{"line":112,"column":61}},"loc":{"start":{"line":112,"column":76},"end":{"line":114,"column":7}},"line":112}},"branchMap":{"0":{"loc":{"start":{"line":12,"column":46},"end":{"line":12,"column":94}},"type":"cond-expr","locations":[{"start":{"line":12,"column":70},"end":{"line":12,"column":73}},{"start":{"line":12,"column":76},"end":{"line":12,"column":94}}],"line":12},"1":{"loc":{"start":{"line":12,"column":46},"end":{"line":12,"column":67}},"type":"binary-expr","locations":[{"start":{"line":12,"column":46},"end":{"line":12,"column":49}},{"start":{"line":12,"column":53},"end":{"line":12,"column":67}}],"line":12},"2":{"loc":{"start":{"line":14,"column":50},"end":{"line":14,"column":151}},"type":"if","locations":[{"start":{"line":14,"column":50},"end":{"line":14,"column":151}},{"start":{"line":14,"column":50},"end":{"line":14,"column":151}}],"line":14},"3":{"loc":{"start":{"line":16,"column":136},"end":{"line":16,"column":166}},"type":"binary-expr","locations":[{"start":{"line":16,"column":136},"end":{"line":16,"column":157}},{"start":{"line":16,"column":161},"end":{"line":16,"column":166}}],"line":16},"4":{"loc":{"start":{"line":16,"column":200},"end":{"line":16,"column":254}},"type":"if","locations":[{"start":{"line":16,"column":200},"end":{"line":16,"column":254}},{"start":{"line":16,"column":200},"end":{"line":16,"column":254}}],"line":16},"5":{"loc":{"start":{"line":18,"column":62},"end":{"line":18,"column":131}},"type":"if","locations":[{"start":{"line":18,"column":62},"end":{"line":18,"column":131}},{"start":{"line":18,"column":62},"end":{"line":18,"column":131}}],"line":18},"6":{"loc":{"start":{"line":18,"column":132},"end":{"line":18,"column":193}},"type":"if","locations":[{"start":{"line":18,"column":132},"end":{"line":18,"column":193}},{"start":{"line":18,"column":132},"end":{"line":18,"column":193}}],"line":18},"7":{"loc":{"start":{"line":56,"column":6},"end":{"line":61,"column":7}},"type":"if","locations":[{"start":{"line":56,"column":6},"end":{"line":61,"column":7}},{"start":{"line":56,"column":6},"end":{"line":61,"column":7}}],"line":56},"8":{"loc":{"start":{"line":69,"column":6},"end":{"line":74,"column":7}},"type":"if","locations":[{"start":{"line":69,"column":6},"end":{"line":74,"column":7}},{"start":{"line":69,"column":6},"end":{"line":74,"column":7}}],"line":69},"9":{"loc":{"start":{"line":103,"column":6},"end":{"line":108,"column":7}},"type":"if","locations":[{"start":{"line":103,"column":6},"end":{"line":108,"column":7}},{"start":{"line":103,"column":6},"end":{"line":108,"column":7}}],"line":103},"10":{"loc":{"start":{"line":116,"column":6},"end":{"line":121,"column":7}},"type":"if","locations":[{"start":{"line":116,"column":6},"end":{"line":121,"column":7}},{"start":{"line":116,"column":6},"end":{"line":121,"column":7}}],"line":116},"11":{"loc":{"start":{"line":125,"column":6},"end":{"line":130,"column":7}},"type":"if","locations":[{"start":{"line":125,"column":6},"end":{"line":130,"column":7}},{"start":{"line":125,"column":6},"end":{"line":130,"column":7}}],"line":125},"12":{"loc":{"start":{"line":125,"column":10},"end":{"line":125,"column":72}},"type":"binary-expr","locations":[{"start":{"line":125,"column":10},"end":{"line":125,"column":28}},{"start":{"line":125,"column":32},"end":{"line":125,"column":72}}],"line":125}},"s":{"0":1,"1":1,"2":1,"3":1,"4":2,"5":0,"6":0,"7":1,"8":1,"9":2,"10":2,"11":2,"12":2,"13":2,"14":2,"15":1,"16":0,"17":1,"18":1,"19":1,"20":1,"21":0,"22":1,"23":14,"24":14,"25":14,"26":14,"27":14,"28":14,"29":14,"30":14,"31":14,"32":12,"33":2,"34":2,"35":11,"36":2,"37":1,"38":1,"39":1,"40":1,"41":1,"42":1,"43":1,"44":6,"45":6,"46":6,"47":6,"48":6,"49":6,"50":0,"51":6,"52":6,"53":21,"54":6,"55":3,"56":3,"57":3,"58":2,"59":1,"60":1,"61":1,"62":1,"63":1,"64":1},"f":{"0":2,"1":0,"2":1,"3":1,"4":1,"5":0,"6":14,"7":11,"8":6,"9":21},"b":{"0":[1,1],"1":[2,2],"2":[0,0],"3":[2,2],"4":[2,0],"5":[0,1],"6":[1,0],"7":[12,2],"8":[1,1],"9":[0,6],"10":[3,3],"11":[2,1],"12":[3,3]},"_coverageSchema":"43e27e138ebf9cfc5966b082cf9a028302ed4184","hash":"ca99fbd7eb7f900be9b1c90e6d6c7e800d195f9e","contentHash":"113aa6d702a00f460c906bd870b0d7c0fdfeb05c2ac468a69ff6dcaf377e5948"},"/home/marusoft/Downloads/Auto-Mart/server/routes/carRoutes.js":{"path":"/home/marusoft/Downloads/Auto-Mart/server/routes/carRoutes.js","statementMap":{"0":{"start":{"line":3,"column":0},"end":{"line":5,"column":3}},"1":{"start":{"line":6,"column":0},"end":{"line":6,"column":28}},"2":{"start":{"line":8,"column":15},"end":{"line":8,"column":57}},"3":{"start":{"line":10,"column":22},"end":{"line":10,"column":86}},"4":{"start":{"line":12,"column":22},"end":{"line":12,"column":86}},"5":{"start":{"line":14,"column":16},"end":{"line":14,"column":74}},"6":{"start":{"line":16,"column":39},"end":{"line":16,"column":95}},"7":{"start":{"line":18,"column":16},"end":{"line":18,"column":44}},"8":{"start":{"line":20,"column":0},"end":{"line":20,"column":148}},"9":{"start":{"line":21,"column":0},"end":{"line":21,"column":151}},"10":{"start":{"line":22,"column":0},"end":{"line":22,"column":162}},"11":{"start":{"line":23,"column":0},"end":{"line":23,"column":112}},"12":{"start":{"line":24,"column":0},"end":{"line":24,"column":110}},"13":{"start":{"line":25,"column":0},"end":{"line":25,"column":149}},"14":{"start":{"line":26,"column":15},"end":{"line":26,"column":24}},"15":{"start":{"line":27,"column":0},"end":{"line":27,"column":30}}},"fnMap":{"0":{"name":"_interopRequireDefault","decl":{"start":{"line":16,"column":9},"end":{"line":16,"column":31}},"loc":{"start":{"line":16,"column":37},"end":{"line":16,"column":97}},"line":16}},"branchMap":{"0":{"loc":{"start":{"line":16,"column":46},"end":{"line":16,"column":94}},"type":"cond-expr","locations":[{"start":{"line":16,"column":70},"end":{"line":16,"column":73}},{"start":{"line":16,"column":76},"end":{"line":16,"column":94}}],"line":16},"1":{"loc":{"start":{"line":16,"column":46},"end":{"line":16,"column":67}},"type":"binary-expr","locations":[{"start":{"line":16,"column":46},"end":{"line":16,"column":49}},{"start":{"line":16,"column":53},"end":{"line":16,"column":67}}],"line":16}},"s":{"0":1,"1":1,"2":1,"3":1,"4":1,"5":1,"6":4,"7":1,"8":1,"9":1,"10":1,"11":1,"12":1,"13":1,"14":1,"15":1},"f":{"0":4},"b":{"0":[3,1],"1":[4,4]},"_coverageSchema":"43e27e138ebf9cfc5966b082cf9a028302ed4184","hash":"743c623f6350f38ad2d6c85d0f28c4f08b8643e5","contentHash":"4c25a9189ebc6d46aae33c14df5b077cd37bc4473ee1501adbe2c4bc88832bd1"},"/home/marusoft/Downloads/Auto-Mart/server/controllers/carControllers.js":{"path":"/home/marusoft/Downloads/Auto-Mart/server/controllers/carControllers.js","statementMap":{"0":{"start":{"line":3,"column":0},"end":{"line":5,"column":3}},"1":{"start":{"line":6,"column":0},"end":{"line":6,"column":28}},"2":{"start":{"line":8,"column":17},"end":{"line":8,"column":71}},"3":{"start":{"line":10,"column":39},"end":{"line":10,"column":95}},"4":{"start":{"line":12,"column":35},"end":{"line":12,"column":115}},"5":{"start":{"line":14,"column":32},"end":{"line":14,"column":103}},"6":{"start":{"line":16,"column":34},"end":{"line":16,"column":160}},"7":{"start":{"line":16,"column":136},"end":{"line":16,"column":160}},"8":{"start":{"line":18,"column":35},"end":{"line":18,"column":164}},"9":{"start":{"line":18,"column":61},"end":{"line":18,"column":149}},"10":{"start":{"line":18,"column":74},"end":{"line":18,"column":75}},"11":{"start":{"line":18,"column":84},"end":{"line":18,"column":105}},"12":{"start":{"line":18,"column":130},"end":{"line":18,"column":147}},"13":{"start":{"line":18,"column":150},"end":{"line":18,"column":162}},"14":{"start":{"line":20,"column":50},"end":{"line":20,"column":151}},"15":{"start":{"line":20,"column":92},"end":{"line":20,"column":149}},"16":{"start":{"line":22,"column":44},"end":{"line":22,"column":315}},"17":{"start":{"line":22,"column":57},"end":{"line":22,"column":58}},"18":{"start":{"line":22,"column":102},"end":{"line":22,"column":110}},"19":{"start":{"line":22,"column":112},"end":{"line":22,"column":167}},"20":{"start":{"line":22,"column":168},"end":{"line":22,"column":199}},"21":{"start":{"line":22,"column":200},"end":{"line":22,"column":254}},"22":{"start":{"line":22,"column":227},"end":{"line":22,"column":254}},"23":{"start":{"line":22,"column":255},"end":{"line":22,"column":313}},"24":{"start":{"line":24,"column":62},"end":{"line":24,"column":131}},"25":{"start":{"line":24,"column":78},"end":{"line":24,"column":131}},"26":{"start":{"line":24,"column":132},"end":{"line":24,"column":193}},"27":{"start":{"line":24,"column":149},"end":{"line":24,"column":193}},"28":{"start":{"line":24,"column":194},"end":{"line":24,"column":213}},"29":{"start":{"line":31,"column":0},"end":{"line":352,"column":3}},"30":{"start":{"line":33,"column":4},"end":{"line":33,"column":32}},"31":{"start":{"line":36,"column":2},"end":{"line":349,"column":6}},"32":{"start":{"line":46,"column":22},"end":{"line":46,"column":30}},"33":{"start":{"line":47,"column":29},"end":{"line":47,"column":45}},"34":{"start":{"line":48,"column":19},"end":{"line":48,"column":79}},"35":{"start":{"line":49,"column":28},"end":{"line":49,"column":43}},"36":{"start":{"line":50,"column":18},"end":{"line":50,"column":70}},"37":{"start":{"line":51,"column":18},"end":{"line":51,"column":33}},"38":{"start":{"line":52,"column":25},"end":{"line":52,"column":47}},"39":{"start":{"line":53,"column":18},"end":{"line":53,"column":33}},"40":{"start":{"line":54,"column":21},"end":{"line":54,"column":39}},"41":{"start":{"line":55,"column":24},"end":{"line":55,"column":45}},"42":{"start":{"line":56,"column":15},"end":{"line":56,"column":77}},"43":{"start":{"line":57,"column":18},"end":{"line":57,"column":29}},"44":{"start":{"line":58,"column":22},"end":{"line":58,"column":32}},"45":{"start":{"line":59,"column":28},"end":{"line":70,"column":7}},"46":{"start":{"line":72,"column":6},"end":{"line":72,"column":50}},"47":{"start":{"line":74,"column":6},"end":{"line":80,"column":9}},"48":{"start":{"line":92,"column":15},"end":{"line":92,"column":28}},"49":{"start":{"line":94,"column":28},"end":{"line":96,"column":8}},"50":{"start":{"line":95,"column":8},"end":{"line":95,"column":37}},"51":{"start":{"line":98,"column":6},"end":{"line":103,"column":7}},"52":{"start":{"line":99,"column":8},"end":{"line":102,"column":11}},"53":{"start":{"line":105,"column":6},"end":{"line":109,"column":9}},"54":{"start":{"line":121,"column":28},"end":{"line":121,"column":52}},"55":{"start":{"line":123,"column":6},"end":{"line":123,"column":55}},"56":{"start":{"line":125,"column":6},"end":{"line":128,"column":9}},"57":{"start":{"line":140,"column":15},"end":{"line":140,"column":36}},"58":{"start":{"line":142,"column":22},"end":{"line":144,"column":8}},"59":{"start":{"line":143,"column":8},"end":{"line":143,"column":29}},"60":{"start":{"line":146,"column":6},"end":{"line":151,"column":7}},"61":{"start":{"line":147,"column":8},"end":{"line":150,"column":11}},"62":{"start":{"line":153,"column":6},"end":{"line":158,"column":7}},"63":{"start":{"line":154,"column":8},"end":{"line":157,"column":11}},"64":{"start":{"line":160,"column":6},"end":{"line":160,"column":32}},"65":{"start":{"line":161,"column":6},"end":{"line":164,"column":9}},"66":{"start":{"line":176,"column":15},"end":{"line":176,"column":28}},"67":{"start":{"line":177,"column":18},"end":{"line":177,"column":32}},"68":{"start":{"line":179,"column":28},"end":{"line":181,"column":8}},"69":{"start":{"line":180,"column":8},"end":{"line":180,"column":43}},"70":{"start":{"line":183,"column":6},"end":{"line":188,"column":7}},"71":{"start":{"line":184,"column":8},"end":{"line":187,"column":11}},"72":{"start":{"line":190,"column":6},"end":{"line":199,"column":7}},"73":{"start":{"line":191,"column":8},"end":{"line":191,"column":29}},"74":{"start":{"line":193,"column":8},"end":{"line":198,"column":9}},"75":{"start":{"line":194,"column":10},"end":{"line":197,"column":13}},"76":{"start":{"line":201,"column":6},"end":{"line":201,"column":36}},"77":{"start":{"line":202,"column":6},"end":{"line":205,"column":9}},"78":{"start":{"line":217,"column":23},"end":{"line":217,"column":32}},"79":{"start":{"line":218,"column":19},"end":{"line":218,"column":36}},"80":{"start":{"line":219,"column":18},"end":{"line":219,"column":34}},"81":{"start":{"line":220,"column":25},"end":{"line":220,"column":48}},"82":{"start":{"line":221,"column":21},"end":{"line":221,"column":40}},"83":{"start":{"line":222,"column":21},"end":{"line":222,"column":40}},"84":{"start":{"line":223,"column":21},"end":{"line":223,"column":40}},"85":{"start":{"line":225,"column":6},"end":{"line":234,"column":7}},"86":{"start":{"line":226,"column":32},"end":{"line":228,"column":10}},"87":{"start":{"line":227,"column":10},"end":{"line":227,"column":62}},"88":{"start":{"line":230,"column":8},"end":{"line":233,"column":11}},"89":{"start":{"line":236,"column":6},"end":{"line":245,"column":7}},"90":{"start":{"line":237,"column":33},"end":{"line":239,"column":10}},"91":{"start":{"line":238,"column":10},"end":{"line":238,"column":74}},"92":{"start":{"line":241,"column":8},"end":{"line":244,"column":11}},"93":{"start":{"line":247,"column":6},"end":{"line":256,"column":7}},"94":{"start":{"line":248,"column":34},"end":{"line":250,"column":10}},"95":{"start":{"line":249,"column":10},"end":{"line":249,"column":76}},"96":{"start":{"line":252,"column":8},"end":{"line":255,"column":11}},"97":{"start":{"line":258,"column":6},"end":{"line":267,"column":7}},"98":{"start":{"line":259,"column":27},"end":{"line":261,"column":10}},"99":{"start":{"line":260,"column":10},"end":{"line":260,"column":39}},"100":{"start":{"line":263,"column":8},"end":{"line":266,"column":11}},"101":{"start":{"line":269,"column":6},"end":{"line":278,"column":7}},"102":{"start":{"line":270,"column":19},"end":{"line":272,"column":10}},"103":{"start":{"line":271,"column":10},"end":{"line":271,"column":43}},"104":{"start":{"line":274,"column":8},"end":{"line":277,"column":11}},"105":{"start":{"line":280,"column":6},"end":{"line":325,"column":7}},"106":{"start":{"line":281,"column":8},"end":{"line":281,"column":45}},"107":{"start":{"line":283,"column":8},"end":{"line":301,"column":9}},"108":{"start":{"line":284,"column":32},"end":{"line":286,"column":12}},"109":{"start":{"line":285,"column":12},"end":{"line":285,"column":41}},"110":{"start":{"line":288,"column":10},"end":{"line":293,"column":11}},"111":{"start":{"line":289,"column":12},"end":{"line":292,"column":15}},"112":{"start":{"line":295,"column":10},"end":{"line":300,"column":13}},"113":{"start":{"line":303,"column":8},"end":{"line":324,"column":9}},"114":{"start":{"line":304,"column":10},"end":{"line":304,"column":45}},"115":{"start":{"line":305,"column":10},"end":{"line":305,"column":45}},"116":{"start":{"line":307,"column":37},"end":{"line":309,"column":12}},"117":{"start":{"line":308,"column":12},"end":{"line":308,"column":107}},"118":{"start":{"line":311,"column":10},"end":{"line":316,"column":11}},"119":{"start":{"line":312,"column":12},"end":{"line":315,"column":15}},"120":{"start":{"line":318,"column":10},"end":{"line":323,"column":13}},"121":{"start":{"line":327,"column":6},"end":{"line":327,"column":13}},"122":{"start":{"line":328,"column":6},"end":{"line":331,"column":9}},"123":{"start":{"line":343,"column":6},"end":{"line":347,"column":9}},"124":{"start":{"line":351,"column":2},"end":{"line":351,"column":14}},"125":{"start":{"line":354,"column":15},"end":{"line":354,"column":19}},"126":{"start":{"line":355,"column":0},"end":{"line":355,"column":30}}},"fnMap":{"0":{"name":"_interopRequireDefault","decl":{"start":{"line":10,"column":9},"end":{"line":10,"column":31}},"loc":{"start":{"line":10,"column":37},"end":{"line":10,"column":97}},"line":10},"1":{"name":"_toConsumableArray","decl":{"start":{"line":12,"column":9},"end":{"line":12,"column":27}},"loc":{"start":{"line":12,"column":33},"end":{"line":12,"column":117}},"line":12},"2":{"name":"_nonIterableSpread","decl":{"start":{"line":14,"column":9},"end":{"line":14,"column":27}},"loc":{"start":{"line":14,"column":30},"end":{"line":14,"column":105}},"line":14},"3":{"name":"_iterableToArray","decl":{"start":{"line":16,"column":9},"end":{"line":16,"column":25}},"loc":{"start":{"line":16,"column":32},"end":{"line":16,"column":162}},"line":16},"4":{"name":"_arrayWithoutHoles","decl":{"start":{"line":18,"column":9},"end":{"line":18,"column":27}},"loc":{"start":{"line":18,"column":33},"end":{"line":18,"column":166}},"line":18},"5":{"name":"_classCallCheck","decl":{"start":{"line":20,"column":9},"end":{"line":20,"column":24}},"loc":{"start":{"line":20,"column":48},"end":{"line":20,"column":153}},"line":20},"6":{"name":"_defineProperties","decl":{"start":{"line":22,"column":9},"end":{"line":22,"column":26}},"loc":{"start":{"line":22,"column":42},"end":{"line":22,"column":317}},"line":22},"7":{"name":"_createClass","decl":{"start":{"line":24,"column":9},"end":{"line":24,"column":21}},"loc":{"start":{"line":24,"column":60},"end":{"line":24,"column":215}},"line":24},"8":{"name":"(anonymous_8)","decl":{"start":{"line":31,"column":0},"end":{"line":31,"column":1}},"loc":{"start":{"line":31,"column":12},"end":{"line":352,"column":1}},"line":31},"9":{"name":"Cars","decl":{"start":{"line":32,"column":11},"end":{"line":32,"column":15}},"loc":{"start":{"line":32,"column":18},"end":{"line":34,"column":3}},"line":32},"10":{"name":"createCarSaleAD","decl":{"start":{"line":45,"column":20},"end":{"line":45,"column":35}},"loc":{"start":{"line":45,"column":46},"end":{"line":81,"column":5}},"line":45},"11":{"name":"ViewASpecificCar","decl":{"start":{"line":91,"column":20},"end":{"line":91,"column":36}},"loc":{"start":{"line":91,"column":47},"end":{"line":110,"column":5}},"line":91},"12":{"name":"(anonymous_12)","decl":{"start":{"line":94,"column":55},"end":{"line":94,"column":56}},"loc":{"start":{"line":94,"column":70},"end":{"line":96,"column":7}},"line":94},"13":{"name":"deleteASpecificCarAD","decl":{"start":{"line":120,"column":20},"end":{"line":120,"column":40}},"loc":{"start":{"line":120,"column":51},"end":{"line":129,"column":5}},"line":120},"14":{"name":"updateCarStatus","decl":{"start":{"line":139,"column":20},"end":{"line":139,"column":35}},"loc":{"start":{"line":139,"column":46},"end":{"line":165,"column":5}},"line":139},"15":{"name":"(anonymous_15)","decl":{"start":{"line":142,"column":49},"end":{"line":142,"column":50}},"loc":{"start":{"line":142,"column":64},"end":{"line":144,"column":7}},"line":142},"16":{"name":"updateCarPrice","decl":{"start":{"line":175,"column":20},"end":{"line":175,"column":34}},"loc":{"start":{"line":175,"column":45},"end":{"line":206,"column":5}},"line":175},"17":{"name":"(anonymous_17)","decl":{"start":{"line":179,"column":55},"end":{"line":179,"column":56}},"loc":{"start":{"line":179,"column":70},"end":{"line":181,"column":7}},"line":179},"18":{"name":"ViewAllUnsoldCars","decl":{"start":{"line":216,"column":20},"end":{"line":216,"column":37}},"loc":{"start":{"line":216,"column":54},"end":{"line":332,"column":5}},"line":216},"19":{"name":"(anonymous_19)","decl":{"start":{"line":226,"column":61},"end":{"line":226,"column":62}},"loc":{"start":{"line":226,"column":76},"end":{"line":228,"column":9}},"line":226},"20":{"name":"(anonymous_20)","decl":{"start":{"line":237,"column":62},"end":{"line":237,"column":63}},"loc":{"start":{"line":237,"column":77},"end":{"line":239,"column":9}},"line":237},"21":{"name":"(anonymous_21)","decl":{"start":{"line":248,"column":63},"end":{"line":248,"column":64}},"loc":{"start":{"line":248,"column":78},"end":{"line":250,"column":9}},"line":248},"22":{"name":"(anonymous_22)","decl":{"start":{"line":259,"column":56},"end":{"line":259,"column":57}},"loc":{"start":{"line":259,"column":71},"end":{"line":261,"column":9}},"line":259},"23":{"name":"(anonymous_23)","decl":{"start":{"line":270,"column":48},"end":{"line":270,"column":49}},"loc":{"start":{"line":270,"column":63},"end":{"line":272,"column":9}},"line":270},"24":{"name":"(anonymous_24)","decl":{"start":{"line":284,"column":61},"end":{"line":284,"column":62}},"loc":{"start":{"line":284,"column":76},"end":{"line":286,"column":11}},"line":284},"25":{"name":"(anonymous_25)","decl":{"start":{"line":307,"column":66},"end":{"line":307,"column":67}},"loc":{"start":{"line":307,"column":81},"end":{"line":309,"column":11}},"line":307},"26":{"name":"ViewAllPostedADCar","decl":{"start":{"line":342,"column":20},"end":{"line":342,"column":38}},"loc":{"start":{"line":342,"column":49},"end":{"line":348,"column":5}},"line":342}},"branchMap":{"0":{"loc":{"start":{"line":10,"column":46},"end":{"line":10,"column":94}},"type":"cond-expr","locations":[{"start":{"line":10,"column":70},"end":{"line":10,"column":73}},{"start":{"line":10,"column":76},"end":{"line":10,"column":94}}],"line":10},"1":{"loc":{"start":{"line":10,"column":46},"end":{"line":10,"column":67}},"type":"binary-expr","locations":[{"start":{"line":10,"column":46},"end":{"line":10,"column":49}},{"start":{"line":10,"column":53},"end":{"line":10,"column":67}}],"line":10},"2":{"loc":{"start":{"line":12,"column":42},"end":{"line":12,"column":114}},"type":"binary-expr","locations":[{"start":{"line":12,"column":42},"end":{"line":12,"column":65}},{"start":{"line":12,"column":69},"end":{"line":12,"column":90}},{"start":{"line":12,"column":94},"end":{"line":12,"column":114}}],"line":12},"3":{"loc":{"start":{"line":16,"column":34},"end":{"line":16,"column":160}},"type":"if","locations":[{"start":{"line":16,"column":34},"end":{"line":16,"column":160}},{"start":{"line":16,"column":34},"end":{"line":16,"column":160}}],"line":16},"4":{"loc":{"start":{"line":16,"column":38},"end":{"line":16,"column":134}},"type":"binary-expr","locations":[{"start":{"line":16,"column":38},"end":{"line":16,"column":69}},{"start":{"line":16,"column":73},"end":{"line":16,"column":134}}],"line":16},"5":{"loc":{"start":{"line":18,"column":35},"end":{"line":18,"column":164}},"type":"if","locations":[{"start":{"line":18,"column":35},"end":{"line":18,"column":164}},{"start":{"line":18,"column":35},"end":{"line":18,"column":164}}],"line":18},"6":{"loc":{"start":{"line":20,"column":50},"end":{"line":20,"column":151}},"type":"if","locations":[{"start":{"line":20,"column":50},"end":{"line":20,"column":151}},{"start":{"line":20,"column":50},"end":{"line":20,"column":151}}],"line":20},"7":{"loc":{"start":{"line":22,"column":136},"end":{"line":22,"column":166}},"type":"binary-expr","locations":[{"start":{"line":22,"column":136},"end":{"line":22,"column":157}},{"start":{"line":22,"column":161},"end":{"line":22,"column":166}}],"line":22},"8":{"loc":{"start":{"line":22,"column":200},"end":{"line":22,"column":254}},"type":"if","locations":[{"start":{"line":22,"column":200},"end":{"line":22,"column":254}},{"start":{"line":22,"column":200},"end":{"line":22,"column":254}}],"line":22},"9":{"loc":{"start":{"line":24,"column":62},"end":{"line":24,"column":131}},"type":"if","locations":[{"start":{"line":24,"column":62},"end":{"line":24,"column":131}},{"start":{"line":24,"column":62},"end":{"line":24,"column":131}}],"line":24},"10":{"loc":{"start":{"line":24,"column":132},"end":{"line":24,"column":193}},"type":"if","locations":[{"start":{"line":24,"column":132},"end":{"line":24,"column":193}},{"start":{"line":24,"column":132},"end":{"line":24,"column":193}}],"line":24},"11":{"loc":{"start":{"line":48,"column":19},"end":{"line":48,"column":79}},"type":"cond-expr","locations":[{"start":{"line":48,"column":49},"end":{"line":48,"column":60}},{"start":{"line":48,"column":63},"end":{"line":48,"column":79}}],"line":48},"12":{"loc":{"start":{"line":50,"column":18},"end":{"line":50,"column":70}},"type":"cond-expr","locations":[{"start":{"line":50,"column":47},"end":{"line":50,"column":52}},{"start":{"line":50,"column":55},"end":{"line":50,"column":70}}],"line":50},"13":{"loc":{"start":{"line":98,"column":6},"end":{"line":103,"column":7}},"type":"if","locations":[{"start":{"line":98,"column":6},"end":{"line":103,"column":7}},{"start":{"line":98,"column":6},"end":{"line":103,"column":7}}],"line":98},"14":{"loc":{"start":{"line":146,"column":6},"end":{"line":151,"column":7}},"type":"if","locations":[{"start":{"line":146,"column":6},"end":{"line":151,"column":7}},{"start":{"line":146,"column":6},"end":{"line":151,"column":7}}],"line":146},"15":{"loc":{"start":{"line":153,"column":6},"end":{"line":158,"column":7}},"type":"if","locations":[{"start":{"line":153,"column":6},"end":{"line":158,"column":7}},{"start":{"line":153,"column":6},"end":{"line":158,"column":7}}],"line":153},"16":{"loc":{"start":{"line":183,"column":6},"end":{"line":188,"column":7}},"type":"if","locations":[{"start":{"line":183,"column":6},"end":{"line":188,"column":7}},{"start":{"line":183,"column":6},"end":{"line":188,"column":7}}],"line":183},"17":{"loc":{"start":{"line":190,"column":6},"end":{"line":199,"column":7}},"type":"if","locations":[{"start":{"line":190,"column":6},"end":{"line":199,"column":7}},{"start":{"line":190,"column":6},"end":{"line":199,"column":7}}],"line":190},"18":{"loc":{"start":{"line":193,"column":8},"end":{"line":198,"column":9}},"type":"if","locations":[{"start":{"line":193,"column":8},"end":{"line":198,"column":9}},{"start":{"line":193,"column":8},"end":{"line":198,"column":9}}],"line":193},"19":{"loc":{"start":{"line":225,"column":6},"end":{"line":234,"column":7}},"type":"if","locations":[{"start":{"line":225,"column":6},"end":{"line":234,"column":7}},{"start":{"line":225,"column":6},"end":{"line":234,"column":7}}],"line":225},"20":{"loc":{"start":{"line":225,"column":10},"end":{"line":225,"column":25}},"type":"binary-expr","locations":[{"start":{"line":225,"column":10},"end":{"line":225,"column":16}},{"start":{"line":225,"column":20},"end":{"line":225,"column":25}}],"line":225},"21":{"loc":{"start":{"line":227,"column":17},"end":{"line":227,"column":61}},"type":"binary-expr","locations":[{"start":{"line":227,"column":17},"end":{"line":227,"column":38}},{"start":{"line":227,"column":42},"end":{"line":227,"column":61}}],"line":227},"22":{"loc":{"start":{"line":236,"column":6},"end":{"line":245,"column":7}},"type":"if","locations":[{"start":{"line":236,"column":6}
[...]
":{"line":66,"column":6},"end":{"line":66,"column":13}},"34":{"start":{"line":70,"column":2},"end":{"line":70,"column":25}},"35":{"start":{"line":73,"column":15},"end":{"line":73,"column":30}},"36":{"start":{"line":74,"column":0},"end":{"line":74,"column":30}}},"fnMap":{"0":{"name":"_classCallCheck","decl":{"start":{"line":8,"column":9},"end":{"line":8,"column":24}},"loc":{"start":{"line":8,"column":48},"end":{"line":8,"column":153}},"line":8},"1":{"name":"_defineProperties","decl":{"start":{"line":10,"column":9},"end":{"line":10,"column":26}},"loc":{"start":{"line":10,"column":42},"end":{"line":10,"column":317}},"line":10},"2":{"name":"_createClass","decl":{"start":{"line":12,"column":9},"end":{"line":12,"column":21}},"loc":{"start":{"line":12,"column":60},"end":{"line":12,"column":215}},"line":12},"3":{"name":"(anonymous_3)","decl":{"start":{"line":20,"column":0},"end":{"line":20,"column":1}},"loc":{"start":{"line":20,"column":12},"end":{"line":71,"column":1}},"line":20},"4":{"name":"OrderValidation","decl":{"start":{"line":21,"column":11},"end":{"line":21,"column":26}},"loc":{"start":{"line":21,"column":29},"end":{"line":23,"column":3}},"line":21},"5":{"name":"validateOrdersDetails","decl":{"start":{"line":35,"column":20},"end":{"line":35,"column":41}},"loc":{"start":{"line":35,"column":58},"end":{"line":67,"column":5}},"line":35},"6":{"name":"(anonymous_6)","decl":{"start":{"line":58,"column":29},"end":{"line":58,"column":30}},"loc":{"start":{"line":58,"column":44},"end":{"line":60,"column":13}},"line":58}},"branchMap":{"0":{"loc":{"start":{"line":8,"column":50},"end":{"line":8,"column":151}},"type":"if","locations":[{"start":{"line":8,"column":50},"end":{"line":8,"column":151}},{"start":{"line":8,"column":50},"end":{"line":8,"column":151}}],"line":8},"1":{"loc":{"start":{"line":10,"column":136},"end":{"line":10,"column":166}},"type":"binary-expr","locations":[{"start":{"line":10,"column":136},"end":{"line":10,"column":157}},{"start":{"line":10,"column":161},"end":{"line":10,"column":166}}],"line":10},"2":{"loc":{"start":{"line":10,"column":200},"end":{"line":10,"column":254}},"type":"if","locations":[{"start":{"line":10,"column":200},"end":{"line":10,"column":254}},{"start":{"line":10,"column":200},"end":{"line":10,"column":254}}],"line":10},"3":{"loc":{"start":{"line":12,"column":62},"end":{"line":12,"column":131}},"type":"if","locations":[{"start":{"line":12,"column":62},"end":{"line":12,"column":131}},{"start":{"line":12,"column":62},"end":{"line":12,"column":131}}],"line":12},"4":{"loc":{"start":{"line":12,"column":132},"end":{"line":12,"column":193}},"type":"if","locations":[{"start":{"line":12,"column":132},"end":{"line":12,"column":193}},{"start":{"line":12,"column":132},"end":{"line":12,"column":193}}],"line":12},"5":{"loc":{"start":{"line":40,"column":6},"end":{"line":45,"column":7}},"type":"if","locations":[{"start":{"line":40,"column":6},"end":{"line":45,"column":7}},{"start":{"line":40,"column":6},"end":{"line":45,"column":7}}],"line":40},"6":{"loc":{"start":{"line":47,"column":6},"end":{"line":52,"column":7}},"type":"if","locations":[{"start":{"line":47,"column":6},"end":{"line":52,"column":7}},{"start":{"line":47,"column":6},"end":{"line":52,"column":7}}],"line":47},"7":{"loc":{"start":{"line":54,"column":6},"end":{"line":63,"column":7}},"type":"if","locations":[{"start":{"line":54,"column":6},"end":{"line":63,"column":7}},{"start":{"line":54,"column":6},"end":{"line":63,"column":7}}],"line":54}},"s":{"0":1,"1":1,"2":0,"3":0,"4":1,"5":1,"6":1,"7":1,"8":1,"9":1,"10":1,"11":1,"12":1,"13":0,"14":1,"15":1,"16":1,"17":1,"18":0,"19":1,"20":0,"21":0,"22":0,"23":0,"24":0,"25":0,"26":0,"27":0,"28":0,"29":0,"30":0,"31":0,"32":0,"33":0,"34":1,"35":1,"36":1},"f":{"0":0,"1":1,"2":1,"3":1,"4":0,"5":0,"6":0},"b":{"0":[0,0],"1":[1,1],"2":[1,0],"3":[0,1],"4":[1,0],"5":[0,0],"6":[0,0],"7":[0,0]},"_coverageSchema":"43e27e138ebf9cfc5966b082cf9a028302ed4184","hash":"6ea29843973fcfa2268ef70562f1a4b56532e848","contentHash":"b47eda4eebbe6e952292f0c6216c7bfd0532dad3ed0865425a9a05a276aba61d"},"/home/marusoft/Downloads/Auto-Mart/server/routes/flagRoutes.js":{"path":"/home/marusoft/Downloads/Auto-Mart/server/routes/flagRoutes.js","statementMap":{"0":{"start":{"line":3,"column":0},"end":{"line":5,"column":3}},"1":{"start":{"line":6,"column":0},"end":{"line":6,"column":28}},"2":{"start":{"line":8,"column":15},"end":{"line":8,"column":57}},"3":{"start":{"line":10,"column":22},"end":{"line":10,"column":86}},"4":{"start":{"line":12,"column":22},"end":{"line":12,"column":86}},"5":{"start":{"line":14,"column":16},"end":{"line":14,"column":74}},"6":{"start":{"line":16,"column":39},"end":{"line":16,"column":95}},"7":{"start":{"line":18,"column":17},"end":{"line":18,"column":45}},"8":{"start":{"line":20,"column":0},"end":{"line":20,"column":154}},"9":{"start":{"line":21,"column":15},"end":{"line":21,"column":25}},"10":{"start":{"line":22,"column":0},"end":{"line":22,"column":30}}},"fnMap":{"0":{"name":"_interopRequireDefault","decl":{"start":{"line":16,"column":9},"end":{"line":16,"column":31}},"loc":{"start":{"line":16,"column":37},"end":{"line":16,"column":97}},"line":16}},"branchMap":{"0":{"loc":{"start":{"line":16,"column":46},"end":{"line":16,"column":94}},"type":"cond-expr","locations":[{"start":{"line":16,"column":70},"end":{"line":16,"column":73}},{"start":{"line":16,"column":76},"end":{"line":16,"column":94}}],"line":16},"1":{"loc":{"start":{"line":16,"column":46},"end":{"line":16,"column":67}},"type":"binary-expr","locations":[{"start":{"line":16,"column":46},"end":{"line":16,"column":49}},{"start":{"line":16,"column":53},"end":{"line":16,"column":67}}],"line":16}},"s":{"0":1,"1":1,"2":1,"3":1,"4":1,"5":1,"6":4,"7":1,"8":1,"9":1,"10":1},"f":{"0":4},"b":{"0":[3,1],"1":[4,4]},"_coverageSchema":"43e27e138ebf9cfc5966b082cf9a028302ed4184","hash":"f2ef83b1e830423be07ed8d3a8ac84719c03fbcf","contentHash":"03abbb3e6a91ce1515d5a35d3cff0fbe8d7263950f93a7af09bbd5e48d214f58"},"/home/marusoft/Downloads/Auto-Mart/server/controllers/flagController.js":{"path":"/home/marusoft/Downloads/Auto-Mart/server/controllers/flagController.js","statementMap":{"0":{"start":{"line":3,"column":0},"end":{"line":5,"column":3}},"1":{"start":{"line":6,"column":0},"end":{"line":6,"column":28}},"2":{"start":{"line":8,"column":17},"end":{"line":8,"column":71}},"3":{"start":{"line":10,"column":39},"end":{"line":10,"column":95}},"4":{"start":{"line":12,"column":50},"end":{"line":12,"column":151}},"5":{"start":{"line":12,"column":92},"end":{"line":12,"column":149}},"6":{"start":{"line":14,"column":44},"end":{"line":14,"column":315}},"7":{"start":{"line":14,"column":57},"end":{"line":14,"column":58}},"8":{"start":{"line":14,"column":102},"end":{"line":14,"column":110}},"9":{"start":{"line":14,"column":112},"end":{"line":14,"column":167}},"10":{"start":{"line":14,"column":168},"end":{"line":14,"column":199}},"11":{"start":{"line":14,"column":200},"end":{"line":14,"column":254}},"12":{"start":{"line":14,"column":227},"end":{"line":14,"column":254}},"13":{"start":{"line":14,"column":255},"end":{"line":14,"column":313}},"14":{"start":{"line":16,"column":62},"end":{"line":16,"column":131}},"15":{"start":{"line":16,"column":78},"end":{"line":16,"column":131}},"16":{"start":{"line":16,"column":132},"end":{"line":16,"column":193}},"17":{"start":{"line":16,"column":149},"end":{"line":16,"column":193}},"18":{"start":{"line":16,"column":194},"end":{"line":16,"column":213}},"19":{"start":{"line":23,"column":0},"end":{"line":65,"column":3}},"20":{"start":{"line":25,"column":4},"end":{"line":25,"column":32}},"21":{"start":{"line":28,"column":2},"end":{"line":62,"column":6}},"22":{"start":{"line":38,"column":22},"end":{"line":38,"column":30}},"23":{"start":{"line":39,"column":18},"end":{"line":39,"column":33}},"24":{"start":{"line":40,"column":19},"end":{"line":40,"column":35}},"25":{"start":{"line":41,"column":24},"end":{"line":41,"column":45}},"26":{"start":{"line":42,"column":15},"end":{"line":42,"column":77}},"27":{"start":{"line":43,"column":22},"end":{"line":43,"column":32}},"28":{"start":{"line":44,"column":24},"end":{"line":50,"column":7}},"29":{"start":{"line":52,"column":6},"end":{"line":52,"column":46}},"30":{"start":{"line":54,"column":6},"end":{"line":60,"column":9}},"31":{"start":{"line":64,"column":2},"end":{"line":64,"column":14}},"32":{"start":{"line":67,"column":15},"end":{"line":67,"column":19}},"33":{"start":{"line":68,"column":0},"end":{"line":68,"column":30}}},"fnMap":{"0":{"name":"_interopRequireDefault","decl":{"start":{"line":10,"column":9},"end":{"line":10,"column":31}},"loc":{"start":{"line":10,"column":37},"end":{"line":10,"column":97}},"line":10},"1":{"name":"_classCallCheck","decl":{"start":{"line":12,"column":9},"end":{"line":12,"column":24}},"loc":{"start":{"line":12,"column":48},"end":{"line":12,"column":153}},"line":12},"2":{"name":"_defineProperties","decl":{"start":{"line":14,"column":9},"end":{"line":14,"column":26}},"loc":{"start":{"line":14,"column":42},"end":{"line":14,"column":317}},"line":14},"3":{"name":"_createClass","decl":{"start":{"line":16,"column":9},"end":{"line":16,"column":21}},"loc":{"start":{"line":16,"column":60},"end":{"line":16,"column":215}},"line":16},"4":{"name":"(anonymous_4)","decl":{"start":{"line":23,"column":0},"end":{"line":23,"column":1}},"loc":{"start":{"line":23,"column":12},"end":{"line":65,"column":1}},"line":23},"5":{"name":"Flag","decl":{"start":{"line":24,"column":11},"end":{"line":24,"column":15}},"loc":{"start":{"line":24,"column":18},"end":{"line":26,"column":3}},"line":24},"6":{"name":"flagPostedAdAsFraud","decl":{"start":{"line":37,"column":20},"end":{"line":37,"column":39}},"loc":{"start":{"line":37,"column":50},"end":{"line":61,"column":5}},"line":37}},"branchMap":{"0":{"loc":{"start":{"line":10,"column":46},"end":{"line":10,"column":94}},"type":"cond-expr","locations":[{"start":{"line":10,"column":70},"end":{"line":10,"column":73}},{"start":{"line":10,"column":76},"end":{"line":10,"column":94}}],"line":10},"1":{"loc":{"start":{"line":10,"column":46},"end":{"line":10,"column":67}},"type":"binary-expr","locations":[{"start":{"line":10,"column":46},"end":{"line":10,"column":49}},{"start":{"line":10,"column":53},"end":{"line":10,"column":67}}],"line":10},"2":{"loc":{"start":{"line":12,"column":50},"end":{"line":12,"column":151}},"type":"if","locations":[{"start":{"line":12,"column":50},"end":{"line":12,"column":151}},{"start":{"line":12,"column":50},"end":{"line":12,"column":151}}],"line":12},"3":{"loc":{"start":{"line":14,"column":136},"end":{"line":14,"column":166}},"type":"binary-expr","locations":[{"start":{"line":14,"column":136},"end":{"line":14,"column":157}},{"start":{"line":14,"column":161},"end":{"line":14,"column":166}}],"line":14},"4":{"loc":{"start":{"line":14,"column":200},"end":{"line":14,"column":254}},"type":"if","locations":[{"start":{"line":14,"column":200},"end":{"line":14,"column":254}},{"start":{"line":14,"column":200},"end":{"line":14,"column":254}}],"line":14},"5":{"loc":{"start":{"line":16,"column":62},"end":{"line":16,"column":131}},"type":"if","locations":[{"start":{"line":16,"column":62},"end":{"line":16,"column":131}},{"start":{"line":16,"column":62},"end":{"line":16,"column":131}}],"line":16},"6":{"loc":{"start":{"line":16,"column":132},"end":{"line":16,"column":193}},"type":"if","locations":[{"start":{"line":16,"column":132},"end":{"line":16,"column":193}},{"start":{"line":16,"column":132},"end":{"line":16,"column":193}}],"line":16}},"s":{"0":1,"1":1,"2":1,"3":1,"4":0,"5":0,"6":1,"7":1,"8":1,"9":1,"10":1,"11":1,"12":1,"13":1,"14":1,"15":0,"16":1,"17":1,"18":1,"19":1,"20":0,"21":1,"22":0,"23":0,"24":0,"25":0,"26":0,"27":0,"28":0,"29":0,"30":0,"31":1,"32":1,"33":1},"f":{"0":1,"1":0,"2":1,"3":1,"4":1,"5":0,"6":0},"b":{"0":[1,0],"1":[1,1],"2":[0,0],"3":[1,1],"4":[1,0],"5":[0,1],"6":[1,0]},"_coverageSchema":"43e27e138ebf9cfc5966b082cf9a028302ed4184","hash":"9f3ce1d648e7c88fd71eef88c70877eea650a298","contentHash":"97ba615fb6bb28529f1a79cae51969a881da525aa58c55b2b8828980b5568f97"},"/home/marusoft/Downloads/Auto-Mart/server/models/flagModel.js":{"path":"/home/marusoft/Downloads/Auto-Mart/server/models/flagModel.js","statementMap":{"0":{"start":{"line":3,"column":0},"end":{"line":5,"column":3}},"1":{"start":{"line":6,"column":0},"end":{"line":6,"column":28}},"2":{"start":{"line":7,"column":11},"end":{"line":25,"column":2}},"3":{"start":{"line":26,"column":15},"end":{"line":26,"column":19}},"4":{"start":{"line":27,"column":0},"end":{"line":27,"column":30}}},"fnMap":{},"branchMap":{},"s":{"0":1,"1":1,"2":1,"3":1,"4":1},"f":{},"b":{},"_coverageSchema":"43e27e138ebf9cfc5966b082cf9a028302ed4184","hash":"78486c040148e864f96d499f5cc92a929040b1a4","contentHash":"0deaecd064bb46d31d362378f93f1412fd41f88d083528d03b3d73b3d91dd90a"},"/home/marusoft/Downloads/Auto-Mart/server/middlewares/flagValidation.js":{"path":"/home/marusoft/Downloads/Auto-Mart/server/middlewares/flagValidation.js","statementMap":{"0":{"start":{"line":3,"column":0},"end":{"line":5,"column":3}},"1":{"start":{"line":6,"column":0},"end":{"line":6,"column":28}},"2":{"start":{"line":8,"column":50},"end":{"line":8,"column":151}},"3":{"start":{"line":8,"column":92},"end":{"line":8,"column":149}},"4":{"start":{"line":10,"column":44},"end":{"line":10,"column":315}},"5":{"start":{"line":10,"column":57},"end":{"line":10,"column":58}},"6":{"start":{"line":10,"column":102},"end":{"line":10,"column":110}},"7":{"start":{"line":10,"column":112},"end":{"line":10,"column":167}},"8":{"start":{"line":10,"column":168},"end":{"line":10,"column":199}},"9":{"start":{"line":10,"column":200},"end":{"line":10,"column":254}},"10":{"start":{"line":10,"column":227},"end":{"line":10,"column":254}},"11":{"start":{"line":10,"column":255},"end":{"line":10,"column":313}},"12":{"start":{"line":12,"column":62},"end":{"line":12,"column":131}},"13":{"start":{"line":12,"column":78},"end":{"line":12,"column":131}},"14":{"start":{"line":12,"column":132},"end":{"line":12,"column":193}},"15":{"start":{"line":12,"column":149},"end":{"line":12,"column":193}},"16":{"start":{"line":12,"column":194},"end":{"line":12,"column":213}},"17":{"start":{"line":20,"column":0},"end":{"line":76,"column":3}},"18":{"start":{"line":22,"column":4},"end":{"line":22,"column":42}},"19":{"start":{"line":25,"column":2},"end":{"line":73,"column":6}},"20":{"start":{"line":35,"column":22},"end":{"line":35,"column":30}},"21":{"start":{"line":36,"column":19},"end":{"line":36,"column":35}},"22":{"start":{"line":37,"column":24},"end":{"line":37,"column":45}},"23":{"start":{"line":39,"column":6},"end":{"line":43,"column":7}},"24":{"start":{"line":40,"column":8},"end":{"line":42,"column":11}},"25":{"start":{"line":45,"column":6},"end":{"line":53,"column":7}},"26":{"start":{"line":46,"column":8},"end":{"line":46,"column":31}},"27":{"start":{"line":48,"column":8},"end":{"line":52,"column":9}},"28":{"start":{"line":49,"column":10},"end":{"line":51,"column":13}},"29":{"start":{"line":55,"column":6},"end":{"line":59,"column":7}},"30":{"start":{"line":56,"column":8},"end":{"line":58,"column":11}},"31":{"start":{"line":61,"column":6},"end":{"line":69,"column":7}},"32":{"start":{"line":62,"column":8},"end":{"line":62,"column":41}},"33":{"start":{"line":64,"column":8},"end":{"line":68,"column":9}},"34":{"start":{"line":65,"column":10},"end":{"line":67,"column":13}},"35":{"start":{"line":71,"column":6},"end":{"line":71,"column":20}},"36":{"start":{"line":75,"column":2},"end":{"line":75,"column":24}},"37":{"start":{"line":78,"column":15},"end":{"line":78,"column":29}},"38":{"start":{"line":79,"column":0},"end":{"line":79,"column":30}}},"fnMap":{"0":{"name":"_classCallCheck","decl":{"start":{"line":8,"column":9},"end":{"line":8,"column":24}},"loc":{"start":{"line":8,"column":48},"end":{"line":8,"column":153}},"line":8},"1":{"name":"_defineProperties","decl":{"start":{"line":10,"column":9},"end":{"line":10,"column":26}},"loc":{"start":{"line":10,"column":42},"end":{"line":10,"column":317}},"line":10},"2":{"name":"_createClass","decl":{"start":{"line":12,"column":9},"end":{"line":12,"column":21}},"loc":{"start":{"line":12,"column":60},"end":{"line":12,"column":215}},"line":12},"3":{"name":"(anonymous_3)","decl":{"start":{"line":20,"column":0},"end":{"line":20,"column":1}},"loc":{"start":{"line":20,"column":12},"end":{"line":76,"column":1}},"line":20},"4":{"name":"FlagValidation","decl":{"start":{"line":21,"column":11},"end":{"line":21,"column":25}},"loc":{"start":{"line":21,"column":28},"end":{"line":23,"column":3}},"line":21},"5":{"name":"validateFlagDetails","decl":{"start":{"line":34,"column":20},"end":{"line":34,"column":39}},"loc":{"start":{"line":34,"column":56},"end":{"line":72,"column":5}},"line":34}},"branchMap":{"0":{"loc":{"start":{"line":8,"column":50},"end":{"line":8,"column":151}},"type":"if","locations":[{"start":{"line":8,"column":50},"end":{"line":8,"column":151}},{"start":{"line":8,"column":50},"end":{"line":8,"column":151}}],"line":8},"1":{"loc":{"start":{"line":10,"column":136},"end":{"line":10,"column":166}},"type":"binary-expr","locations":[{"start":{"line":10,"column":136},"end":{"line":10,"column":157}},{"start":{"line":10,"column":161},"end":{"line":10,"column":166}}],"line":10},"2":{"loc":{"start":{"line":10,"column":200},"end":{"line":10,"column":254}},"type":"if","locations":[{"start":{"line":10,"column":200},"end":{"line":10,"column":254}},{"start":{"line":10,"column":200},"end":{"line":10,"column":254}}],"line":10},"3":{"loc":{"start":{"line":12,"column":62},"end":{"line":12,"column":131}},"type":"if","locations":[{"start":{"line":12,"column":62},"end":{"line":12,"column":131}},{"start":{"line":12,"column":62},"end":{"line":12,"column":131}}],"line":12},"4":{"loc":{"start":{"line":12,"column":132},"end":{"line":12,"column":193}},"type":"if","locations":[{"start":{"line":12,"column":132},"end":{"line":12,"column":193}},{"start":{"line":12,"column":132},"end":{"line":12,"column":193}}],"line":12},"5":{"loc":{"start":{"line":39,"column":6},"end":{"line":43,"column":7}},"type":"if","locations":[{"start":{"line":39,"column":6},"end":{"line":43,"column":7}},{"start":{"line":39,"column":6},"end":{"line":43,"column":7}}],"line":39},"6":{"loc":{"start":{"line":45,"column":6},"end":{"line":53,"column":7}},"type":"if","locations":[{"start":{"line":45,"column":6},"end":{"line":53,"column":7}},{"start":{"line":45,"column":6},"end":{"line":53,"column":7}}],"line":45},"7":{"loc":{"start":{"line":48,"column":8},"end":{"line":52,"column":9}},"type":"if","locations":[{"start":{"line":48,"column":8},"end":{"line":52,"column":9}},{"start":{"line":48,"column":8},"end":{"line":52,"column":9}}],"line":48},"8":{"loc":{"start":{"line":55,"column":6},"end":{"line":59,"column":7}},"type":"if","locations":[{"start":{"line":55,"column":6},"end":{"line":59,"column":7}},{"start":{"line":55,"column":6},"end":{"line":59,"column":7}}],"line":55},"9":{"loc":{"start":{"line":61,"column":6},"end":{"line":69,"column":7}},"type":"if","locations":[{"start":{"line":61,"column":6},"end":{"line":69,"column":7}},{"start":{"line":61,"column":6},"end":{"line":69,"column":7}}],"line":61},"10":{"loc":{"start":{"line":64,"column":8},"end":{"line":68,"column":9}},"type":"if","locations":[{"start":{"line":64,"column":8},"end":{"line":68,"column":9}},{"start":{"line":64,"column":8},"end":{"line":68,"column":9}}],"line":64}},"s":{"0":1,"1":1,"2":0,"3":0,"4":1,"5":1,"6":1,"7":1,"8":1,"9":1,"10":1,"11":1,"12":1,"13":0,"14":1,"15":1,"16":1,"17":1,"18":0,"19":1,"20":0,"21":0,"22":0,"23":0,"24":0,"25":0,"26":0,"27":0,"28":0,"29":0,"30":0,"31":0,"32":0,"33":0,"34":0,"35":0,"36":1,"37":1,"38":1},"f":{"0":0,"1":1,"2":1,"3":1,"4":0,"5":0},"b":{"0":[0,0],"1":[1,1],"2":[1,0],"3":[0,1],"4":[1,0],"5":[0,0],"6":[0,0],"7":[0,0],"8":[0,0],"9":[0,0],"10":[0,0]},"_coverageSchema":"43e27e138ebf9cfc5966b082cf9a028302ed4184","hash":"461475519f21e72f93ee078459c6017a0c10f21a","contentHash":"88e2b88d6f9e643970219e80afb9c50d556ce6587fa28d69e8f027a61b5eaba2"}}